Subject:\n Security ID:  S-1-5-21-3623811015-3361044348-3030082018-1013\n Account Name:  j.doe\n\nProcess Information:\n Process ID: 0x1a2c\n\nProvider Information:\n Provider ID: 0x1a2c\n Provider Name: j.doe\n\nChange Information:\n Change Type: Type 1\n\nSub-layer Information:\n Sub-layer ID: 0x1a2c\n Sub-layer Name: j.doe\n Sub-layer Type: Type 1\n\nAdditional Information:\n Weight: -","realExample":null,"realExampleNote":null,"severity":"Medium","useCases":[],"link":"https://www.ultimatewindowssecurity.com/securitylog/encyclopedia/event.aspx?eventid=5450"},{"id":5451,"log":"Security","category":"Logon/Logoff","subcategory":"IPsec Quick Mode","summary":"An IPsec Quick Mode security association was established.","minOS":"Windows Vista, Windows Server 2008","detail":"An IPsec quick mode security association was established.\n\n              Local Endpoint:\n                  Network Address:    10.20.14.55\n                  Network Address mask:    10.20.14.55\n                  Port:            49771\n                  Tunnel Endpoint:        -\n\n              Remote Endpoint:\n                  Network Address:    10.20.14.55\n                  Network Address Mask:    10.20.14.55\n                  Port:            49771\n                  Private Address:        10.20.14.55\n                  Tunnel Endpoint:        -\n\n                  Protocol:        6\n                  Keying Module Name:    j.doe\n\n              Cryptographic Information:\n                  Integrity Algorithm - AH:    -\n                  Integrity Algorithm - ESP:    -\n                  Encryption Algorithm:    -\n\n              Security Association Information:\n                  Lifetime - seconds:    2:14:07 AM 6/2/2026\n                  Lifetime - data:        2:14:07 AM 6/2/2026\n                  Lifetime - packets:    2:14:07 AM 6/2/2026\n                  Mode:            -\n                  Role:            -\n                  Quick Mode Filter ID:    0x1a2c\n                  Main Mode SA ID:    0x1a2c\n                  Quick Mode SA ID:    0x1a2c\n\n              Additional Information:\n                  Inbound SPI:        -\n                  Outbound SPI:        -\n                  Virtual Interface Tunnel ID:        0x1a2c\n                  Traffic Selector ID:        0x1a2c","example":"An IPsec quick mode security association was established.\n\n              Local Endpoint:\n                  Network Address:    10.20.14.55\n                  Network Address mask:    10.20.14.55\n                  Port:            49771\n                  Tunnel Endpoint:        -\n\n              Remote Endpoint:\n                  Network Address:    10.20.14.55\n                  Network Address Mask:    10.20.14.55\n                  Port:            49771\n                  Private Address:        10.20.14.55\n                  Tunnel Endpoint:        -\n\n                  Protocol:        6\n                  Keying Module Name:    j.doe\n\n              Cryptographic Information:\n                  Integrity Algorithm - AH:    -\n                  Integrity Algorithm - ESP:    -\n                  Encryption Algorithm:    -\n\n              Security Association Information:\n                  Lifetime - seconds:    2:14:07 AM 6/2/2026\n                  Lifetime - data:        2:14:07 AM 6/2/2026\n                  Lifetime - packets:    2:14:07 AM 6/2/2026\n                  Mode:            -\n                  Role:            -\n                  Quick Mode Filter ID:    0x1a2c\n                  Main Mode SA ID:    0x1a2c\n                  Quick Mode SA ID:    0x1a2c\n\n              Additional Information:\n                  Inbound SPI:        -\n                  Outbound SPI:        -\n                  Virtual Interface Tunnel ID:        0x1a2c\n                  Traffic Selector ID:        0x1a2c","realExample":null,"realExampleNote":null,"severity":"Low","useCases":[],"link":"https://www.ultimatewindowssecurity.com/securitylog/encyclopedia/event.aspx?eventid=5451"},{"id":5452,"log":"Security","category":"Logon/Logoff","subcategory":"IPsec Quick Mode","summary":"An IPsec Quick Mode security association ended.","minOS":"Windows Vista, Windows Server 2008","detail":"An IPsec quick mode security association ended.\n\n              Local Endpoint:\n                  Network Address:    10.20.14.55\n                  Network Address mask:    10.20.14.55\n                  Port:            49771\n                  Tunnel Endpoint:        -\n\n              Remote Endpoint:\n                  Network Address:    10.20.14.55\n                  Network Address mask:    10.20.14.55\n                  Port:            49771\n                  Tunnel Endpoint:        -\n\n              Additional Information:\n                  Protocol:        6\n                  Quick Mode SA ID:    0x1a2c\n                  Virtual Interface Tunnel ID:        0x1a2c\n                  Traffic Selector ID:        0x1a2c","example":"An IPsec quick mode security association ended.\n\n              Local Endpoint:\n                  Network Address:    10.20.14.55\n                  Network Address mask:    10.20.14.55\n                  Port:            49771\n                  Tunnel Endpoint:        -\n\n              Remote Endpoint:\n                  Network Address:    10.20.14.55\n                  Network Address mask:    10.20.14.55\n                  Port:            49771\n                  Tunnel Endpoint:        -\n\n              Additional Information:\n                  Protocol:        6\n                  Quick Mode SA ID:    0x1a2c\n                  Virtual Interface Tunnel ID:        0x1a2c\n                  Traffic Selector ID:        0x1a2c","realExample":null,"realExampleNote":null,"severity":"Low","useCases":[],"link":"https://www.ultimatewindowssecurity.com/securitylog/encyclopedia/event.aspx?eventid=5452"},{"id":5453,"log":"Security","category":"Logon/Logoff","subcategory":"IPsec Main Mode","summary":"An IPsec negotiation with a remote computer failed because the IKE and AuthIP IPsec Keying Modules (IKEEXT) service is not started.","minOS":"Windows Vista, Windows Server 2008","detail":"An IPsec negotiation with a remote computer failed because the IKE and AuthIP IPsec Keying Modules (IKEEXT) service is not started.","example":"An IPsec negotiation with a remote computer failed because the IKE and AuthIP IPsec Keying Modules (IKEEXT) service is not started.","realExample":null,"realExampleNote":null,"severity":"Low","useCases":[],"link":"https://www.ultimatewindowssecurity.com/securitylog/encyclopedia/event.aspx?eventid=5453"},{"id":5456,"log":"Security","category":"Policy Change","subcategory":"Filtering Platform Policy Change","summary":"PAStore Engine applied Active Directory storage IPsec policy on the computer.","minOS":"Windows Vista, Windows Server 2008","detail":"PAStore Engine applied Active Directory storage IPsec policy on the computer.\n\nPolicy:  -","example":"PAStore Engine applied Active Directory storage IPsec policy on the computer.\n\nPolicy:  -","realExample":null,"realExampleNote":null,"severity":"Medium","useCases":[],"link":"https://www.ultimatewindowssecurity.com/securitylog/encyclopedia/event.aspx?eventid=5456"},{"id":5457,"log":"Security","category":"Policy Change","subcategory":"Filtering Platform Policy Change","summary":"PAStore Engine failed to apply Active Directory storage IPsec policy on the computer.","minOS":"Windows Vista, Windows Server 2008","detail":"PAStore Engine failed to apply Active Directory storage IPsec policy on the computer.\n\nDN:  -\nError code:  -","example":"PAStore Engine failed to apply Active Directory storage IPsec policy on the computer.\n\nDN:  -\nError code:  -","realExample":null,"realExampleNote":null,"severity":"Medium","useCases":[],"link":"https://www.ultimatewindowssecurity.com/securitylog/encyclopedia/event.aspx?eventid=5457"},{"id":5458,"log":"Security","category":"Policy Change","subcategory":"Filtering Platform Policy Change","summary":"PAStore Engine applied locally cached copy of Active Directory storage IPsec policy on the computer.","minOS":"Windows Vista, Windows Server 2008","detail":"PAStore Engine applied locally cached copy of Active Directory storage IPsec policy on the computer.\n\nPolicy:  -","example":"PAStore Engine applied locally cached copy of Active Directory storage IPsec policy on the computer.\n\nPolicy:  -","realExample":null,"realExampleNote":null,"severity":"Medium","useCases":[],"link":"https://www.ultimatewindowssecurity.com/securitylog/encyclopedia/event.aspx?eventid=5458"},{"id":5459,"log":"Security","category":"Policy Change","subcategory":"Filtering Platform Policy Change","summary":"PAStore Engine failed to apply locally cached copy of Active Directory storage IPsec policy on the computer.","minOS":"Windows Vista, Windows Server 2008","detail":"PAStore Engine failed to apply locally cached copy of Active Directory storage IPsec policy on the computer.\n\nPolicy:  -\nError Code:  -","example":"PAStore Engine failed to apply locally cached copy of Active Directory storage IPsec policy on the computer.\n\nPolicy:  -\nError Code:  -","realExample":null,"realExampleNote":null,"severity":"Medium","useCases":[],"link":"https://www.ultimatewindowssecurity.com/securitylog/encyclopedia/event.aspx?eventid=5459"},{"id":5460,"log":"Security","category":"Policy Change","subcategory":"Filtering Platform Policy Change","summary":"PAStore Engine applied local registry storage IPsec policy on the computer.","minOS":"Windows Vista, Windows Server 2008","detail":"PAStore Engine applied local registry storage IPsec policy on the computer.\n\nPolicy:  -","example":"PAStore Engine applied local registry storage IPsec policy on the computer.\n\nPolicy:  -","realExample":null,"realExampleNote":null,"severity":"Medium","useCases":[],"link":"https://www.ultimatewindowssecurity.com/securitylog/encyclopedia/event.aspx?eventid=5460"},{"id":5461,"log":"Security","category":"Policy Change","subcategory":"Filtering Platform Policy Change","summary":"PAStore Engine failed to apply local registry storage IPsec policy on the computer.","minOS":"Windows Vista, Windows Server 2008","detail":"PAStore Engine failed to apply local registry storage IPsec policy on the computer.\n\nPolicy:  -\nError Code:  -","example":"PAStore Engine failed to apply local registry storage IPsec policy on the computer.\n\nPolicy:  -\nError Code:  -","realExample":null,"realExampleNote":null,"severity":"Medium","useCases":[],"link":"https://www.ultimatewindowssecurity.com/securitylog/encyclopedia/event.aspx?eventid=5461"},{"id":5462,"log":"Security","category":"Policy Change","subcategory":"Filtering Platform Policy Change","summary":"PAStore Engine failed to apply some rules of the active IPsec policy on the computer. Use the IP Security Monitor snap-in to diagnose the problem.","minOS":"Windows Vista, Windows Server 2008","detail":"PAStore Engine failed to apply some rules of the active IPsec policy on the computer. Use the IP Security Monitor snap-in to diagnose the problem.\n\nPolicy:  -\nError Code:  -","example":"PAStore Engine failed to apply some rules of the active IPsec policy on the computer. Use the IP Security Monitor snap-in to diagnose the problem.\n\nPolicy:  -\nError Code:  -","realExample":null,"realExampleNote":null,"severity":"Medium","useCases":[],"link":"https://www.ultimatewindowssecurity.com/securitylog/encyclopedia/event.aspx?eventid=5462"},{"id":5463,"log":"Security","category":"Policy Change","subcategory":"Filtering Platform Policy Change","summary":"PAStore Engine polled for changes to the active IPsec policy and detected no changes.","minOS":"Windows Vista, Windows Server 2008","detail":"PAStore Engine polled for changes to the active IPsec policy and detected no changes.","example":"PAStore Engine polled for changes to the active IPsec policy and detected no changes.","realExample":null,"realExampleNote":null,"severity":"Medium","useCases":[],"link":"https://www.ultimatewindowssecurity.com/securitylog/encyclopedia/event.aspx?eventid=5463"},{"id":5464,"log":"Security","category":"Policy Change","subcategory":"Filtering Platform Policy Change","summary":"PAStore Engine polled for changes to the active IPsec policy, detected changes, and applied them to IPsec Services.","minOS":"Windows Vista, Windows Server 2008","detail":"PAStore Engine polled for changes to the active IPsec policy, detected changes, and applied them to IPsec Services.","example":"PAStore Engine polled for changes to the active IPsec policy, detected changes, and applied them to IPsec Services.","realExample":null,"realExampleNote":null,"severity":"Medium","useCases":[],"link":"https://www.ultimatewindowssecurity.com/securitylog/encyclopedia/event.aspx?eventid=5464"},{"id":5465,"log":"Security","category":"Policy Change","subcategory":"Filtering Platform Policy Change","summary":"PAStore Engine received a control for forced reloading of IPsec policy and processed the control successfully.","minOS":"Windows Vista, Windows Server 2008","detail":"PAStore Engine received a control for forced reloading of IPsec policy and processed the control successfully.","example":"PAStore Engine received a control for forced reloading of IPsec policy and processed the control successfully.","realExample":null,"realExampleNote":null,"severity":"Medium","useCases":[],"link":"https://www.ultimatewindowssecurity.com/securitylog/encyclopedia/event.aspx?eventid=5465"},{"id":5466,"log":"Security","category":"Policy Change","subcategory":"Filtering Platform Policy Change","summary":"PAStore Engine polled for changes to the Active Directory IPsec policy, determined that Active Directory cannot be reached, and will use the cached copy of the Active Directory IPsec policy instead. Any changes made to the Active Directory IPsec policy since the last poll could not be applied.","minOS":"Windows Vista, Windows Server 2008","detail":"PAStore Engine polled for changes to the Active Directory IPsec policy, determined that Active Directory cannot be reached, and will use the cached copy of the Active Directory IPsec policy instead. Any changes made to the Active Directory IPsec policy since the last poll could not be applied.","example":"PAStore Engine polled for changes to the Active Directory IPsec policy, determined that Active Directory cannot be reached, and will use the cached copy of the Active Directory IPsec policy instead. Any changes made to the Active Directory IPsec policy since the last poll could not be applied.","realExample":null,"realExampleNote":null,"severity":"Medium","useCases":[],"link":"https://www.ultimatewindowssecurity.com/securitylog/encyclopedia/event.aspx?eventid=5466"},{"id":5467,"log":"Security","category":"Policy Change","subcategory":"Filtering Platform Policy Change","summary":"PAStore Engine polled for changes to the Active Directory IPsec policy, determined that Active Directory can be reached, and found no changes to the policy. The cached copy of the Active Directory IPsec policy is no longer being used.","minOS":"Windows Vista, Windows Server 2008","detail":"PAStore Engine polled for changes to the Active Directory IPsec policy, determined that Active Directory can be reached, and found no changes to the policy. The cached copy of the Active Directory IPsec policy is no longer being used.","example":"PAStore Engine polled for changes to the Active Directory IPsec policy, determined that Active Directory can be reached, and found no changes to the policy. The cached copy of the Active Directory IPsec policy is no longer being used.","realExample":null,"realExampleNote":null,"severity":"Medium","useCases":[],"link":"https://www.ultimatewindowssecurity.com/securitylog/encyclopedia/event.aspx?eventid=5467"},{"id":5468,"log":"Security","category":"Policy Change","subcategory":"Filtering Platform Policy Change","summary":"PAStore Engine polled for changes to the Active Directory IPsec policy, determined that Active Directory can be reached, found changes to the policy, and applied those changes. The cached copy of the Active Directory IPsec policy is no longer being used.","minOS":"Windows Vista, Windows Server 2008","detail":"PAStore Engine polled for changes to the Active Directory IPsec policy, determined that Active Directory can be reached, found changes to the policy, and applied those changes. The cached copy of the Active Directory IPsec policy is no longer being used.","example":"PAStore Engine polled for changes to the Active Directory IPsec policy, determined that Active Directory can be reached, found changes to the policy, and applied those changes. The cached copy of the Active Directory IPsec policy is no longer being used.","realExample":null,"realExampleNote":null,"severity":"Medium","useCases":[],"link":"https://www.ultimatewindowssecurity.com/securitylog/encyclopedia/event.aspx?eventid=5468"},{"id":5471,"log":"Security","category":"Policy Change","subcategory":"Filtering Platform Policy Change","summary":"PAStore Engine loaded local storage IPsec policy on the computer.","minOS":"Windows Vista, Windows Server 2008","detail":"PAStore Engine loaded local storage IPsec policy on the computer.\n\nPolicy:  -","example":"PAStore Engine loaded local storage IPsec policy on the computer.\n\nPolicy:  -","realExample":null,"realExampleNote":null,"severity":"Medium","useCases":[],"link":"https://www.ultimatewindowssecurity.com/securitylog/encyclopedia/event.aspx?eventid=5471"},{"id":5472,"log":"Security","category":"Policy Change","subcategory":"Filtering Platform Policy Change","summary":"PAStore Engine failed to load local storage IPsec policy on the computer.","minOS":"Windows Vista, Windows Server 2008","detail":"PAStore Engine failed to load local storage IPsec policy on the computer.\n\nPolicy:  -\nError Code:  -","example":"PAStore Engine failed to load local storage IPsec policy on the computer.\n\nPolicy:  -\nError Code:  -","realExample":null,"realExampleNote":null,"severity":"Medium","useCases":[],"link":"https://www.ultimatewindowssecurity.com/securitylog/encyclopedia/event.aspx?eventid=5472"},{"id":5473,"log":"Security","category":"Policy Change","subcategory":"Filtering Platform Policy Change","summary":"PAStore Engine loaded directory storage IPsec policy on the computer.","minOS":"Windows Vista, Windows Server 2008","detail":"PAStore Engine loaded directory storage IPsec policy on the computer.\n\nPolicy:  -","example":"PAStore Engine loaded directory storage IPsec policy on the computer.\n\nPolicy:  -","realExample":null,"realExampleNote":null,"severity":"Medium","useCases":[],"link":"https://www.ultimatewindowssecurity.com/securitylog/encyclopedia/event.aspx?eventid=5473"},{"id":5474,"log":"Security","category":"Policy Change","subcategory":"Filtering Platform Policy Change","summary":"PAStore Engine failed to load directory storage IPsec policy on the computer.","minOS":"Windows Vista, Windows Server 2008","detail":"PAStore Engine failed to load directory storage IPsec policy on the computer.\n\nPolicy:  -\nError Code:  -","example":"PAStore Engine failed to load directory storage IPsec policy on the computer.\n\nPolicy:  -\nError Code:  -","realExample":null,"realExampleNote":null,"severity":"Medium","useCases":[],"link":"https://www.ultimatewindowssecurity.com/securitylog/encyclopedia/event.aspx?eventid=5474"},{"id":5477,"log":"Security","category":"Policy Change","subcategory":"Filtering Platform Policy Change","summary":"PAStore Engine failed to add quick mode filter.","minOS":"Windows Vista, Windows Server 2008","detail":"PAStore Engine failed to add quick mode filter.\n\nQuick Mode Filter:  -\nError Code:  -","example":"PAStore Engine failed to add quick mode filter.\n\nQuick Mode Filter:  -\nError Code:  -","realExample":null,"realExampleNote":null,"severity":"Medium","useCases":[],"link":"https://www.ultimatewindowssecurity.com/securitylog/encyclopedia/event.aspx?eventid=5477"},{"id":5478,"log":"Security","category":"System","subcategory":"IPsec Driver","summary":"IPsec Services has started successfully.","minOS":"Windows Vista, Windows Server 2008","detail":"IPsec Services has started successfully.","example":"IPsec Services has started successfully.","realExample":null,"realExampleNote":null,"severity":"Low","useCases":[],"link":"https://www.ultimatewindowssecurity.com/securitylog/encyclopedia/event.aspx?eventid=5478"},{"id":5479,"log":"Security","category":"System","subcategory":"IPsec Driver","summary":"IPsec Services has been shut down successfully. The shutdown of IPsec Services can put the computer at greater risk of network attack or expose the computer to potential security risks.","minOS":"Windows Vista, Windows Server 2008","detail":"IPsec Services has been shut down successfully. The shutdown of IPsec Services can put the computer at greater risk of network attack or expose the computer to potential security risks.","example":"IPsec Services has been shut down successfully. The shutdown of IPsec Services can put the computer at greater risk of network attack or expose the computer to potential security risks.","realExample":null,"realExampleNote":null,"severity":"Low","useCases":[],"link":"https://www.ultimatewindowssecurity.com/securitylog/encyclopedia/event.aspx?eventid=5479"},{"id":5480,"log":"Security","category":"System","subcategory":"IPsec Driver","summary":"IPsec Services failed to get the complete list of network interfaces on the computer. This poses a potential security risk because some of the network interfaces may not get the protection provided by the applied IPsec filters. Use the IP Security Monitor snap-in to diagnose the problem.","minOS":"Windows Vista, Windows Server 2008","detail":"IPsec Services failed to get the complete list of network interfaces on the computer. This poses a potential security risk because some of the network interfaces may not get the protection provided by the applied IPsec filters. Use the IP Security Monitor snap-in to diagnose the problem.","example":"IPsec Services failed to get the complete list of network interfaces on the computer. This poses a potential security risk because some of the network interfaces may not get the protection provided by the applied IPsec filters. Use the IP Security Monitor snap-in to diagnose the problem.","realExample":null,"realExampleNote":null,"severity":"Low","useCases":[],"link":"https://www.ultimatewindowssecurity.com/securitylog/encyclopedia/event.aspx?eventid=5480"},{"id":5483,"log":"Security","category":"System","subcategory":"IPsec Driver","summary":"IPsec Services failed to initialize RPC server. IPsec Services could not be started.","minOS":"Windows Vista, Windows Server 2008","detail":"IPsec Services failed to initialize RPC server. IPsec Services could not be started.\n\nError Code:  -","example":"IPsec Services failed to initialize RPC server. IPsec Services could not be started.\n\nError Code:  -","realExample":null,"realExampleNote":null,"severity":"Low","useCases":[],"link":"https://www.ultimatewindowssecurity.com/securitylog/encyclopedia/event.aspx?eventid=5483"},{"id":5484,"log":"Security","category":"System","subcategory":"IPsec Driver","summary":"IPsec Services has experienced a critical failure and has been shut down. The shutdown of IPsec Services can put the computer at greater risk of network attack or expose the computer to potential security risks.","minOS":"Windows Vista, Windows Server 2008","detail":"IPsec Services has experienced a critical failure and has been shut down. The shutdown of IPsec Services can put the computer at greater risk of network attack or expose the computer to potential security risks.\n\nError Code:  -","example":"IPsec Services has experienced a critical failure and has been shut down. The shutdown of IPsec Services can put the computer at greater risk of network attack or expose the computer to potential security risks.\n\nError Code:  -","realExample":null,"realExampleNote":null,"severity":"Low","useCases":[],"link":"https://www.ultimatewindowssecurity.com/securitylog/encyclopedia/event.aspx?eventid=5484"},{"id":5485,"log":"Security","category":"System","subcategory":"IPsec Driver","summary":"IPsec Services failed to process some IPsec filters on a plug-and-play event for network interfaces. This poses a potential security risk because some of the network interfaces may not get the protection provided by the applied IPsec filters. Use the IP Security Monitor snap-in to diagnose the problem.","minOS":"Windows Vista, Windows Server 2008","detail":"IPsec Services failed to process some IPsec filters on a plug-and-play event for network interfaces. This poses a potential security risk because some of the network interfaces may not get the protection provided by the applied IPsec filters. Use the IP Security Monitor snap-in to diagnose the problem.","example":"IPsec Services failed to process some IPsec filters on a plug-and-play event for network interfaces. This poses a potential security risk because some of the network interfaces may not get the protection provided by the applied IPsec filters. Use the IP Security Monitor snap-in to diagnose the problem.","realExample":null,"realExampleNote":null,"severity":"Low","useCases":[],"link":"https://www.ultimatewindowssecurity.com/securitylog/encyclopedia/event.aspx?eventid=5485"},{"id":5632,"log":"Security","category":"Logon/Logoff","subcategory":"Other Logon/Logoff Events","summary":"A request was made to authenticate to a wireless network.","minOS":"Windows Vista, Windows Server 2008","detail":"A request was made to authenticate to a wireless network.\n\n              Subject:\n                  Security ID:        S-1-5-21-3623811015-3361044348-3030082018-1013\n                  Account Name:        j.doe\n                  Account Domain:        CONTOSO\n                  Logon ID:        0x3E7B21A\n\n              Network Information:\n                  Name (SSID):        j.doe\n                  Interface GUID:        {6a1f2e3c-9b4d-4a2e-8f11-2c3d4e5f6a7b}\n                  Local MAC Address:    10.20.14.55\n                  Peer MAC Address:    10.20.14.55\n\n              Additional Information:\n                  Reason Code:        - (-)\n                  Error Code:        -\n                  EAP Reason Code:    Unknown\n                  EAP Root Cause String:    -\n                  EAP Error Code:        -\n\n\nNote: EAP Reason Code, EAP Root Cause String, and EAP Error Code data is logged only on computers running Windows Server 2008 R2 or Windows 7.","example":"A request was made to authenticate to a wireless network.\n\n              Subject:\n                  Security ID:        S-1-5-21-3623811015-3361044348-3030082018-1013\n                  Account Name:        j.doe\n                  Account Domain:        CONTOSO\n                  Logon ID:        0x3E7B21A\n\n              Network Information:\n                  Name (SSID):        j.doe\n                  Interface GUID:        {6a1f2e3c-9b4d-4a2e-8f11-2c3d4e5f6a7b}\n                  Local MAC Address:    10.20.14.55\n                  Peer MAC Address:    10.20.14.55\n\n              Additional Information:\n                  Reason Code:        - (-)\n                  Error Code:        -\n                  EAP Reason Code:    Unknown\n                  EAP Root Cause String:    -\n                  EAP Error Code:        -","realExample":null,"realExampleNote":null,"severity":"Low","useCases":[],"link":"https://www.ultimatewindowssecurity.com/securitylog/encyclopedia/event.aspx?eventid=5632"},{"id":5633,"log":"Security","category":"Logon/Logoff","subcategory":"Other Logon/Logoff Events","summary":"A request was made to authenticate to a wired network.","minOS":"Windows Vista, Windows Server 2008","detail":"A request was made to authenticate to a wired network.\n\nSubject:\n Security ID:  S-1-5-21-3623811015-3361044348-3030082018-1013\n Account Name:  j.doe\n Account Domain:  CONTOSO\n Logon ID:  0x3E7B21A\n\nInterface:\n Name:   j.doe\n\nAdditional Information\n Reason Code:  - (-)\n Error Code:  -","example":"A request was made to authenticate to a wired network.\n\nSubject:\n Security ID:  S-1-5-21-3623811015-3361044348-3030082018-1013\n Account Name:  j.doe\n Account Domain:  CONTOSO\n Logon ID:  0x3E7B21A\n\nInterface:\n Name:   j.doe\n\nAdditional Information\n Reason Code:  - (-)\n Error Code:  -","realExample":null,"realExampleNote":null,"severity":"Low","useCases":[],"link":"https://www.ultimatewindowssecurity.com/securitylog/encyclopedia/event.aspx?eventid=5633"},{"id":5712,"log":"Security","category":"Detailed Tracking","subcategory":"RPC Events","summary":"A Remote Procedure Call (RPC) was attempted.","minOS":"Windows Vista, Windows Server 2008","detail":"A Remote Procedure Call (RPC) was attempted.\n\nSubject:\n SID:   S-1-5-21-3623811015-3361044348-3030082018-1013\n Name:   j.doe\n Account Domain:  CONTOSO\n LogonId:  -\n\nProcess Information:\n PID:   -\n Name:   j.doe\n\nNetwork Information:\n Remote IP Address: 10.20.14.55\n Remote Port:  49771\n\nRPC Attributes:\n Interface UUID:  -\n Protocol Sequence: 6\n Authentication Service: -\n Authentication Level: -","example":"A Remote Procedure Call (RPC) was attempted.\n\nSubject:\n SID:   S-1-5-21-3623811015-3361044348-3030082018-1013\n Name:   j.doe\n Account Domain:  CONTOSO\n LogonId:  -\n\nProcess Information:\n PID:   -\n Name:   j.doe\n\nNetwork Information:\n Remote IP Address: 10.20.14.55\n Remote Port:  49771\n\nRPC Attributes:\n Interface UUID:  -\n Protocol Sequence: 6\n Authentication Service: -\n Authentication Level: -","realExample":null,"realExampleNote":null,"severity":"Medium","useCases":[],"link":"https://www.ultimatewindowssecurity.com/securitylog/encyclopedia/event.aspx?eventid=5712"},{"id":5888,"log":"Security","category":"Object Access","subcategory":"Other Object Access Events","summary":"An object in the COM+ Catalog was modified.","minOS":"Windows Vista, Windows Server 2008","detail":"An object in the COM+ Catalog was modified.\n\nSubject:\n Security ID:  S-1-5-21-3623811015-3361044348-3030082018-1013\n Account Name:  j.doe\n Account Domain:  CONTOSO\n Logon ID:  0x3E7B21A\n\nObject:\n COM+ Catalog Collection: -\n Object Name:   C:\\Finance\\Q3_Budget.xlsx\n Object Properties Modified: -","example":"An object in the COM+ Catalog was modified.\n\nSubject:\n Security ID:  S-1-5-21-3623811015-3361044348-3030082018-1013\n Account Name:  j.doe\n Account Domain:  CONTOSO\n Logon ID:  0x3E7B21A\n\nObject:\n COM+ Catalog Collection: -\n Object Name:   C:\\Finance\\Q3_Budget.xlsx\n Object Properties Modified: -","realExample":null,"realExampleNote":null,"severity":"Low","useCases":[],"link":"https://www.ultimatewindowssecurity.com/securitylog/encyclopedia/event.aspx?eventid=5888"},{"id":5889,"log":"Security","category":"Object Access","subcategory":"Other Object Access Events","summary":"An object was deleted from the COM+ Catalog.","minOS":"Windows Vista, Windows Server 2008","detail":"An object was deleted from the COM+ Catalog.\n\nSubject:\n Security ID:  S-1-5-21-3623811015-3361044348-3030082018-1013\n Account Name:  j.doe\n Account Domain:  CONTOSO\n Logon ID:  0x3E7B21A\n\nObject:\n COM+ Catalog Collection: -\n Object Name:   C:\\Finance\\Q3_Budget.xlsx\n Object Details:   -\nThis event occurs when an object is deleted from the COM+ catalog.","example":"An object was deleted from the COM+ Catalog.\n\nSubject:\n Security ID:  S-1-5-21-3623811015-3361044348-3030082018-1013\n Account Name:  j.doe\n Account Domain:  CONTOSO\n Logon ID:  0x3E7B21A\n\nObject:\n COM+ Catalog Collection: -\n Object Name:   C:\\Finance\\Q3_Budget.xlsx\n Object Details:   -\nThis event occurs when an object is deleted from the COM+ catalog.","realExample":null,"realExampleNote":null,"severity":"Low","useCases":[],"link":"https://www.ultimatewindowssecurity.com/securitylog/encyclopedia/event.aspx?eventid=5889"},{"id":5890,"log":"Security","category":"Object Access","subcategory":"Other Object Access Events","summary":"An object was added to the COM+ Catalog.","minOS":"Windows Vista, Windows Server 2008","detail":"An object was added to the COM+ Catalog.\n\nSubject:\n Security ID:  S-1-5-21-3623811015-3361044348-3030082018-1013\n Account Name:  j.doe\n Account Domain:  CONTOSO\n Logon ID:  0x3E7B21A\n\nObject:\n COM+ Catalog Collection: -\n Object Name:   C:\\Finance\\Q3_Budget.xlsx\n Object Details:   -","example":"An object was added to the COM+ Catalog.\n\n