Subject:\n Security ID: S-1-5-21-3623811015-3361044348-3030082018-1013\n Account Name: j.doe\n Account Domain: CONTOSO\n Logon ID: 0x3E7B21A\nShare Information:\n Share Name: \\\\FILESRV01\\Finance$\n Share Path: C:\\Windows\\Temp\\item.tmp","example":"A network share object was added.\n\nSubject:\n Security ID: S-1-5-21-3623811015-3361044348-3030082018-1013\n Account Name: j.doe\n Account Domain: CONTOSO\n Logon ID: 0x3E7B21A\nShare Information:\n Share Name: \\\\FILESRV01\\Finance$\n Share Path: C:\\Windows\\Temp\\item.tmp","realExample":null,"realExampleNote":null,"severity":"Low","useCases":[],"link":"https://www.ultimatewindowssecurity.com/securitylog/encyclopedia/event.aspx?eventid=5142"},{"id":5143,"log":"Security","category":"Object Access","subcategory":"File Share","summary":"A network share object was modified.","minOS":"Windows 7, Windows Server 2008 R2","detail":"A network share object was modified.\n\nSubject:\n Security ID: S-1-5-21-3623811015-3361044348-3030082018-1013\n Account Name: j.doe\n Account Domain: CONTOSO\n Logon ID: 0x3E7B21A\n\nShare Information:\n Object Type: File\n Share Name: \\\\FILESRV01\\Finance$\n Share Path: C:\\Windows\\Temp\\item.tmp\n Old Remark: -\n New Remark: -\n Old MaxUsers: -\n New Maxusers: -\n Old ShareFlags: 0x0\n New ShareFlags: 0x0\n Old SD: -\n New SD: -","example":"A network share object was modified.\n\nSubject:\n Security ID: S-1-5-21-3623811015-3361044348-3030082018-1013\n Account Name: j.doe\n Account Domain: CONTOSO\n Logon ID: 0x3E7B21A\n\nShare Information:\n Object Type: File\n Share Name: \\\\FILESRV01\\Finance$\n Share Path: C:\\Windows\\Temp\\item.tmp\n Old Remark: -\n New Remark: -\n Old MaxUsers: -\n New Maxusers: -\n Old ShareFlags: 0x0\n New ShareFlags: 0x0\n Old SD: -\n New SD: -","realExample":null,"realExampleNote":null,"severity":"Low","useCases":[],"link":"https://www.ultimatewindowssecurity.com/securitylog/encyclopedia/event.aspx?eventid=5143"},{"id":5144,"log":"Security","category":"Object Access","subcategory":"File Share","summary":"A network share object was deleted.","minOS":"Windows 7, Windows Server 2008 R2","detail":"A network share object was deleted.\n\nSubject:\n Security ID: S-1-5-21-3623811015-3361044348-3030082018-1013\n Account Name: j.doe\n Account Domain: CONTOSO\n Logon ID: 0x3E7B21A\n\nShare Information:\n Share Name: \\\\FILESRV01\\Finance$\n Share Path: C:\\Windows\\Temp\\item.tmp","example":"A network share object was deleted.\n\nSubject:\n Security ID: S-1-5-21-3623811015-3361044348-3030082018-1013\n Account Name: j.doe\n Account Domain: CONTOSO\n Logon ID: 0x3E7B21A\n\nShare Information:\n Share Name: \\\\FILESRV01\\Finance$\n Share Path: C:\\Windows\\Temp\\item.tmp","realExample":null,"realExampleNote":null,"severity":"Low","useCases":[],"link":"https://www.ultimatewindowssecurity.com/securitylog/encyclopedia/event.aspx?eventid=5144"},{"id":5145,"log":"Security","category":"Object Access","subcategory":"Detailed File Share","summary":"A network share object was checked to see whether the client can be granted desired access.","minOS":"Windows 7, Windows Server 2008 R2","detail":"A network share object was checked to see whether client can be granted desired access.\n\nSubject:\n Security ID: S-1-5-21-3623811015-3361044348-3030082018-1013\n Account Name: j.doe\n Account Domain: CONTOSO\n Logon ID: 0x3E7B21A\n\nNetwork Information:\n Object Type: File\n Source Address: 10.20.14.55\n Source Port: 52344\n\nShare Information:\n Share Name: \\\\FILESRV01\\Finance$\n Share Path: C:\\Windows\\Temp\\item.tmp\n Relative Target Name: Q3_Budget.xlsx\n\nAccess Request Information:\n Access Mask: 0x2\n Accesses: ReadData, WriteData\n Access Check Results: -","example":"A network share object was checked to see whether client can be granted desired access.\n\nSubject:\n Security ID: S-1-5-21-3623811015-3361044348-3030082018-1013\n Account Name: j.doe\n Account Domain: CONTOSO\n Logon ID: 0x3E7B21A\n\nNetwork Information:\n Object Type: File\n Source Address: 10.20.14.55\n Source Port: 52344\n\nShare Information:\n Share Name: \\\\FILESRV01\\Finance$\n Share Path: C:\\Windows\\Temp\\item.tmp\n Relative Target Name: Q3_Budget.xlsx\n\nAccess Request Information:\n Access Mask: 0x2\n Accesses: ReadData, WriteData \n Access Check Results: -","realExample":null,"realExampleNote":null,"severity":"High","useCases":["Removable Media & Data Exfiltration"],"link":"https://www.ultimatewindowssecurity.com/securitylog/encyclopedia/event.aspx?eventid=5145"},{"id":5146,"log":"Security","category":"Object Access","subcategory":"Filtering Platform Packet Drop","summary":"The Windows Filtering Platform has blocked a packet.","minOS":"Windows 8, Windows Server 2012","detail":"The Windows Filtering Platform has blocked a packet.\n\nNetwork Information:\n  Direction:        Outbound\n  Source Address:    10.20.14.55\n  Destination Address:    10.20.14.55\n  EtherType:        Type 1\n  VlanTag:        -\n  vSwitchId:        -\n  Source vSwitch Port:        49771\n  Destination vSwitch Port:    49771\n\nFilter Information:\n  Filter Run-Time ID:    2:14:07 AM 6/2/2026\n  Layer Name:        j.doe\n  Layer Run-Time ID:    2:14:07 AM 6/2/2026","example":"The Windows Filtering Platform has blocked a packet.\n\nNetwork Information:\n  Direction:        Outbound\n  Source Address:    10.20.14.55\n  Destination Address:    10.20.14.55\n  EtherType:        Type 1\n  VlanTag:        -\n  vSwitchId:        -\n  Source vSwitch Port:        49771\n  Destination vSwitch Port:    49771\n\nFilter Information:\n  Filter Run-Time ID:    2:14:07 AM 6/2/2026\n  Layer Name:        j.doe\n  Layer Run-Time ID:    2:14:07 AM 6/2/2026","realExample":null,"realExampleNote":null,"severity":"Low","useCases":[],"link":"https://www.ultimatewindowssecurity.com/securitylog/encyclopedia/event.aspx?eventid=5146"},{"id":5147,"log":"Security","category":"Object Access","subcategory":"Filtering Platform Packet Drop","summary":"A more restrictive Windows Filtering Platform filter has blocked a packet.","minOS":"Windows 8, Windows Server 2012","detail":"A more restrictive Windows Filtering Platform filter has blocked a packet.\n\nNetwork Information:\n  Direction:        Outbound\n  Source Address:    10.20.14.55\n  Destination Address:    10.20.14.55\n  EtherType:        Type 1\n  VlanTag:        -\n  vSwitchId:        -\n  Source vSwitch Port:        49771\n  Destination vSwitch Port:    49771\n\nFilter Information:\n  Filter Run-Time ID:    2:14:07 AM 6/2/2026\n  Layer Name:        j.doe\n  Layer Run-Time ID:    2:14:07 AM 6/2/2026","example":"A more restrictive Windows Filtering Platform filter has blocked a packet.\n\nNetwork Information:\n  Direction:        Outbound\n  Source Address:    10.20.14.55\n  Destination Address:    10.20.14.55\n  EtherType:        Type 1\n  VlanTag:        -\n  vSwitchId:        -\n  Source vSwitch Port:        49771\n  Destination vSwitch Port:    49771\n\nFilter Information:\n  Filter Run-Time ID:    2:14:07 AM 6/2/2026\n  Layer Name:        j.doe\n  Layer Run-Time ID:    2:14:07 AM 6/2/2026","realExample":null,"realExampleNote":null,"severity":"Low","useCases":[],"link":"https://www.ultimatewindowssecurity.com/securitylog/encyclopedia/event.aspx?eventid=5147"},{"id":5148,"log":"Security","category":"Object Access","subcategory":"Other Object Access Events","summary":"The Windows Filtering Platform has detected a DoS attack and entered a defensive mode; packets associated with this attack will be discarded.","minOS":"Windows 7, Windows Server 2008 R2","detail":"The Windows Filtering Platform has detected a DoS attack and entered a defensive mode; packets associated with this attack will be discarded.\n\nNetwork Information:\n Type: Type 1","example":"The Windows Filtering Platform has detected a DoS attack and entered a defensive mode; packets associated with this attack will be discarded.\n\nNetwork Information:\n Type: Type 1","realExample":null,"realExampleNote":null,"severity":"Low","useCases":[],"link":"https://www.ultimatewindowssecurity.com/securitylog/encyclopedia/event.aspx?eventid=5148"},{"id":5149,"log":"Security","category":"Object Access","subcategory":"Other Object Access Events","summary":"The DoS attack has subsided and normal processing is being resumed.","minOS":"Windows 7, Windows Server 2008 R2","detail":"The DoS attack has subsided and normal processing is being resumed.\n\nNetwork Information:\n Type:Type 1\n Packets Discarded: -\"","example":"The DoS attack has subsided and normal processing is being resumed.\n\nNetwork Information:\n Type:Type 1\n Packets Discarded: -\"","realExample":null,"realExampleNote":null,"severity":"Low","useCases":[],"link":"https://www.ultimatewindowssecurity.com/securitylog/encyclopedia/event.aspx?eventid=5149"},{"id":5150,"log":"Security","category":"Object Access","subcategory":"Filtering Platform Connection","summary":"The Windows Filtering Platform has blocked a packet.","minOS":"Windows 7, Windows Server 2008 R2","detail":"The Windows Filtering Platform has blocked a packet.\n\nNetwork Information:\n Direction: Outbound\n Source Address: 10.20.14.55\n Destination Address: 10.20.14.55\n EtherType: Type 1\n EncapMethod: -\n SnapControl: -\n SnapOui: -\n VlanTag: -\n\nFilter Information:\n Filter Run-Time ID: 2:14:07 AM 6/2/2026\n Layer Name: j.doe\n Layer Run-Time ID: 2:14:07 AM 6/2/2026","example":"The Windows Filtering Platform has blocked a packet.\n\nNetwork Information:\n Direction: Outbound\n Source Address: 10.20.14.55\n Destination Address: 10.20.14.55\n EtherType: Type 1\n EncapMethod: -\n SnapControl: -\n SnapOui: -\n VlanTag: -\n\nFilter Information:\n Filter Run-Time ID: 2:14:07 AM 6/2/2026\n Layer Name: j.doe\n Layer Run-Time ID: 2:14:07 AM 6/2/2026","realExample":null,"realExampleNote":null,"severity":"Low","useCases":[],"link":"https://www.ultimatewindowssecurity.com/securitylog/encyclopedia/event.aspx?eventid=5150"},{"id":5151,"log":"Security","category":"Object Access","subcategory":"Filtering Platform Connection","summary":"A more restrictive Windows Filtering Platform filter has blocked a packet.","minOS":"Windows 7, Windows Server 2008 R2","detail":"A more restrictive Windows Filtering Platform filter has blocked a packet.\n\nNetwork Information:\n Direction: Outbound\n Source Address:10.20.14.55\n Destination Address: 10.20.14.55\n EtherType: Type 1\n EncapMethod: -\n SnapControl: -\n SnapOui: -\n VlanTag: -\n\nFilter Information:\n Filter Run-Time ID: 2:14:07 AM 6/2/2026\n Layer Name: j.doe\n Layer Run-Time ID: 2:14:07 AM 6/2/2026","example":"A more restrictive Windows Filtering Platform filter has blocked a packet.\n\nNetwork Information:\n Direction: Outbound\n Source Address:10.20.14.55\n Destination Address: 10.20.14.55\n EtherType: Type 1 \n EncapMethod: -\n SnapControl: -\n SnapOui: -\n VlanTag: -\n\nFilter Information:\n Filter Run-Time ID: 2:14:07 AM 6/2/2026\n Layer Name: j.doe\n Layer Run-Time ID: 2:14:07 AM 6/2/2026","realExample":null,"realExampleNote":null,"severity":"Low","useCases":[],"link":"https://www.ultimatewindowssecurity.com/securitylog/encyclopedia/event.aspx?eventid=5151"},{"id":5152,"log":"Security","category":"Object Access","subcategory":"Filtering Platform Packet Drop","summary":"The Windows Filtering Platform blocked a packet.","minOS":"Windows Vista, Windows Server 2008","detail":"The Windows Filtering Platform blocked a packet.\n\nApplication Information:\n Process ID:  0x1a2c\n Application Name: C:\\Windows\\System32\\lsass.exe\n\nNetwork Information:\n Direction:  Outbound\n Source Address:  10.20.14.55\n Source Port:  52344\n Destination Address: 10.20.14.55\n Destination Port:  49771\n Protocol:  6\n\nFilter Information:\n Filter Run-Time ID: 2:14:07 AM 6/2/2026\n Layer Name:  j.doe\n Layer Run-Time ID: 2:14:07 AM 6/2/2026","example":"The Windows Filtering Platform blocked a packet.\n\nApplication Information:\n Process ID:  0x1a2c\n Application Name: C:\\Windows\\System32\\lsass.exe\n\nNetwork Information:\n Direction:  Outbound\n Source Address:  10.20.14.55\n Source Port:  52344\n Destination Address: 10.20.14.55\n Destination Port:  49771\n Protocol:  6\n\nFilter Information:\n Filter Run-Time ID: 2:14:07 AM 6/2/2026\n Layer Name:  j.doe\n Layer Run-Time ID: 2:14:07 AM 6/2/2026","realExample":null,"realExampleNote":null,"severity":"Low","useCases":[],"link":"https://www.ultimatewindowssecurity.com/securitylog/encyclopedia/event.aspx?eventid=5152"},{"id":5153,"log":"Security","category":"Object Access","subcategory":"Filtering Platform Packet Drop","summary":"A more restrictive Windows Filtering Platform filter has blocked a packet.","minOS":"Windows Vista, Windows Server 2008","detail":"A more restrictive Windows Filtering Platform filter has blocked a packet.\n\nApplication Information:\n Process ID:  0x1a2c\n Application Name: C:\\Windows\\System32\\lsass.exe\n\nNetwork Information:\n Direction:  Outbound\n Source Address:  10.20.14.55\n Source Port:  52344\n Destination Address: 10.20.14.55\n Destination Port:  49771\n Protocol:  6\n\nFilter Information:\n Filter Run-Time ID: 2:14:07 AM 6/2/2026\n Layer Name:  j.doe\n Layer Run-Time ID: 2:14:07 AM 6/2/2026","example":"A more restrictive Windows Filtering Platform filter has blocked a packet.\n\nApplication Information:\n Process ID:  0x1a2c\n Application Name: C:\\Windows\\System32\\lsass.exe\n\nNetwork Information:\n Direction:  Outbound\n Source Address:  10.20.14.55\n Source Port:  52344\n Destination Address: 10.20.14.55\n Destination Port:  49771\n Protocol:  6\n\nFilter Information:\n Filter Run-Time ID: 2:14:07 AM 6/2/2026\n Layer Name:  j.doe\n Layer Run-Time ID: 2:14:07 AM 6/2/2026","realExample":null,"realExampleNote":null,"severity":"Low","useCases":[],"link":"https://www.ultimatewindowssecurity.com/securitylog/encyclopedia/event.aspx?eventid=5153"},{"id":5154,"log":"Security","category":"Object Access","subcategory":"Filtering Platform Connection","summary":"The Windows Filtering Platform has permitted an application or service to listen on a port for incoming connections.","minOS":"Windows Vista, Windows Server 2008","detail":"The Windows Filtering Platform has permitted an application or service to listen on a port for incoming connections.\n\nApplication Information:\n Process ID:  0x1a2c\n Application Name: C:\\Windows\\System32\\lsass.exe\n\nNetwork Information:\n Source Address:  10.20.14.55\n Source Port:  52344\n Protocol:  6\n\nFilter Information:\n Filter Run-Time ID: 2:14:07 AM 6/2/2026\n Layer Name:  j.doe\n Layer Run-Time ID: 2:14:07 AM 6/2/2026","example":"The Windows Filtering Platform has permitted an application or service to listen on a port for incoming connections.\n\nApplication Information:\n Process ID:  0x1a2c\n Application Name: C:\\Windows\\System32\\lsass.exe\n\nNetwork Information:\n Source Address:  10.20.14.55\n Source Port:  52344\n Protocol:  6\n\nFilter Information:\n Filter Run-Time ID: 2:14:07 AM 6/2/2026\n Layer Name:  j.doe\n Layer Run-Time ID: 2:14:07 AM 6/2/2026","realExample":null,"realExampleNote":null,"severity":"Low","useCases":[],"link":"https://www.ultimatewindowssecurity.com/securitylog/encyclopedia/event.aspx?eventid=5154"},{"id":5155,"log":"Security","category":"Object Access","subcategory":"Filtering Platform Connection","summary":"The Windows Filtering Platform has blocked an application or service from listening on a port for incoming connections.","minOS":"Windows Vista, Windows Server 2008","detail":"The Windows Filtering Platform has blocked an application or service from listening on a port for incoming connections.\n\nApplication Information:\n Process ID:  0x1a2c\n Application Name: C:\\Windows\\System32\\lsass.exe\n\nNetwork Information:\n Source Address:  10.20.14.55\n Source Port:  52344\n Protocol:  6\n\nFilter Information:\n Filter Run-Time ID: 2:14:07 AM 6/2/2026\n Layer Name:  j.doe\n Layer Run-Time ID: 2:14:07 AM 6/2/2026","example":"The Windows Filtering Platform has blocked an application or service from listening on a port for incoming connections.\n\nApplication Information:\n Process ID:  0x1a2c\n Application Name: C:\\Windows\\System32\\lsass.exe\n\nNetwork Information:\n Source Address:  10.20.14.55\n Source Port:  52344\n Protocol:  6\n\nFilter Information:\n Filter Run-Time ID: 2:14:07 AM 6/2/2026\n Layer Name:  j.doe\n Layer Run-Time ID: 2:14:07 AM 6/2/2026","realExample":null,"realExampleNote":null,"severity":"Low","useCases":[],"link":"https://www.ultimatewindowssecurity.com/securitylog/encyclopedia/event.aspx?eventid=5155"},{"id":5156,"log":"Security","category":"Object Access","subcategory":"Filtering Platform Connection","summary":"The Windows Filtering Platform has allowed a connection.","minOS":"Windows Vista, Windows Server 2008","detail":"The Windows Filtering Platform has permitted a connection.\n\n              Application Information:\n                  Process ID:        0x1a2c\n                  Application Name:    C:\\Windows\\System32\\lsass.exe\n\n              Network Information:\n                  Direction:        Outbound\n                  Source Address:        10.20.14.55\n                  Source Port:        52344\n                  Destination Address:    10.20.14.55\n                  Destination Port:        49771\n                  Protocol:        6\n\n              Filter Information:\n                  Filter Run-Time ID:    2:14:07 AM 6/2/2026\n                  Layer Name:        j.doe\n                  Layer Run-Time ID:    2:14:07 AM 6/2/2026","example":"The Windows Filtering Platform has permitted a connection.\n\n              Application Information:\n                  Process ID:        0x1a2c\n                  Application Name:    C:\\Windows\\System32\\lsass.exe\n\n              Network Information:\n                  Direction:        Outbound\n                  Source Address:        10.20.14.55\n                  Source Port:        52344\n                  Destination Address:    10.20.14.55\n                  Destination Port:        49771\n                  Protocol:        6\n\n              Filter Information:\n                  Filter Run-Time ID:    2:14:07 AM 6/2/2026\n                  Layer Name:        j.doe\n                  Layer Run-Time ID:    2:14:07 AM 6/2/2026","realExample":null,"realExampleNote":null,"severity":"Low","useCases":[],"link":"https://www.ultimatewindowssecurity.com/securitylog/encyclopedia/event.aspx?eventid=5156"},{"id":5157,"log":"Security","category":"Object Access","subcategory":"Filtering Platform Connection","summary":"The Windows Filtering Platform has blocked a connection.","minOS":"Windows Vista, Windows Server 2008","detail":"The Windows Filtering Platform has blocked a connection.\n\n              Application Information:\n                  Process ID:        0x1a2c\n                  Application Name:    C:\\Windows\\System32\\lsass.exe\n\n              Network Information:\n                  Direction:        Outbound\n                  Source Address:        10.20.14.55\n                  Source Port:        52344\n                  Destination Address:    10.20.14.55\n                  Destination Port:        49771\n                  Protocol:        6\n\n              Filter Information:\n                  Filter Run-Time ID:    2:14:07 AM 6/2/2026\n                  Layer Name:        j.doe\n                  Layer Run-Time ID:    2:14:07 AM 6/2/2026","example":"The Windows Filtering Platform has blocked a connection.\n\n              Application Information:\n                  Process ID:        0x1a2c\n                  Application Name:    C:\\Windows\\System32\\lsass.exe\n\n              Network Information:\n                  Direction:        Outbound\n                  Source Address:        10.20.14.55\n                  Source Port:        52344\n                  Destination Address:    10.20.14.55\n                  Destination Port:        49771\n                  Protocol:        6\n\n              Filter Information:\n                  Filter Run-Time ID:    2:14:07 AM 6/2/2026\n                  Layer Name:        j.doe\n                  Layer Run-Time ID:    2:14:07 AM 6/2/2026","realExample":null,"realExampleNote":null,"severity":"Low","useCases":[],"link":"https://www.ultimatewindowssecurity.com/securitylog/encyclopedia/event.aspx?eventid=5157"},{"id":5158,"log":"Security","category":"Object Access","subcategory":"Filtering Platform Connection","summary":"The Windows Filtering Platform has permitted a bind to a local port.","minOS":"Windows Vista, Windows Server 2008","detail":"The Windows Filtering Platform has permitted a bind to a local port.\n\nApplication Information:\n Process ID:  0x1a2c\n Application Name: C:\\Windows\\System32\\lsass.exe\n\nNetwork Information:\n Source Address:  10.20.14.55\n Source Port:  52344\n Protocol:  6\n\nFilter Information:\n Filter Run-Time ID: 2:14:07 AM 6/2/2026\n Layer Name:  j.doe\n Layer Run-Time ID: 2:14:07 AM 6/2/2026","example":"The Windows Filtering Platform has permitted a bind to a local port.\n\nApplication Information:\n Process ID:  0x1a2c\n Application Name: C:\\Windows\\System32\\lsass.exe\n\nNetwork Information:\n Source Address:  10.20.14.55\n Source Port:  52344\n Protocol:  6\n\nFilter Information:\n Filter Run-Time ID: 2:14:07 AM 6/2/2026\n Layer Name:  j.doe\n Layer Run-Time ID: 2:14:07 AM 6/2/2026","realExample":null,"realExampleNote":null,"severity":"Low","useCases":[],"link":"https://www.ultimatewindowssecurity.com/securitylog/encyclopedia/event.aspx?eventid=5158"},{"id":5159,"log":"Security","category":"Object Access","subcategory":"Filtering Platform Connection","summary":"The Windows Filtering Platform has blocked a bind to a local port.","minOS":"Windows Vista, Windows Server 2008","detail":"The Windows Filtering Platform has blocked a bind to a local port.\n\nApplication Information:\n Process ID:  0x1a2c\n Application Name: C:\\Windows\\System32\\lsass.exe\n\nNetwork Information:\n Source Address:  10.20.14.55\n Source Port:  52344\n Protocol:  6\n\nFilter Information:\n Filter Run-Time ID: 2:14:07 AM 6/2/2026\n Layer Name:  j.doe\n Layer Run-Time ID: 2:14:07 AM 6/2/2026","example":"The Windows Filtering Platform has blocked a bind to a local port.\n\nApplication Information:\n Process ID:  0x1a2c\n Application Name: C:\\Windows\\System32\\lsass.exe\n\nNetwork Information:\n Source Address:  10.20.14.55\n Source Port:  52344\n Protocol:  6\n\nFilter Information:\n Filter Run-Time ID: 2:14:07 AM 6/2/2026\n Layer Name:  j.doe\n Layer Run-Time ID: 2:14:07 AM 6/2/2026","realExample":null,"realExampleNote":null,"severity":"Low","useCases":[],"link":"https://www.ultimatewindowssecurity.com/securitylog/encyclopedia/event.aspx?eventid=5159"},{"id":5168,"log":"Security","category":"Object Access","subcategory":"File Share","summary":"Spn check for SMB/SMB2 failed.","minOS":"Windows 7, Windows Server 2008 R2","detail":"SPN check for SMB/SMB2 fails.\n\nSubject\n Security ID: S-1-5-21-3623811015-3361044348-3030082018-1013\n Account Name: j.doe\n Account Domain: CONTOSO\n Logon ID: 0x3E7B21A\n\nSPN:\n SPN Name: j.doe\n Error Code: -\n\nServer Information:\n Server Names: j.doe\n Configured Names -\n IP Addresses: 10.20.14.55","example":"SPN check for SMB/SMB2 fails.\n\nSubject\n Security ID: S-1-5-21-3623811015-3361044348-3030082018-1013\n Account Name: j.doe\n Account Domain: CONTOSO\n Logon ID: 0x3E7B21A\n\nSPN:\n SPN Name: j.doe\n Error Code: -\n\nServer Information:\n Server Names: j.doe\n Configured Names -\n IP Addresses: 10.20.14.55","realExample":null,"realExampleNote":null,"severity":"Low","useCases":[],"link":"https://www.ultimatewindowssecurity.com/securitylog/encyclopedia/event.aspx?eventid=5168"},{"id":5169,"log":"Security","category":"DS Access","subcategory":"Directory Service Access","summary":"A directory service object was modified.","minOS":"Windows 10","detail":"A directory service object was modified.\n\n              Subject:\n                  Security ID:        S-1-5-21-3623811015-3361044348-3030082018-1013\n                  Account Name:        j.doe\n                  Account Domain:        CONTOSO\n                  Logon ID:        0x3E7B21A\n\n              Directory Service:\n                  Name:    j.doe\n                  Type:    Type 1\n\n              Object:\n                  DN:    -\n                  GUID:    {6a1f2e3c-9b4d-4a2e-8f11-2c3d4e5f6a7b}\n                  Class:    -\n\n              Attribute:\n                  LDAP Display Name:    j.doe\n                  Syntax (OID):    -\n                  Value:    (new value)\n                  Expiration Time:    2:14:07 AM 6/2/2026\n\n              Operation:\n                  Type:    Type 1\n                  Correlation ID:    0x1a2c\n                  Application Correlation ID:    0x1a2c","example":"A directory service object was modified.\n\n              Subject:\n                  Security ID:        S-1-5-21-3623811015-3361044348-3030082018-1013\n                  Account Name:        j.doe\n                  Account Domain:        CONTOSO\n                  Logon ID:        0x3E7B21A\n\n              Directory Service:\n                  Name:    j.doe\n                  Type:    Type 1\n\n              Object:\n                  DN:    -\n                  GUID:    {6a1f2e3c-9b4d-4a2e-8f11-2c3d4e5f6a7b}\n                  Class:    -\n\n              Attribute:\n                  LDAP Display Name:    j.doe\n                  Syntax (OID):    -\n                  Value:    (new value)\n                  Expiration Time:    2:14:07 AM 6/2/2026\n\n              Operation:\n                  Type:    Type 1\n                  Correlation ID:    0x1a2c\n                  Application Correlation ID:    0x1a2c","realExample":null,"realExampleNote":null,"severity":"Medium","useCases":[],"link":"https://www.ultimatewindowssecurity.com/securitylog/encyclopedia/event.aspx?eventid=5169"},{"id":5376,"log":"Security","category":"Account Management","subcategory":"User Account Management","summary":"Credential Manager credentials were backed up.","minOS":"Windows Vista, Windows Server 2008","detail":"Credential Manager credentials were backed up.\n\nSubject:\n Security ID:  S-1-5-21-3623811015-3361044348-3030082018-1013\n Account Name:  j.doe\n Account Domain:  CONTOSO\n Logon ID:  0x3E7B21A\n\nThis event occurs when a user backs up their own Credential Manager credentials. A user (even an Administrator) cannot back up the credentials of an account other than his own.","example":"Credential Manager credentials were backed up.\n\nSubject:\n Security ID:  S-1-5-21-3623811015-3361044348-3030082018-1013\n Account Name:  j.doe\n Account Domain:  CONTOSO\n Logon ID:  0x3E7B21A","realExample":null,"realExampleNote":null,"severity":"Medium","useCases":[],"link":"https://www.ultimatewindowssecurity.com/securitylog/encyclopedia/event.aspx?eventid=5376"},{"id":5377,"log":"Security","category":"Account Management","subcategory":"User Account Management","summary":"Credential Manager credentials were restored from a backup.","minOS":"Windows Vista, Windows Server 2008","detail":"Credential Manager credentials were restored from a backup.\n\nSubject:\n Security ID:  S-1-5-21-3623811015-3361044348-3030082018-1013\n Account Name:  j.doe\n Account Domain:  CONTOSO\n Logon ID:  0x3E7B21A\n\nThis event occurs when a user restores his Credential Manager credentials from a backup. A user (even an Administrator) cannot restore the credentials of an account other than his own.","example":"Credential Manager credentials were restored from a backup.\n\nSubject:\n Security ID:  S-1-5-21-3623811015-3361044348-3030082018-1013\n Account Name:  j.doe\n Account Domain:  CONTOSO\n Logon ID:  0x3E7B21A","realExample":null,"realExampleNote":null,"severity":"Medium","useCases":[],"link":"https://www.ultimatewindowssecurity.com/securitylog/encyclopedia/event.aspx?eventid=5377"},{"id":5378,"log":"Security","category":"Logon/Logoff","subcategory":"Other Logon/Logoff Events","summary":"The requested credentials delegation was disallowed by policy.","minOS":"Windows Vista, Windows Server 2008","detail":"The requested credentials delegation was disallowed by policy.\n\nSubject:\n Security ID:  S-1-5-21-3623811015-3361044348-3030082018-1013\n Account Name:  j.doe\n Account Domain:  CONTOSO\n Logon ID:  0x3E7B21A\n\nCredential Delegation Information:\n Security Package: -\n User's UPN: -\n Target Server: -\n Credential Type: Type 1","example":"The requested credentials delegation was disallowed by policy.\n\nSubject:\n Security ID:  S-1-5-21-3623811015-3361044348-3030082018-1013\n Account Name:  j.doe\n Account Domain:  CONTOSO\n Logon ID:  0x3E7B21A\n\nCredential Delegation Information:\n Security Package: -\n User's UPN: -\n Target Server: -\n Credential Type: Type 1","realExample":null,"realExampleNote":null,"severity":"Low","useCases":[],"link":"https://www.ultimatewindowssecurity.com/securitylog/encyclopedia/event.aspx?eventid=5378"},{"id":5440,"log":"Security","category":"Policy Change","subcategory":"Filtering Platform Policy Change","summary":"The following callout was present when the Windows Filtering Platform Base Filtering Engine started.","minOS":"Windows Vista, Windows Server 2008","detail":"The following callout was present when the Windows Filtering Platform Base Filtering Engine started.\n\nProvider Information:\n ID:  -\n Name:  j.doe\n\nCallout Information:\n ID:  -\n Name:  j.doe\n Type:  Type 1\n Run-Time ID: 2:14:07 AM 6/2/2026\n\nLayer Information:\n ID:  -\n Name:  j.doe\n Run-Time ID: 2:14:07 AM 6/2/2026","example":"The following callout was present when the Windows Filtering Platform Base Filtering Engine started.\n\nProvider Information: \n ID:  -\n Name:  j.doe\n\nCallout Information:\n ID:  -\n Name:  j.doe\n Type:  Type 1\n Run-Time ID: 2:14:07 AM 6/2/2026\n\nLayer Information:\n ID:  -\n Name:  j.doe\n Run-Time ID: 2:14:07 AM 6/2/2026","realExample":null,"realExampleNote":null,"severity":"Medium","useCases":[],"link":"https://www.ultimatewindowssecurity.com/securitylog/encyclopedia/event.aspx?eventid=5440"},{"id":5441,"log":"Security","category":"Policy Change","subcategory":"Filtering Platform Policy Change","summary":"The following filter was present when the Windows Filtering Platform Base Filtering Engine started.","minOS":"Windows Vista, Windows Server 2008","detail":"The following filter was present when the Windows Filtering Platform Base Filtering Engine started.\n\nProvider Information:\n ID:  -\n Name:  j.doe\n\nFilter Information:\n ID:  -\n Name:  j.doe\n Type:  Type 1\n Run-Time ID: 2:14:07 AM 6/2/2026\n\nLayer Information:\n ID:  -\n Name:  j.doe\n Run-Time ID: 2:14:07 AM 6/2/2026\n Weight:  -\n\nAdditional Information:\n Conditions: -\n Filter Action: -\n Callout ID: 0x1a2c\n Callout Name: j.doe","example":"The following filter was present when the Windows Filtering Platform Base Filtering Engine started.\n\nProvider Information: \n ID:  -\n Name:  j.doe\n\nFilter Information:\n ID:  -\n Name:  j.doe\n Type:  Type 1\n Run-Time ID: 2:14:07 AM 6/2/2026\n\nLayer Information:\n ID:  -\n Name:  j.doe\n Run-Time ID: 2:14:07 AM 6/2/2026\n Weight:  -\n \nAdditional Information:\n Conditions: -\n Filter Action: -\n Callout ID: 0x1a2c\n Callout Name: j.doe","realExample":null,"realExampleNote":null,"severity":"Medium","useCases":[],"link":"https://www.ultimatewindowssecurity.com/securitylog/encyclopedia/event.aspx?eventid=5441"},{"id":5442,"log":"Security","category":"Policy Change","subcategory":"Filtering Platform Policy Change","summary":"The following provider was present when the Windows Filtering Platform Base Filtering Engine started.","minOS":"Windows Vista, Windows Server 2008","detail":"The following provider was present when the Windows Filtering Platform Base Filtering Engine started.\n\nProvider ID: 0x1a2c\nProvider Name: j.doe\nProvider Type: Type 1","example":"The following provider was present when the Windows Filtering Platform Base Filtering Engine started.\n \nProvider ID: 0x1a2c\nProvider Name: j.doe\nProvider Type: Type 1","realExample":null,"realExampleNote":null,"severity":"Medium","useCases":[],"link":"https://www.ultimatewindowssecurity.com/securitylog/encyclopedia/event.aspx?eventid=5442"},{"id":5443,"log":"Security","category":"Policy Change","subcategory":"Filtering Platform Policy Change","summary":"The following provider context was present when the Windows Filtering Platform Base Filtering Engine started.","minOS":"Windows Vista, Windows Server 2008","detail":"The following provider context was present when the Windows Filtering Platform Base Filtering Engine started.\n\nProvider ID: 0x1a2c\nProvider Name: j.doe\nProvider Context ID: 0x1a2c\nProvider Context Name: j.doe\nProvider Context Type: Type 1","example":"The following provider context was present when the Windows Filtering Platform Base Filtering Engine started.\n \nProvider ID: 0x1a2c\nProvider Name: j.doe\nProvider Context ID: 0x1a2c\nProvider Context Name: j.doe\nProvider Context Type: Type 1","realExample":null,"realExampleNote":null,"severity":"Medium","useCases":[],"link":"https://www.ultimatewindowssecurity.com/securitylog/encyclopedia/event.aspx?eventid=5443"},{"id":5444,"log":"Security","category":"Policy Change","subcategory":"Filtering Platform Policy Change","summary":"The following sub-layer was present when the Windows Filtering Platform Base Filtering Engine started.","minOS":"Windows Vista, Windows Server 2008","detail":"The following sub-layer was present when the Windows Filtering Platform Base Filtering Engine started.\n\nProvider ID: 0x1a2c\nProvider Name: j.doe\nSub-layer ID: 0x1a2c\nSub-layer Name: j.doe\nSub-layer Type: Type 1\nWeight:  -","example":"The following sub-layer was present when the Windows Filtering Platform Base Filtering Engine started.\n \nProvider ID: 0x1a2c\nProvider Name: j.doe\nSub-layer ID: 0x1a2c\nSub-layer Name: j.doe\nSub-layer Type: Type 1\nWeight:  -","realExample":null,"realExampleNote":null,"severity":"Medium","useCases":[],"link":"https://www.ultimatewindowssecurity.com/securitylog/encyclopedia/event.aspx?eventid=5444"},{"id":5446,"log":"Security","category":"Policy Change","subcategory":"Filtering Platform Policy Change","summary":"A Windows Filtering Platform callout has been changed.","minOS":"Windows Vista, Windows Server 2008","detail":"A Windows Filtering Platform callout has been changed.\n\nSubject:\n Security ID:  S-1-5-21-3623811015-3361044348-3030082018-1013\n Account Name:  j.doe\n\nProcess Information:\n Process ID: 0x1a2c\n\nProvider Information:\n ID:  -\n Name:  j.doe\n\nChange Information:\n Change Type: Type 1\n\nCallout Information:\n ID:  -\n Name:  j.doe\n Type:  Type 1\n Run-Time ID: 2:14:07 AM 6/2/2026\n\nLayer Information:\n ID:  -\n Name:  j.doe\n Run-Time ID: 2:14:07 AM 6/2/2026","example":"A Windows Filtering Platform callout has been changed.\n \nSubject:\n Security ID:  S-1-5-21-3623811015-3361044348-3030082018-1013\n Account Name:  j.doe\n\nProcess Information:\n Process ID: 0x1a2c\n\nProvider Information:\n ID:  -\n Name:  j.doe\n\nChange Information:\n Change Type: Type 1\n\nCallout Information:\n ID:  -\n Name:  j.doe\n Type:  Type 1\n Run-Time ID: 2:14:07 AM 6/2/2026\n\nLayer Information:\n ID:  -\n Name:  j.doe\n Run-Time ID: 2:14:07 AM 6/2/2026","realExample":null,"realExampleNote":null,"severity":"Medium","useCases":[],"link":"https://www.ultimatewindowssecurity.com/securitylog/encyclopedia/event.aspx?eventid=5446"},{"id":5447,"log":"Security","category":"Policy Change","subcategory":"Other Policy Change Events","summary":"A Windows Filtering Platform filter has been changed.","minOS":"Windows Vista, Windows Server 2008","detail":"A Windows Filtering Platform filter has been changed.\n\nSubject:\n Security ID:  S-1-5-21-3623811015-3361044348-3030082018-1013\n Account Name:  j.doe\n\nProcess Information:\n Process ID: 0x1a2c\n\nProvider Information:\n ID:  -\n Name:  j.doe\n\nChange Information:\n Change Type: Type 1\n\nFilter Information:\n ID:  -\n Name:  j.doe\n Type:  Type 1\n Run-Time ID: 2:14:07 AM 6/2/2026\n\nLayer Information:\n ID:  -\n Name:  j.doe\n Run-Time ID: 2:14:07 AM 6/2/2026\n\nCallout Information:\n ID:  -\n Name:  j.doe\n\nAdditional Information:\n Weight: -\n Conditions: -\n Filter Action: -","example":"A Windows Filtering Platform filter has been changed.\n \nSubject:\n Security ID:  S-1-5-21-3623811015-3361044348-3030082018-1013\n Account Name:  j.doe\n\nProcess Information:\n Process ID: 0x1a2c\n\nProvider Information:\n ID:  -\n Name:  j.doe\n\nChange Information:\n Change Type: Type 1\n\nFilter Information:\n ID:  -\n Name:  j.doe\n Type:  Type 1\n Run-Time ID: 2:14:07 AM 6/2/2026\n\nLayer Information:\n ID:  -\n Name:  j.doe\n Run-Time ID: 2:14:07 AM 6/2/2026\n\nCallout Information:\n ID:  -\n Name:  j.doe\n\nAdditional Information:\n Weight: - \n Conditions: -\n Filter Action: -","realExample":null,"realExampleNote":null,"severity":"Medium","useCases":[],"link":"https://www.ultimatewindowssecurity.com/securitylog/encyclopedia/event.aspx?eventid=5447"},{"id":5448,"log":"Security","category":"Policy Change","subcategory":"Filtering Platform Policy Change","summary":"A Windows Filtering Platform provider has been changed.","minOS":"Windows Vista, Windows Server 2008","detail":"A Windows Filtering Platform provider has been changed.\n\nSubject:\n Security ID:  S-1-5-21-3623811015-3361044348-3030082018-1013\n Account Name:  j.doe\n\nProcess Information:\n Process ID: 0x1a2c\n\nChange Information:\n Change Type: Type 1\n\nProvider Information:\n ID:  -\n Name:  j.doe\n Type:  Type 1","example":"A Windows Filtering Platform provider has been changed.\n \nSubject:\n Security ID:  S-1-5-21-3623811015-3361044348-3030082018-1013\n Account Name:  j.doe\n\nProcess Information:\n Process ID: 0x1a2c\n\nChange Information:\n Change Type: Type 1\n\nProvider Information:\n ID:  -\n Name:  j.doe\n Type:  Type 1","realExample":null,"realExampleNote":null,"severity":"Medium","useCases":[],"link":"https://www.ultimatewindowssecurity.com/securitylog/encyclopedia/event.aspx?eventid=5448"},{"id":5449,"log":"Security","category":"Policy Change","subcategory":"Filtering Platform Policy Change","summary":"A Windows Filtering Platform provider context has been changed.","minOS":"Windows Vista, Windows Server 2008","detail":"A Windows Filtering Platform provider context has been changed.\n\nSubject:\n Security ID:  S-1-5-21-3623811015-3361044348-3030082018-1013\n Account Name:  j.doe\n\nProcess Information:\n Process ID: 0x1a2c\n\nProvider Information:\n Provider ID: 0x1a2c\n Provider Name: j.doe\n\nChange Information:\n Change Type: Type 1\n\nProvider Context:\n ID: -\n Name: j.doe\n Type: Type 1","example":"A Windows Filtering Platform provider context has been changed.\n \nSubject:\n Security ID:  S-1-5-21-3623811015-3361044348-3030082018-1013\n Account Name:  j.doe\n\nProcess Information:\n Process ID: 0x1a2c\n\nProvider Information:\n Provider ID: 0x1a2c\n Provider Name: j.doe\n\nChange Information:\n Change Type: Type 1\n\nProvider Context:\n ID: -\n Name: j.doe\n Type: Type 1","realExample":null,"realExampleNote":null,"severity":"Medium","useCases":[],"link":"https://www.ultimatewindowssecurity.com/securitylog/encyclopedia/event.aspx?eventid=5449"},{"id":5450,"log":"Security","category":"Policy Change","subcategory":"Filtering Platform Policy Change","summary":"A Windows Filtering Platform sub-layer has been changed.","minOS":"Windows Vista, Windows Server 2008","detail":"A Windows Filtering Platform sub-layer has been changed.\n\nSubject:\n Security ID:  S-1-5-21-3623811015-3361044348-3030082018-1013\n Account Name:  j.doe\n\nProcess Information:\n Process ID: 0x1a2c\n\nProvider Information:\n Provider ID: 0x1a2c\n Provider Name: j.doe\n\nChange Information:\n Change Type: Type 1\n\nSub-layer Information:\n Sub-layer ID: 0x1a2c\n Sub-layer Name: j.doe\n Sub-layer Type: Type 1\n\nAdditional Information:\n Weight: -","example":"A Windows Filtering Platform sub-layer has been changed.\n \n