{"events":[{"id":4608,"log":"Security","category":"System","subcategory":"Security State Change","summary":"Windows is starting up.","minOS":"Windows Vista, Windows Server 2008","detail":"Windows is starting up.\nThis event is logged when LSASS.EXE starts and the auditing subsystem is initialized.","example":"Windows is starting up.\nThis event is logged when LSASS.EXE starts and the auditing subsystem is initialized.","realExample":null,"realExampleNote":null,"severity":"High","useCases":[],"link":"https://www.ultimatewindowssecurity.com/securitylog/encyclopedia/event.aspx?eventid=4608"},{"id":4609,"log":"Security","category":"System","subcategory":"Security State Change","summary":"Windows is shutting down.","minOS":"Windows Vista, Windows Server 2008","detail":"Windows is shutting down.\nAll logon sessions will be terminated by this shutdown.","example":"Windows is shutting down.\nAll logon sessions will be terminated by this shutdown.","realExample":null,"realExampleNote":null,"severity":"High","useCases":[],"link":"https://www.ultimatewindowssecurity.com/securitylog/encyclopedia/event.aspx?eventid=4609"},{"id":4610,"log":"Security","category":"System","subcategory":"Security System Extension","summary":"An authentication package has been loaded by the Local Security Authority.","minOS":"Windows Vista, Windows Server 2008","detail":"An authentication package has been loaded by the Local Security Authority.\nThis authentication package will be used to authenticate logon attempts.\n\nAuthentication Package Name: Kerberos","example":"An authentication package has been loaded by the Local Security Authority.\nThis authentication package will be used to authenticate logon attempts.\n\nAuthentication Package Name: Kerberos","realExample":null,"realExampleNote":null,"severity":"Low","useCases":[],"link":"https://www.ultimatewindowssecurity.com/securitylog/encyclopedia/event.aspx?eventid=4610"},{"id":4611,"log":"Security","category":"System","subcategory":"Security System Extension","summary":"A trusted logon process has been registered with the Local Security Authority.","minOS":"Windows Vista, Windows Server 2008","detail":"This logon process will be trusted to submit logon requests.\n\nSubject:\n Security ID:  S-1-5-21-3623811015-3361044348-3030082018-1013\n Account Name:  j.doe\n Account Domain:  CONTOSO\n Logon ID:  0x3E7B21A\n\nLogon Process Name:  NtLmSsp","example":"This logon process will be trusted to submit logon requests.\n\nSubject:\n Security ID:  S-1-5-21-3623811015-3361044348-3030082018-1013\n Account Name:  j.doe\n Account Domain:  CONTOSO\n Logon ID:  0x3E7B21A\n\nLogon Process Name:  NtLmSsp","realExample":null,"realExampleNote":null,"severity":"Critical","useCases":[],"link":"https://www.ultimatewindowssecurity.com/securitylog/encyclopedia/event.aspx?eventid=4611"},{"id":4612,"log":"Security","category":"System","subcategory":"System Integrity","summary":"Internal resources allocated for the queuing of audit messages have been exhausted, leading to the loss of some audits.","minOS":"Windows Vista, Windows Server 2008","detail":"Internal resources allocated for the queuing of audit messages have been exhausted, leading to the loss of some audits.\n\nNumber of audit messages discarded: 14\n\nThis event is generated when audit queues are filled and events must be discarded.  This most commonly occurs when security events are being generated faster than they are being written to disk, or when the auditing system loses connectivity to the event log, such as when the event log service is stopped.","example":"Internal resources allocated for the queuing of audit messages have been exhausted, leading to the loss of some audits.\n\nNumber of audit messages discarded: 14","realExample":null,"realExampleNote":null,"severity":"High","useCases":["Log Tampering / Anti-Forensics"],"link":"https://www.ultimatewindowssecurity.com/securitylog/encyclopedia/event.aspx?eventid=4612"},{"id":4614,"log":"Security","category":"System","subcategory":"Security System Extension","summary":"A notification package has been loaded by the Security Account Manager.","minOS":"Windows Vista, Windows Server 2008","detail":"A notification package has been loaded by the Security Account Manager.\nThis package will be notified of any account or password changes.\n\nNotification Package Name: scecli","example":"A notification package has been loaded by the Security Account Manager.\nThis package will be notified of any account or password changes.\n\nNotification Package Name: scecli","realExample":null,"realExampleNote":null,"severity":"Critical","useCases":[],"link":"https://www.ultimatewindowssecurity.com/securitylog/encyclopedia/event.aspx?eventid=4614"},{"id":4615,"log":"Security","category":"System","subcategory":"System Integrity","summary":"Invalid use of LPC port.","minOS":"Windows Vista, Windows Server 2008","detail":"Invalid use of LPC port.\n\nSubject:\n Security ID:  S-1-5-21-3623811015-3361044348-3030082018-1013\n Account Name:  j.doe\n Account Domain:  CONTOSO\n Logon ID:  0x3E7B21A\n\nProcess Information:\n PID:   -\n Name:   j.doe\n\nInvalid Use:  3\n\nLPC Server Port Name: lsasspirpc\n\nWindows Local Security Authority (LSA) communicates with the Windows kernel using Local Procedure Call (LPC) ports. If you see this event, an application has inadvertently or intentionally accessed this port which is reserved exclusively for LSA's use. The application (process) should be investigated to ensure that it is not attempting to tamper with this communications channel.","example":"Invalid use of LPC port.\n\nSubject:\n Security ID:  S-1-5-21-3623811015-3361044348-3030082018-1013\n Account Name:  j.doe\n Account Domain:  CONTOSO\n Logon ID:  0x3E7B21A\n\nProcess Information:\n PID:   -\n Name:   j.doe\n\nInvalid Use:  3\n\nLPC Server Port Name: lsasspirpc\n\nWindows Local Security Authority (LSA) communicates with the Windows kernel using Local Procedure Call (LPC) ports. If you see this event, an application has inadvertently or intentionally accessed this port which is reserved exclusively for LSA's use. The application (process) should be investigated to ensure that it is not attempting to tamper with this communications channel.","realExample":null,"realExampleNote":null,"severity":"Low","useCases":[],"link":"https://www.ultimatewindowssecurity.com/securitylog/encyclopedia/event.aspx?eventid=4615"},{"id":4616,"log":"Security","category":"System","subcategory":"Security State Change","summary":"The system time was changed.","minOS":"Windows Vista, Windows Server 2008","detail":"The system time was changed.\n\nSubject:\n Security ID:  S-1-5-21-3623811015-3361044348-3030082018-1013\n Account Name:  j.doe\n Account Domain:  CONTOSO\n Logon ID:  0x3E7B21A\n\nProcess Information:\n Process ID: 0x1a2c\n Name:  j.doe\n\nPrevious Time:  - -\nNew Time:  - -\n\nThis event is generated when the system time is changed. It is normal for the Windows Time Service, which runs with System privilege, to change the system time on a regular basis. Other system time changes may be indicative of attempts to tamper with the computer.\n\nNote: Process Information audit data is available only on computers running Windows Server 2008 R2 or Windows 7.","example":"The system time was changed.\n\nSubject:\n Security ID:  S-1-5-21-3623811015-3361044348-3030082018-1013\n Account Name:  j.doe\n Account Domain:  CONTOSO\n Logon ID:  0x3E7B21A\n\nProcess Information:\n Process ID: 0x1a2c\n Name:  j.doe\n\nPrevious Time:  - -\nNew Time:  - -","realExample":null,"realExampleNote":null,"severity":"Critical","useCases":[],"link":"https://www.ultimatewindowssecurity.com/securitylog/encyclopedia/event.aspx?eventid=4616"},{"id":4618,"log":"Security","category":"System","subcategory":"System Integrity","summary":"A monitored security event pattern has occurred.","minOS":"Windows Vista, Windows Server 2008","detail":"A monitored security event pattern has occurred.\n\nSubject:\n Security ID:  S-1-5-21-3623811015-3361044348-3030082018-1013\n Account Name:  j.doe\n Account Domain:  CONTOSO\n Logon ID:  0x3E7B21A\n\nAlert Information:\n Computer:  FIN-WKS02.contoso.local\n Event ID:  0x1a2c\n Number of Events: 2\n Duration:  00:00:04\n\nThis event is generated when Windows is configured to generate alerts in accordance with the Common Criteria Security Audit Analysis requirements (FAU_SAA) and an auditable event pattern occurs.","example":"A monitored security event pattern has occurred.\n\nSubject:\n Security ID:  S-1-5-21-3623811015-3361044348-3030082018-1013\n Account Name:  j.doe\n Account Domain:  CONTOSO\n Logon ID:  0x3E7B21A\n\nAlert Information:\n Computer:  FIN-WKS02.contoso.local\n Event ID:  0x1a2c\n Number of Events: 2\n Duration:  00:00:04","realExample":null,"realExampleNote":null,"severity":"Low","useCases":[],"link":"https://www.ultimatewindowssecurity.com/securitylog/encyclopedia/event.aspx?eventid=4618"},{"id":4621,"log":"Security","category":"System","subcategory":"Security State Change","summary":"Administrator recovered system from CrashOnAuditFail. Users who are not administrators will now be allowed to log on. Some auditable activity might not have been recorded.","minOS":"Windows Vista, Windows Server 2008","detail":"Administrator recovered system from CrashOnAuditFail. Users who are not administrators will now be allowed to log on. Some auditable activity might not have been recorded.\n\nValue of CrashOnAuditFail: 1\n\nThis event is logged after a system reboots following CrashOnAuditFail.","example":"Administrator recovered system from CrashOnAuditFail. Users who are not administrators will now be allowed to log on. Some auditable activity might not have been recorded.\n\nValue of CrashOnAuditFail: 1","realExample":null,"realExampleNote":null,"severity":"Critical","useCases":[],"link":"https://www.ultimatewindowssecurity.com/securitylog/encyclopedia/event.aspx?eventid=4621"},{"id":4622,"log":"Security","category":"System","subcategory":"Security System Extension","summary":"A security package has been loaded by the Local Security Authority.","minOS":"Windows Vista, Windows Server 2008","detail":"A security package has been loaded by the Local Security Authority.\n\nSecurity Package Name: Kerberos","example":"A security package has been loaded by the Local Security Authority.\n\nSecurity Package Name: Kerberos","realExample":null,"realExampleNote":null,"severity":"Critical","useCases":[],"link":"https://www.ultimatewindowssecurity.com/securitylog/encyclopedia/event.aspx?eventid=4622"},{"id":4624,"log":"Security","category":"Logon/Logoff","subcategory":"Logon","summary":"An account was successfully logged on.","minOS":"Windows Vista, Windows Server 2008","detail":"An account was successfully logged on.\n\n              Subject:\n                  Security ID:        S-1-5-21-3623811015-3361044348-3030082018-1013\n                  Account Name:        j.doe\n                  Account Domain:        CONTOSO\n                  Logon ID:        0x3E7B21A\n\n              Logon Information:\n                  Logon Type:        3\n                  Restricted Admin Mode:    -\n                  Virtual Account:        No\n                  Elevated Token:        Yes\n\n              Impersonation Level:        Impersonation\n\n              New Logon:\n                  Security ID:        S-1-5-21-3623811015-3361044348-3030082018-1013\n                  Account Name:        j.doe\n                  Account Domain:        CONTOSO\n                  Logon ID:        0x3E7B21A\n                  Linked Logon ID:        0x3E7B300\n                  Network Account Name:    -\n                  Network Account Domain:    -\n                  Logon GUID:        {6a1f2e3c-9b4d-4a2e-8f11-2c3d4e5f6a7b}\n\n              Process Information:\n                  Process ID:        0x1a2c\n                  Process Name:        C:\\Windows\\System32\\svchost.exe\n\n              Network Information:\n                  Workstation Name:    FIN-WKS02\n                  Source Network Address:    10.20.14.55\n                  Source Port:        52344\n\n              Detailed Authentication Information:\n                  Logon Process:        NtLmSsp\n                  Authentication Package:    NTLM\n                  Transited Services:    -\n                  Package Name (NTLM only):    -\n                  Key Length:        128\n\n              This event is generated when a logon session is created. It is generated on the computer that was\n              accessed.\n\n              The subject fields indicate the account on the local system which requested the logon. This is most\n              commonly a service such as the Server service, or a local process such as Winlogon.exe or Services.exe.\n\n              The logon type field indicates the kind of logon that occurred. The most common types are 2\n              (interactive) and 3 (network).\n\n              The New Logon fields indicate the account for whom the new logon was created, i.e. the account that was\n              logged on.\n\n              The network fields indicate where a remote logon request originated. Workstation name is not always\n              available and may be left blank in some cases.\n\n              The impersonation level field indicates the extent to which a process in the logon session can\n              impersonate.\n\n              The authentication information fields provide detailed information about this specific logon request.\n                  - Logon GUID is a unique identifier that can be used to correlate this event with a KDC event.\n                  - Transited services indicate which intermediate services have participated in this logon request.\n                  - Package name indicates which sub-protocol was used among the NTLM protocols.\n                  - Key length indicates the length of the generated session key. This will be 0 if no session key was\n              requested.","example":"An account was successfully logged on.\n\n              Subject:\n                  Security ID:        S-1-5-21-3623811015-3361044348-3030082018-1013\n                  Account Name:        j.doe\n                  Account Domain:        CONTOSO\n                  Logon ID:        0x3E7B21A\n\n              Logon Information:\n                  Logon Type:        3\n                  Restricted Admin Mode:    -\n                  Virtual Account:        No\n                  Elevated Token:        Yes\n\n              Impersonation Level:        Impersonation\n\n              New Logon:\n                  Security ID:        S-1-5-21-3623811015-3361044348-3030082018-1013\n                  Account Name:        j.doe\n                  Account Domain:        CONTOSO\n                  Logon ID:        0x3E7B21A\n                  Linked Logon ID:        0x3E7B300\n                  Network Account Name:    -\n                  Network Account Domain:    -\n                  Logon GUID:        {6a1f2e3c-9b4d-4a2e-8f11-2c3d4e5f6a7b}\n\n              Process Information:\n                  Process ID:        0x1a2c\n                  Process Name:        C:\\Windows\\System32\\svchost.exe\n\n              Network Information:\n                  Workstation Name:    FIN-WKS02\n                  Source Network Address:    10.20.14.55\n                  Source Port:        52344\n\n              Detailed Authentication Information:\n                  Logon Process:        NtLmSsp\n                  Authentication Package:    NTLM\n                  Transited Services:    -\n                  Package Name (NTLM only):    -\n                  Key Length:        128\n\n              This event is generated when a logon session is created. It is generated on the computer that was\n              accessed.\n\n              The subject fields indicate the account on the local system which requested the logon. This is most\n              commonly a service such as the Server service, or a local process such as Winlogon.exe or Services.exe.\n\n              The logon type field indicates the kind of logon that occurred. The most common types are 2\n              (interactive) and 3 (network).\n\n              The New Logon fields indicate the account for whom the new logon was created, i.e. the account that was\n              logged on.\n\n              The network fields indicate where a remote logon request originated. Workstation name is not always\n              available and may be left blank in some cases.\n\n              The impersonation level field indicates the extent to which a process in the logon session can\n              impersonate.\n\n              The authentication information fields provide detailed information about this specific logon request.\n                  - Logon GUID is a unique identifier that can be used to correlate this event with a KDC event.\n                  - Transited services indicate which intermediate services have participated in this logon request.\n                  - Package name indicates which sub-protocol was used among the NTLM protocols.\n                  - Key length indicates the length of the generated session key. This will be 0 if no session key was\n              requested.","realExample":null,"realExampleNote":null,"severity":"High","useCases":["Lateral Movement","Suspicious Logon Patterns"],"link":"https://www.ultimatewindowssecurity.com/securitylog/encyclopedia/event.aspx?eventid=4624"},{"id":4625,"log":"Security","category":"Logon/Logoff","subcategory":"Logon","summary":"An account failed to log on.","minOS":"Windows Vista, Windows Server 2008","detail":"An account failed to log on.\n\nSubject:\n        Security ID:            S-1-5-21-3623811015-3361044348-3030082018-1013\n        Account Name:           j.doe\n        Account Domain:         CONTOSO\n        Logon ID:               0x3E7B21A\n\nLogon Type:                     3\n\nAccount For Which Logon Failed:\n        Security ID:            S-1-5-21-3623811015-3361044348-3030082018-1013\n        Account Name:           j.doe\n        Account Domain:         CONTOSO\n\nFailure Information:\n        Failure Reason:         %%2313\n        Status:                 0xC000006D\n        Sub Status:             0xC000006A\n\nProcess Information:\n        Caller Process ID:      0x1a2c\n        Caller Process Name:    C:\\Windows\\System32\\svchost.exe\n\nNetwork Information:\n        Workstation Name:       FIN-WKS02\n        Source Network Address: 10.20.14.55\n        Source Port:            52344\n\nDetailed Authentication Information:\n        Logon Process:          NtLmSsp\n        Authentication Package: NTLM\n        Transited Services:     -\n        Package Name (NTLM only):       -\n        Key Length:             128\n\nThis event is generated when a logon request fails. It is generated on the computer where access was attempted.\n\nThe Subject fields indicate the account on the local system which requested the logon. This is most commonly a service such as the Server service, or a local process such as Winlogon.exe or Services.exe.\n\nThe Logon Type field indicates the kind of logon that was requested. The most common types are 2 (interactive) and 3 (network).\n\nThe Process Information fields indicate which account and process on the system requested the logon.\n\nThe Network Information fields indicate where a remote logon request originated. Workstation name is not always available and may be left blank in some cases.\n\nThe authentication information fields provide detailed information about this specific logon request.\n        - Transited services indicate which intermediate services have participated in this logon request.\n        - Package name indicates which sub-protocol was used among the NTLM protocols.\n        - Key length indicates the length of the generated session key. This will be 0 if no session key was requested.","example":"An account failed to log on.\n\nSubject:\n        Security ID:            S-1-5-21-3623811015-3361044348-3030082018-1013\n        Account Name:           j.doe\n        Account Domain:         CONTOSO\n        Logon ID:               0x3E7B21A\n\nLogon Type:                     3\n\nAccount For Which Logon Failed:\n        Security ID:            S-1-5-21-3623811015-3361044348-3030082018-1013\n        Account Name:           j.doe\n        Account Domain:         CONTOSO\n\nFailure Information:\n        Failure Reason:         %%2313\n        Status:                 0xC000006D\n        Sub Status:             0xC000006A\n\nProcess Information:\n        Caller Process ID:      0x1a2c\n        Caller Process Name:    C:\\Windows\\System32\\svchost.exe\n\nNetwork Information:\n        Workstation Name:       FIN-WKS02\n        Source Network Address: 10.20.14.55\n        Source Port:            52344\n\nDetailed Authentication Information:\n        Logon Process:          NtLmSsp\n        Authentication Package: NTLM\n        Transited Services:     -\n        Package Name (NTLM only):       -\n        Key Length:             128","realExample":null,"realExampleNote":null,"severity":"High","useCases":["Brute Force & Password Attacks","Suspicious Logon Patterns"],"link":"https://www.ultimatewindowssecurity.com/securitylog/encyclopedia/event.aspx?eventid=4625"},{"id":4626,"log":"Security","category":"Logon/Logoff","subcategory":"Logon","summary":"User/Device claims information.","minOS":"Windows 8, Windows Server 2012","detail":"User / Device claims information\n\nSubject:\n Security ID:  S-1-5-21-3623811015-3361044348-3030082018-1013\n Account Name:  j.doe\n Account Domain:  CONTOSO\n Logon ID:  0x3E7B21A\n\nLogon Type:   3\n\nNew Logon:\n Security ID:  S-1-5-21-3623811015-3361044348-3030082018-1013\n Account Name:  j.doe\n Account Domain:  CONTOSO\n Logon ID:  0x3E7B21A\n Event in sequence: - of -\n\nUser Claims: -\n\nDevice Claims: -\n\nThe subject fields indicate the account on the local system which requested the logon. This is most commonly a service such as the Server service, or a local process such as Winlogon.exe or Services.exe.\n\nThe logon type field indicates the kind of logon that occurred. The most common types are 2 (interactive) and 3 (network).\n\nThe New Logon fields indicate the account for whom the new logon was created, i.e. the account that was logged on.\n\nThis event is generated when the Audit User/Device claims subcategory is configured and the user's logon token contains user/device claims information. The Logon ID field can be used to correlate this event with the corresponding user logon event as well as to any other security audit events generated during this logon session.","example":"User / Device claims information\n\nSubject:\n Security ID:  S-1-5-21-3623811015-3361044348-3030082018-1013\n Account Name:  j.doe\n Account Domain:  CONTOSO\n Logon ID:  0x3E7B21A\n\nLogon Type:   3\n\nNew Logon:\n Security ID:  S-1-5-21-3623811015-3361044348-3030082018-1013\n Account Name:  j.doe\n Account Domain:  CONTOSO\n Logon ID:  0x3E7B21A\n Event in sequence: - of -\n\nUser Claims: -\n                        \nDevice Claims: -\n \nThe subject fields indicate the account on the local system which requested the logon. This is most commonly a service such as the Server service, or a local process such as Winlogon.exe or Services.exe.\n \nThe logon type field indicates the kind of logon that occurred. The most common types are 2 (interactive) and 3 (network).\n\nThe New Logon fields indicate the account for whom the new logon was created, i.e. the account that was logged on.","realExample":null,"realExampleNote":null,"severity":"Low","useCases":[],"link":"https://www.ultimatewindowssecurity.com/securitylog/encyclopedia/event.aspx?eventid=4626"},{"id":4627,"log":"Security","category":"Logon/Logoff","subcategory":"Group Membership","summary":"Group membership information.","minOS":"Windows 10","detail":"Group membership information.\n\n              Subject:\n                  Security ID:        S-1-5-21-3623811015-3361044348-3030082018-1013\n                  Account Name:        j.doe\n                  Account Domain:        CONTOSO\n                  Logon ID:        0x3E7B21A\n\n              Logon Type:            3\n\n              New Logon:\n                  Security ID:        S-1-5-21-3623811015-3361044348-3030082018-1013\n                  Account Name:        j.doe\n                  Account Domain:        CONTOSO\n                  Logon ID:        0x3E7B21A\n\n              Event in sequence:        - of -\n\n              Group Membership:            -\n\n              The subject fields indicate the account on the local system which requested the logon. This is most commonly a service such as the Server service, or a\n              local process such as Winlogon.exe or Services.exe.\n\n              The logon type field indicates the kind of logon that occurred. The most common types are 2 (interactive) and 3 (network).\n\n              The New Logon fields indicate the account for whom the new logon was created, i.e. the account that was logged on.\n\n              This event is generated when the Audit Group Membership subcategory is configured.  The Logon ID field can be used to correlate this event with the\n              corresponding user logon event as well as to any other security audit events generated during this logon session.","example":"Group membership information.\n\n              Subject:\n                  Security ID:        S-1-5-21-3623811015-3361044348-3030082018-1013\n                  Account Name:        j.doe\n                  Account Domain:        CONTOSO\n                  Logon ID:        0x3E7B21A\n\n              Logon Type:            3\n\n              New Logon:\n                  Security ID:        S-1-5-21-3623811015-3361044348-3030082018-1013\n                  Account Name:        j.doe\n                  Account Domain:        CONTOSO\n                  Logon ID:        0x3E7B21A\n\n              Event in sequence:        - of -\n\n              Group Membership:            -\n\n              The subject fields indicate the account on the local system which requested the logon. This is most commonly a service such as the Server service, or a\n              local process such as Winlogon.exe or Services.exe.\n\n              The logon type field indicates the kind of logon that occurred. The most common types are 2 (interactive) and 3 (network).\n\n              The New Logon fields indicate the account for whom the new logon was created, i.e. the account that was logged on.\n\n              This event is generated when the Audit Group Membership subcategory is configured.  The Logon ID field can be used to correlate this event with the\n              corresponding user logon event as well as to any other security audit events generated during this logon session.","realExample":null,"realExampleNote":null,"severity":"Low","useCases":[],"link":"https://www.ultimatewindowssecurity.com/securitylog/encyclopedia/event.aspx?eventid=4627"},{"id":4634,"log":"Security","category":"Logon/Logoff","subcategory":"Logoff","summary":"An account was logged off.","minOS":"Windows Vista, Windows Server 2008","detail":"An account was logged off.\n\nSubject:\n Security ID:  S-1-5-21-3623811015-3361044348-3030082018-1013\n Account Name:  j.doe\n Account Domain:  CONTOSO\n Logon ID:  0x3E7B21A\n\nLogon Type:   3\n\nThis event is generated when a logon session is destroyed. It may be positively correlated with a logon event using the Logon ID value. Logon IDs are only unique between reboots on the same computer.","example":"An account was logged off.\n\nSubject:\n Security ID:  S-1-5-21-3623811015-3361044348-3030082018-1013\n Account Name:  j.doe\n Account Domain:  CONTOSO\n Logon ID:  0x3E7B21A\n\nLogon Type:   3","realExample":null,"realExampleNote":null,"severity":"High","useCases":["Suspicious Logon Patterns"],"link":"https://www.ultimatewindowssecurity.com/securitylog/encyclopedia/event.aspx?eventid=4634"},{"id":4646,"log":"Security","category":"Logon/Logoff","subcategory":"IPsec Main Mode","summary":"%1","minOS":"Windows Vista, Windows Server 2008","detail":"-","example":"-","realExample":null,"realExampleNote":null,"severity":"Low","useCases":[],"link":"https://www.ultimatewindowssecurity.com/securitylog/encyclopedia/event.aspx?eventid=4646"},{"id":4647,"log":"Security","category":"Logon/Logoff","subcategory":"Logoff","summary":"User initiated logoff.","minOS":"Windows Vista, Windows Server 2008","detail":"User initiated logoff:\n\nSubject:\n Security ID:  S-1-5-21-3623811015-3361044348-3030082018-1013\n Account Name:  j.doe\n Account Domain:  CONTOSO\n Logon ID:  0x3E7B21A\n\nThis event is generated when a logoff is initiated but the token reference count is not zero and the logon session cannot be destroyed.  No further user-initiated activity can occur.  This event can be interpreted as a logoff event.","example":"User initiated logoff:\n\nSubject:\n Security ID:  S-1-5-21-3623811015-3361044348-3030082018-1013\n Account Name:  j.doe\n Account Domain:  CONTOSO\n Logon ID:  0x3E7B21A","realExample":null,"realExampleNote":null,"severity":"High","useCases":["Suspicious Logon Patterns"],"link":"https://www.ultimatewindowssecurity.com/securitylog/encyclopedia/event.aspx?eventid=4647"},{"id":4648,"log":"Security","category":"Logon/Logoff","subcategory":"Logon","summary":"A logon was attempted using explicit credentials.","minOS":"Windows Vista, Windows Server 2008","detail":"A logon was attempted using explicit credentials.\n\nSubject:\n Security ID:  S-1-5-21-3623811015-3361044348-3030082018-1013\n Account Name:  j.doe\n Account Domain:  CONTOSO\n Logon ID:  0x3E7B21A\n Logon GUID:  {6a1f2e3c-9b4d-4a2e-8f11-2c3d4e5f6a7b}\n\nAccount Whose Credentials Were Used:\n Account Name:  j.doe\n Account Domain:  CONTOSO\n Logon GUID:  {6a1f2e3c-9b4d-4a2e-8f11-2c3d4e5f6a7b}\n\nTarget Server:\n Target Server Name: j.doe\n Additional Information: -\n\nProcess Information:\n Process ID:  0x1a2c\n Process Name:  C:\\Windows\\System32\\svchost.exe\n\nNetwork Information:\n Network Address: 10.20.14.55\n Port:   49771\n\nThis event is generated when a process attempts to log on an account by explicitly specifying that account\u2019s credentials.  This most commonly occurs in batch-type configurations such as scheduled tasks, or when using the RUNAS command.","example":"A logon was attempted using explicit credentials.\n\nSubject:\n Security ID:  S-1-5-21-3623811015-3361044348-3030082018-1013\n Account Name:  j.doe\n Account Domain:  CONTOSO\n Logon ID:  0x3E7B21A\n Logon GUID:  {6a1f2e3c-9b4d-4a2e-8f11-2c3d4e5f6a7b}\n\nAccount Whose Credentials Were Used:\n Account Name:  j.doe\n Account Domain:  CONTOSO\n Logon GUID:  {6a1f2e3c-9b4d-4a2e-8f11-2c3d4e5f6a7b}\n\nTarget Server:\n Target Server Name: j.doe\n Additional Information: -\n\nProcess Information:\n Process ID:  0x1a2c\n Process Name:  C:\\Windows\\System32\\svchost.exe\n\nNetwork Information:\n Network Address: 10.20.14.55\n Port:   49771","realExample":null,"realExampleNote":null,"severity":"High","useCases":["Lateral Movement"],"link":"https://www.ultimatewindowssecurity.com/securitylog/encyclopedia/event.aspx?eventid=4648"},{"id":4649,"log":"Security","category":"Logon/Logoff","subcategory":"Other Logon/Logoff Events","summary":"A replay attack was detected.","minOS":"Windows Vista, Windows Server 2008","detail":"A replay attack was detected.\n\nSubject:\n Security ID:  S-1-5-21-3623811015-3361044348-3030082018-1013\n Account Name:  j.doe\n Account Domain:  CONTOSO\n Logon ID:  0x3E7B21A\n\nCredentials Which Were Replayed:\n Account Name:  j.doe\n Account Domain:  CONTOSO\n\nProcess Information:\n Process ID:  0x1a2c\n Process Name:  C:\\Windows\\System32\\svchost.exe\n\nNetwork Information:\n Workstation Name: FIN-WKS02\n\nDetailed Authentication Information:\n Request Type:  Type 1\n Logon Process:  NtLmSsp\n Authentication Package: NTLM\n Transited Services: -\n\nThis event indicates that a Kerberos replay attack was detected- a request was received twice with identical information. This condition could be caused by network misconfiguration.","example":"A replay attack was detected.\n\nSubject:\n Security ID:  S-1-5-21-3623811015-3361044348-3030082018-1013\n Account Name:  j.doe\n Account Domain:  CONTOSO\n Logon ID:  0x3E7B21A\n\nCredentials Which Were Replayed:\n Account Name:  j.doe\n Account Domain:  CONTOSO\n\nProcess Information:\n Process ID:  0x1a2c\n Process Name:  C:\\Windows\\System32\\svchost.exe\n\nNetwork Information:\n Workstation Name: FIN-WKS02\n\nDetailed Authentication Information:\n Request Type:  Type 1\n Logon Process:  NtLmSsp\n Authentication Package: NTLM\n Transited Services: -","realExample":null,"realExampleNote":null,"severity":"Critical","useCases":["Brute Force & Password Attacks"],"link":"https://www.ultimatewindowssecurity.com/securitylog/encyclopedia/event.aspx?eventid=4649"},{"id":4650,"log":"Security","category":"Logon/Logoff","subcategory":"IPsec Main Mode","summary":"An IPsec Main Mode security association was established. Extended Mode was not enabled. Certificate authentication was not used.","minOS":"Windows Vista, Windows Server 2008","detail":"An IPsec Main Mode security association was established. Extended Mode was not enabled.  Certificate authentication was not used.\n\nLocal Endpoint:\n Principal Name: j.doe\n Network Address: 10.20.14.55\n Keying Module Port: 49771\n\nRemote Endpoint:\n Principal Name: j.doe\n Network Address: 10.20.14.55\n Keying Module Port: 49771\n\nSecurity Association Information:\n Lifetime (minutes): 2:14:07 AM 6/2/2026\n Quick Mode Limit: -\n Main Mode SA ID: 0x1a2c\n\nCryptographic Information:\n Cipher Algorithm: -\n Integrity Algorithm: -\n Diffie-Hellman Group: -\n\nAdditional Information:\n Keying Module Name: j.doe\n Authentication Method: -\n Role: -\n Impersonation State: -\n Main Mode Filter ID: 0x1a2c","example":"An IPsec Main Mode security association was established. Extended Mode was not enabled.  Certificate authentication was not used.\n\nLocal Endpoint:\n Principal Name: j.doe\n Network Address: 10.20.14.55\n Keying Module Port: 49771\n\nRemote Endpoint:\n Principal Name: j.doe\n Network Address: 10.20.14.55\n Keying Module Port: 49771\n\nSecurity Association Information:\n Lifetime (minutes): 2:14:07 AM 6/2/2026\n Quick Mode Limit: -\n Main Mode SA ID: 0x1a2c\n\nCryptographic Information:\n Cipher Algorithm: -\n Integrity Algorithm: -\n Diffie-Hellman Group: -\n\nAdditional Information:\n Keying Module Name: j.doe\n Authentication Method: -\n Role: -\n Impersonation State: -\n Main Mode Filter ID: 0x1a2c","realExample":null,"realExampleNote":null,"severity":"Low","useCases":[],"link":"https://www.ultimatewindowssecurity.com/securitylog/encyclopedia/event.aspx?eventid=4650"},{"id":4651,"log":"Security","category":"Logon/Logoff","subcategory":"IPsec Main Mode","summary":"An IPsec Main Mode security association was established. Extended Mode was not enabled. A certificate was used for authentication.","minOS":"Windows Vista, Windows Server 2008","detail":"An IPsec Main Mode security association was established. Extended Mode was not enabled.  A certificate was used for authentication.\n\nLocal Endpoint:\n Principal Name: j.doe\n Network Address: 10.20.14.55\n Keying Module Port: 49771\n\nLocal Certificate:\n SHA Thumbprint: -\n Issuing CA:  -\n Root CA:  -\n\nRemote Endpoint:\n Principal Name: j.doe\n Network Address: 10.20.14.55\n Keying Module Port: 49771\n\nRemote Certificate:\n SHA thumbprint:  -\n Issuing CA:  -\n Root CA:  -\n\nCryptographic Information:\n Cipher Algorithm: -\n Integrity Algorithm: -\n Diffie-Hellman Group: -\n\nSecurity Association Information:\n Lifetime (minutes): 2:14:07 AM 6/2/2026\n Quick Mode Limit: -\n Main Mode SA ID: 0x1a2c\n\nAdditional Information:\n Keying Module Name: j.doe\n Authentication Method: -\n Role: -\n Impersonation State: -\n Main Mode Filter ID: 0x1a2c","example":"An IPsec Main Mode security association was established. Extended Mode was not enabled.  A certificate was used for authentication.\n\nLocal Endpoint:\n Principal Name: j.doe\n Network Address: 10.20.14.55\n Keying Module Port: 49771\n\nLocal Certificate:\n SHA Thumbprint: -\n Issuing CA:  -\n Root CA:  -\n\nRemote Endpoint:\n Principal Name: j.doe\n Network Address: 10.20.14.55\n Keying Module Port: 49771\n\nRemote Certificate:\n SHA thumbprint:  -\n Issuing CA:  -\n Root CA:  -\n\nCryptographic Information:\n Cipher Algorithm: -\n Integrity Algorithm: -\n Diffie-Hellman Group: -\n\nSecurity Association Information:\n Lifetime (minutes): 2:14:07 AM 6/2/2026\n Quick Mode Limit: -\n Main Mode SA ID: 0x1a2c\n\nAdditional Information:\n Keying Module Name: j.doe\n Authentication Method: -\n Role: -\n Impersonation State: -\n Main Mode Filter ID: 0x1a2c","realExample":null,"realExampleNote":null,"severity":"Low","useCases":[],"link":"https://www.ultimatewindowssecurity.com/securitylog/encyclopedia/event.aspx?eventid=4651"},{"id":4652,"log":"Security","category":"Logon/Logoff","subcategory":"IPsec Main Mode","summary":"An IPsec Main Mode negotiation failed.","minOS":"Windows Vista, Windows Server 2008","detail":"An IPsec Main Mode negotiation failed.\n\n\nLocal Endpoint:\n Principal Name:  j.doe\n Network Address: 10.20.14.55\n Keying Module Port: 49771\n\nLocal Certificate:\n SHA Thumbprint: -\n Issuing CA:  -\n Root CA:  -\n\nRemote Endpoint:\n Principal Name:  j.doe\n Network Address: 10.20.14.55\n Keying Module Port: 49771\n\nRemote Certificate:\n SHA thumbprint:  -\n Issuing CA:  -\n Root CA:  -\n\nAdditional Information:\n Keying Module Name: j.doe\n Authentication Method: -\n Role:   -\n Impersonation State: -\n Main Mode Filter ID: 0x1a2c\n\nFailure Information:\n Failure Point:  -\n Failure Reason:  %%2313\n State:   -\n Initiator Cookie:  -\n Responder Cookie: -","example":"An IPsec Main Mode negotiation failed.\n\n\nLocal Endpoint:\n Principal Name:  j.doe\n Network Address: 10.20.14.55\n Keying Module Port: 49771\n\nLocal Certificate:\n SHA Thumbprint: -\n Issuing CA:  -\n Root CA:  -\n\nRemote Endpoint:\n Principal Name:  j.doe\n Network Address: 10.20.14.55\n Keying Module Port: 49771\n\nRemote Certificate:\n SHA thumbprint:  -\n Issuing CA:  -\n Root CA:  -\n\nAdditional Information:\n Keying Module Name: j.doe\n Authentication Method: -\n Role:   -\n Impersonation State: -\n Main Mode Filter ID: 0x1a2c\n\nFailure Information:\n Failure Point:  -\n Failure Reason:  %%2313\n State:   -\n Initiator Cookie:  -\n Responder Cookie: -","realExample":null,"realExampleNote":null,"severity":"Low","useCases":[],"link":"https://www.ultimatewindowssecurity.com/securitylog/encyclopedia/event.aspx?eventid=4652"},{"id":4653,"log":"Security","category":"Logon/Logoff","subcategory":"IPsec Main Mode","summary":"An IPsec Main Mode negotiation failed.","minOS":"Windows Vista, Windows Server 2008","detail":"An IPsec Main Mode negotiation failed.\n\nLocal Endpoint:\n Local Principal Name: j.doe\n Network Address: 10.20.14.55\n Keying Module Port: 49771\n\nRemote Endpoint:\n Principal Name:  j.doe\n Network Address: 10.20.14.55\n Keying Module Port: 49771\n\nAdditional Information:\n Keying Module Name: j.doe\n Authentication Method: -\n Role:   -\n Impersonation State: -\n Main Mode Filter ID: 0x1a2c\n\nFailure Information:\n Failure Point:  -\n Failure Reason:  %%2313\n State:   -\n Initiator Cookie:  -\n Responder Cookie: -","example":"An IPsec Main Mode negotiation failed.\n\nLocal Endpoint:\n Local Principal Name: j.doe\n Network Address: 10.20.14.55\n Keying Module Port: 49771\n\nRemote Endpoint:\n Principal Name:  j.doe\n Network Address: 10.20.14.55\n Keying Module Port: 49771\n\nAdditional Information:\n Keying Module Name: j.doe\n Authentication Method: -\n Role:   -\n Impersonation State: -\n Main Mode Filter ID: 0x1a2c\n\nFailure Information:\n Failure Point:  -\n Failure Reason:  %%2313\n State:   -\n Initiator Cookie:  -\n Responder Cookie: -","realExample":null,"realExampleNote":null,"severity":"Low","useCases":[],"link":"https://www.ultimatewindowssecurity.com/securitylog/encyclopedia/event.aspx?eventid=4653"},{"id":4654,"log":"Security","category":"Logon/Logoff","subcategory":"IPsec Quick Mode","summary":"An IPsec Quick Mode negotiation failed.","minOS":"Windows Vista, Windows Server 2008","detail":"An IPsec quick mode negotiation failed.\n\n              Local Endpoint:\n                  Network Address:    10.20.14.55\n                  Network Address mask:    10.20.14.55\n                  Port:            49771\n                  Tunnel Endpoint:        -\n\n              Remote Endpoint:\n                  Network Address:    10.20.14.55\n                  Address Mask:        10.20.14.55\n                  Port:            49771\n                  Tunnel Endpoint:        -\n                  Private Address:        10.20.14.55\n\n              Additional Information:\n                  Protocol:        6\n                  Keying Module Name:    j.doe\n                  Virtual Interface Tunnel ID:    0x1a2c\n                  Traffic Selector ID:    0x1a2c\n                  Mode:            -\n                  Role:            -\n                  Quick Mode Filter ID:    0x1a2c\n                  Main Mode SA ID:    0x1a2c\n\n              Failure Information:\n                  State:            -\n                  Message ID:        0x1a2c\n                  Failure Point:        -\n                  Failure Reason:        %%2313","example":"An IPsec quick mode negotiation failed.\n\n              Local Endpoint:\n                  Network Address:    10.20.14.55\n                  Network Address mask:    10.20.14.55\n                  Port:            49771\n                  Tunnel Endpoint:        -\n\n              Remote Endpoint:\n                  Network Address:    10.20.14.55\n                  Address Mask:        10.20.14.55\n                  Port:            49771\n                  Tunnel Endpoint:        -\n                  Private Address:        10.20.14.55\n\n              Additional Information:\n                  Protocol:        6\n                  Keying Module Name:    j.doe\n                  Virtual Interface Tunnel ID:    0x1a2c\n                  Traffic Selector ID:    0x1a2c\n                  Mode:            -\n                  Role:            -\n                  Quick Mode Filter ID:    0x1a2c\n                  Main Mode SA ID:    0x1a2c\n\n              Failure Information:\n                  State:            -\n                  Message ID:        0x1a2c\n                  Failure Point:        -\n                  Failure Reason:        %%2313","realExample":null,"realExampleNote":null,"severity":"Low","useCases":[],"link":"https://www.ultimatewindowssecurity.com/securitylog/encyclopedia/event.aspx?eventid=4654"},{"id":4655,"log":"Security","category":"Logon/Logoff","subcategory":"IPsec Main Mode","summary":"An IPsec Main Mode security association ended.","minOS":"Windows Vista, Windows Server 2008","detail":"An IPsec Main Mode security association ended.\n\nLocal Network Address:  10.20.14.55\nRemote Network Address: 10.20.14.55\nKeying Module Name:  j.doe\nMain Mode SA ID:  0x1a2c","example":"An IPsec Main Mode security association ended.\n\nLocal Network Address:  10.20.14.55\nRemote Network Address: 10.20.14.55\nKeying Module Name:  j.doe\nMain Mode SA ID:  0x1a2c","realExample":null,"realExampleNote":null,"severity":"Low","useCases":[],"link":"https://www.ultimatewindowssecurity.com/securitylog/encyclopedia/event.aspx?eventid=4655"},{"id":4656,"log":"Security","category":"Object Access","subcategory":"Handle Manipulation","summary":"A handle to an object was requested.","minOS":"Windows Vista, Windows Server 2008","detail":"A handle to an object was requested.\n\nSubject:\n        Security ID:            S-1-5-21-3623811015-3361044348-3030082018-1013\n        Account Name:           j.doe\n        Account Domain:         CONTOSO\n        Logon ID:               0x3E7B21A\n\nObject:\n        Object Server:          Security\n        Object Type:            File\n        Object Name:            C:\\Finance\\Q3_Budget.xlsx\n        Handle ID:              0x2c4\n        Resource Attributes:    msDS-AllowedToDelegateTo\n\nProcess Information:\n        Process ID:             0x1a2c\n        Process Name:           C:\\Windows\\System32\\svchost.exe\n\nAccess Request Information:\n        Transaction ID:         0x1a2c\n        Accesses:               ReadData, WriteData\n        Access Reasons:         -\n        Access Mask:            0x2\n        Privileges Used for Access Check:       SeDebugPrivilege\n        Restricted SID Count:   2","example":"A handle to an object was requested.\n\nSubject:\n        Security ID:            S-1-5-21-3623811015-3361044348-3030082018-1013\n        Account Name:           j.doe\n        Account Domain:         CONTOSO\n        Logon ID:               0x3E7B21A\n\nObject:\n        Object Server:          Security\n        Object Type:            File\n        Object Name:            C:\\Finance\\Q3_Budget.xlsx\n        Handle ID:              0x2c4\n        Resource Attributes:    msDS-AllowedToDelegateTo\n\nProcess Information:\n        Process ID:             0x1a2c\n        Process Name:           C:\\Windows\\System32\\svchost.exe\n\nAccess Request Information:\n        Transaction ID:         0x1a2c\n        Accesses:               ReadData, WriteData\n        Access Reasons:         -\n        Access Mask:            0x2\n        Privileges Used for Access Check:       SeDebugPrivilege\n        Restricted SID Count:   2","realExample":null,"realExampleNote":null,"severity":"Low","useCases":["Removable Media & Data Exfiltration"],"link":"https://www.ultimatewindowssecurity.com/securitylog/encyclopedia/event.aspx?eventid=4656"},{"id":4657,"log":"Security","category":"Object Access","subcategory":"Registry","summary":"A registry value was modified.","minOS":"Windows Vista, Windows Server 2008","detail":"A registry value was modified.\n\nSubject:\n Security ID:  S-1-5-21-3623811015-3361044348-3030082018-1013\n Account Name:  j.doe\n Account Domain:  CONTOSO\n Logon ID:  0x3E7B21A\n\nObject:\n Object Name:  C:\\Finance\\Q3_Budget.xlsx\n Object Value Name: (new value)\n Handle ID:  0x2c4\n Operation Type:  Type 1\n\nProcess Information:\n Process ID:  0x1a2c\n Process Name:  C:\\Windows\\System32\\svchost.exe\n\nChange Information:\n Old Value Type:  (old value)\n Old Value:  (old value)\n New Value Type:  (new value)\n New Value:  (new value)","example":"A registry value was modified.\n\nSubject:\n Security ID:  S-1-5-21-3623811015-3361044348-3030082018-1013\n Account Name:  j.doe\n Account Domain:  CONTOSO\n Logon ID:  0x3E7B21A\n\nObject:\n Object Name:  C:\\Finance\\Q3_Budget.xlsx\n Object Value Name: (new value)\n Handle ID:  0x2c4\n Operation Type:  Type 1\n\nProcess Information:\n Process ID:  0x1a2c\n Process Name:  C:\\Windows\\System32\\svchost.exe\n\nChange Information:\n Old Value Type:  (old value)\n Old Value:  (old value)\n New Value Type:  (new value)\n New Value:  (new value)","realExample":null,"realExampleNote":null,"severity":"Critical","useCases":["Persistence via New Services"],"link":"https://www.ultimatewindowssecurity.com/securitylog/encyclopedia/event.aspx?eventid=4657"},{"id":4658,"log":"Security","category":"Object Access","subcategory":"Handle Manipulation","summary":"The handle to an object was closed.","minOS":"Windows Vista, Windows Server 2008","detail":"The handle to an object was closed.\n\nSubject :\n Security ID:  S-1-5-21-3623811015-3361044348-3030082018-1013\n Account Name:  j.doe\n Account Domain:  CONTOSO\n Logon ID:  0x3E7B21A\n\nObject:\n Object Server:  Security\n Handle ID:  0x2c4\n\nProcess Information:\n Process ID:  0x1a2c\n Process Name:  C:\\Windows\\System32\\svchost.exe","example":"The handle to an object was closed.\n\nSubject :\n Security ID:  S-1-5-21-3623811015-3361044348-3030082018-1013\n Account Name:  j.doe\n Account Domain:  CONTOSO\n Logon ID:  0x3E7B21A\n\nObject:\n Object Server:  Security\n Handle ID:  0x2c4\n\nProcess Information:\n Process ID:  0x1a2c\n Process Name:  C:\\Windows\\System32\\svchost.exe","realExample":null,"realExampleNote":null,"severity":"Low","useCases":[],"link":"https://www.ultimatewindowssecurity.com/securitylog/encyclopedia/event.aspx?eventid=4658"},{"id":4659,"log":"Security","category":"Object Access","subcategory":"Kernel","summary":"A handle to an object was requested with intent to delete.","minOS":"Windows Vista, Windows Server 2008","detail":"A handle to an object was requested with intent to delete.\n\nSubject:\n Security ID:  S-1-5-21-3623811015-3361044348-3030082018-1013\n Account Name:  j.doe\n Account Domain:  CONTOSO\n Logon ID:  0x3E7B21A\n\nObject:\n Object Server: Security\n Object Type: File\n Object Name: C:\\Finance\\Q3_Budget.xlsx\n Handle ID: 0x2c4\n\nProcess Information:\n Process ID: 0x1a2c\n\nAccess Request Information:\n Transaction ID: 0x1a2c\n Accesses: ReadData, WriteData\n Access Mask: 0x2\n Privileges Used for Access Check: SeDebugPrivilege","example":"A handle to an object was requested with intent to delete.\n\n