Subject:\n Security ID:  S-1-5-21-3623811015-3361044348-3030082018-1013\n Account Name:  j.doe\n Account Domain:  CONTOSO\n Logon ID:  0x3E7B21A\n\nObject:\n COM+ Catalog Collection: -\n Object Name:   C:\\Finance\\Q3_Budget.xlsx\n Object Details:   -","realExample":null,"realExampleNote":null,"severity":"Low","useCases":[],"link":"https://www.ultimatewindowssecurity.com/securitylog/encyclopedia/event.aspx?eventid=5890"},{"id":6144,"log":"Security","category":"Policy Change","subcategory":"Other Policy Change Events","summary":"Security policy in the group policy objects has been applied successfully.","minOS":"Windows Vista, Windows Server 2008","detail":"Security policy in the group policy objects has been applied successfully.\n\nReturn Code: -\n\nGPO List:\n-","example":"Security policy in the group policy objects has been applied successfully. \n\nReturn Code: -\n\nGPO List:\n-","realExample":null,"realExampleNote":null,"severity":"Medium","useCases":[],"link":"https://www.ultimatewindowssecurity.com/securitylog/encyclopedia/event.aspx?eventid=6144"},{"id":6145,"log":"Security","category":"Policy Change","subcategory":"Other Policy Change Events","summary":"One or more errors occurred while processing security policy in the group policy objects.","minOS":"Windows Vista, Windows Server 2008","detail":"One or more errors occured while processing security policy in the group policy objects.\n\nError Code: -\nGPO List:\n-","example":"One or more errors occured while processing security policy in the group policy objects.\n\nError Code: -\nGPO List:\n-","realExample":null,"realExampleNote":null,"severity":"Medium","useCases":[],"link":"https://www.ultimatewindowssecurity.com/securitylog/encyclopedia/event.aspx?eventid=6145"},{"id":6272,"log":"Security","category":"Logon/Logoff","subcategory":"Network Policy Server","summary":"Network Policy Server granted access to a user.","minOS":"Windows Vista SP1, Windows Server 2008","detail":"Network Policy Server granted access to a user.\n\n              User:\n                  Security ID:            S-1-5-21-3623811015-3361044348-3030082018-1013\n                  Account Name:            j.doe\n                  Account Domain:            CONTOSO\n                  Fully Qualified Account Name:    j.doe\n\n              Client Machine:\n                  Security ID:            S-1-5-21-3623811015-3361044348-3030082018-1013\n                  Account Name:            j.doe\n                  Fully Qualified Account Name:    j.doe\n                  Called Station Identifier:        -\n                  Calling Station Identifier:        -\n\n              NAS:\n                  NAS IPv4 Address:        10.20.14.55\n                  NAS IPv6 Address:        10.20.14.55\n                  NAS Identifier:            -\n                  NAS Port-Type:            49771\n                  NAS Port:            49771\n\n              RADIUS Client:\n                  Client Friendly Name:        j.doe\n                  Client IP Address:            10.20.14.55\n\n              Authentication Details:\n                  Connection Request Policy Name:    j.doe\n                  Network Policy Name:        j.doe\n                  Authentication Provider:        -\n                  Authentication Server:        -\n                  Authentication Type:        Type 1\n                  EAP Type:            Type 1\n                  Account Session Identifier:        2\n                  Logging Results:            -\nNote: Logging Results data is only logged on computers running Windows 7 and Windows Server 2008 R2.","example":"Network Policy Server granted access to a user.\n\n              User:\n                  Security ID:            S-1-5-21-3623811015-3361044348-3030082018-1013\n                  Account Name:            j.doe\n                  Account Domain:            CONTOSO\n                  Fully Qualified Account Name:    j.doe\n\n              Client Machine:\n                  Security ID:            S-1-5-21-3623811015-3361044348-3030082018-1013\n                  Account Name:            j.doe\n                  Fully Qualified Account Name:    j.doe\n                  Called Station Identifier:        -\n                  Calling Station Identifier:        -\n\n              NAS:\n                  NAS IPv4 Address:        10.20.14.55\n                  NAS IPv6 Address:        10.20.14.55\n                  NAS Identifier:            -\n                  NAS Port-Type:            49771\n                  NAS Port:            49771\n\n              RADIUS Client:\n                  Client Friendly Name:        j.doe\n                  Client IP Address:            10.20.14.55\n\n              Authentication Details:\n                  Connection Request Policy Name:    j.doe\n                  Network Policy Name:        j.doe\n                  Authentication Provider:        -\n                  Authentication Server:        -\n                  Authentication Type:        Type 1\n                  EAP Type:            Type 1\n                  Account Session Identifier:        2\n                  Logging Results:            -\nNote: Logging Results data is only logged on computers running Windows 7 and Windows Server 2008 R2.","realExample":null,"realExampleNote":null,"severity":"Low","useCases":[],"link":"https://www.ultimatewindowssecurity.com/securitylog/encyclopedia/event.aspx?eventid=6272"},{"id":6273,"log":"Security","category":"Logon/Logoff","subcategory":"Network Policy Server","summary":"Network Policy Server denied access to a user.","minOS":"Windows Vista SP1, Windows Server 2008","detail":"Network Policy Server denied access to a user.\n\n              Contact the Network Policy Server administrator for more information.\n\n              User:\n                  Security ID:            S-1-5-21-3623811015-3361044348-3030082018-1013\n                  Account Name:            j.doe\n                  Account Domain:            CONTOSO\n                  Fully Qualified Account Name:    j.doe\n\n              Client Machine:\n                  Security ID:            S-1-5-21-3623811015-3361044348-3030082018-1013\n                  Account Name:            j.doe\n                  Fully Qualified Account Name:    j.doe\n                  Called Station Identifier:        -\n                  Calling Station Identifier:        -\n\n              NAS:\n                  NAS IPv4 Address:        10.20.14.55\n                  NAS IPv6 Address:        10.20.14.55\n                  NAS Identifier:            -\n                  NAS Port-Type:            49771\n                  NAS Port:            49771\n\n              RADIUS Client:\n                  Client Friendly Name:        j.doe\n                  Client IP Address:            10.20.14.55\n\n              Authentication Details:\n                  Connection Request Policy Name:    j.doe\n                  Network Policy Name:        j.doe\n                  Authentication Provider:        -\n                  Authentication Server:        -\n                  Authentication Type:        Type 1\n                  EAP Type:            Type 1\n                  Account Session Identifier:        2\n                  Logging Results:            -\n                  Reason Code:            Unknown\n                  Reason:                Unknown","example":"Network Policy Server denied access to a user.\n\n              Contact the Network Policy Server administrator for more information.\n\n              User:\n                  Security ID:            S-1-5-21-3623811015-3361044348-3030082018-1013\n                  Account Name:            j.doe\n                  Account Domain:            CONTOSO\n                  Fully Qualified Account Name:    j.doe\n\n              Client Machine:\n                  Security ID:            S-1-5-21-3623811015-3361044348-3030082018-1013\n                  Account Name:            j.doe\n                  Fully Qualified Account Name:    j.doe\n                  Called Station Identifier:        -\n                  Calling Station Identifier:        -\n\n              NAS:\n                  NAS IPv4 Address:        10.20.14.55\n                  NAS IPv6 Address:        10.20.14.55\n                  NAS Identifier:            -\n                  NAS Port-Type:            49771\n                  NAS Port:            49771\n\n              RADIUS Client:\n                  Client Friendly Name:        j.doe\n                  Client IP Address:            10.20.14.55\n\n              Authentication Details:\n                  Connection Request Policy Name:    j.doe\n                  Network Policy Name:        j.doe\n                  Authentication Provider:        -\n                  Authentication Server:        -\n                  Authentication Type:        Type 1\n                  EAP Type:            Type 1\n                  Account Session Identifier:        2\n                  Logging Results:            -\n                  Reason Code:            Unknown\n                  Reason:                Unknown","realExample":null,"realExampleNote":null,"severity":"Low","useCases":["Brute Force & Password Attacks"],"link":"https://www.ultimatewindowssecurity.com/securitylog/encyclopedia/event.aspx?eventid=6273"},{"id":6274,"log":"Security","category":"Logon/Logoff","subcategory":"Network Policy Server","summary":"Network Policy Server discarded the request for a user.","minOS":"Windows Vista SP1, Windows Server 2008","detail":"Network Policy Server discarded the request for a user.\n\n              Contact the Network Policy Server administrator for more information.\n\n              User:\n                  Security ID:            S-1-5-21-3623811015-3361044348-3030082018-1013\n                  Account Name:            j.doe\n                  Account Domain:            CONTOSO\n                  Fully Qualified Account Name:    j.doe\n\n              Client Machine:\n                  Security ID:            S-1-5-21-3623811015-3361044348-3030082018-1013\n                  Account Name:            j.doe\n                  Fully Qualified Account Name:    j.doe\n                  Called Station Identifier:        -\n                  Calling Station Identifier:        -\n\n              NAS:\n                  NAS IPv4 Address:        10.20.14.55\n                  NAS IPv6 Address:        10.20.14.55\n                  NAS Identifier:            -\n                  NAS Port-Type:            49771\n                  NAS Port:            49771\n\n              RADIUS Client:\n                  Client Friendly Name:        j.doe\n                  Client IP Address:            10.20.14.55\n\n              Authentication Details:\n                  Connection Request Policy Name:    j.doe\n                  Network Policy Name:        j.doe\n                  Authentication Provider:        -\n                  Authentication Server:        -\n                  Authentication Type:        Type 1\n                  EAP Type:            Type 1\n                  Account Session Identifier:        2\n                  Reason Code:            Unknown\n                  Reason:                Unknown","example":"Network Policy Server discarded the request for a user.\n\n              Contact the Network Policy Server administrator for more information.\n\n              User:\n                  Security ID:            S-1-5-21-3623811015-3361044348-3030082018-1013\n                  Account Name:            j.doe\n                  Account Domain:            CONTOSO\n                  Fully Qualified Account Name:    j.doe\n\n              Client Machine:\n                  Security ID:            S-1-5-21-3623811015-3361044348-3030082018-1013\n                  Account Name:            j.doe\n                  Fully Qualified Account Name:    j.doe\n                  Called Station Identifier:        -\n                  Calling Station Identifier:        -\n\n              NAS:\n                  NAS IPv4 Address:        10.20.14.55\n                  NAS IPv6 Address:        10.20.14.55\n                  NAS Identifier:            -\n                  NAS Port-Type:            49771\n                  NAS Port:            49771\n\n              RADIUS Client:\n                  Client Friendly Name:        j.doe\n                  Client IP Address:            10.20.14.55\n\n              Authentication Details:\n                  Connection Request Policy Name:    j.doe\n                  Network Policy Name:        j.doe\n                  Authentication Provider:        -\n                  Authentication Server:        -\n                  Authentication Type:        Type 1\n                  EAP Type:            Type 1\n                  Account Session Identifier:        2\n                  Reason Code:            Unknown\n                  Reason:                Unknown","realExample":null,"realExampleNote":null,"severity":"Low","useCases":["Brute Force & Password Attacks"],"link":"https://www.ultimatewindowssecurity.com/securitylog/encyclopedia/event.aspx?eventid=6274"},{"id":6275,"log":"Security","category":"Logon/Logoff","subcategory":"Network Policy Server","summary":"Network Policy Server discarded the accounting request for a user.","minOS":"Windows Vista SP1, Windows Server 2008","detail":"Network Policy Server discarded the accounting request for a user.\n\n              Contact the Network Policy Server administrator for more information.\n\n              User:\n                  Security ID:            S-1-5-21-3623811015-3361044348-3030082018-1013\n                  Account Name:            j.doe\n                  Account Domain:            CONTOSO\n                  Fully Qualified Account Name:    j.doe\n\n              Client Machine:\n                  Security ID:            S-1-5-21-3623811015-3361044348-3030082018-1013\n                  Account Name:            j.doe\n                  Fully Qualified Account Name:    j.doe\n                  Called Station Identifier:        -\n                  Calling Station Identifier:        -\n\n              NAS:\n                  NAS IPv4 Address:        10.20.14.55\n                  NAS IPv6 Address:        10.20.14.55\n                  NAS Identifier:            -\n                  NAS Port-Type:            49771\n                  NAS Port:            49771\n\n              RADIUS Client:\n                  Client Friendly Name:        j.doe\n                  Client IP Address:            10.20.14.55\n\n              Authentication Details:\n                  Connection Request Policy Name:    j.doe\n                  Network Policy Name:        j.doe\n                  Authentication Provider:        -\n                  Authentication Server:        -\n                  Authentication Type:        Type 1\n                  EAP Type:            Type 1\n                  Account Session Identifier:        2\n                  Reason Code:            Unknown\n                  Reason:                Unknown","example":"Network Policy Server discarded the accounting request for a user.\n\n              Contact the Network Policy Server administrator for more information.\n\n              User:\n                  Security ID:            S-1-5-21-3623811015-3361044348-3030082018-1013\n                  Account Name:            j.doe\n                  Account Domain:            CONTOSO\n                  Fully Qualified Account Name:    j.doe\n\n              Client Machine:\n                  Security ID:            S-1-5-21-3623811015-3361044348-3030082018-1013\n                  Account Name:            j.doe\n                  Fully Qualified Account Name:    j.doe\n                  Called Station Identifier:        -\n                  Calling Station Identifier:        -\n\n              NAS:\n                  NAS IPv4 Address:        10.20.14.55\n                  NAS IPv6 Address:        10.20.14.55\n                  NAS Identifier:            -\n                  NAS Port-Type:            49771\n                  NAS Port:            49771\n\n              RADIUS Client:\n                  Client Friendly Name:        j.doe\n                  Client IP Address:            10.20.14.55\n\n              Authentication Details:\n                  Connection Request Policy Name:    j.doe\n                  Network Policy Name:        j.doe\n                  Authentication Provider:        -\n                  Authentication Server:        -\n                  Authentication Type:        Type 1\n                  EAP Type:            Type 1\n                  Account Session Identifier:        2\n                  Reason Code:            Unknown\n                  Reason:                Unknown","realExample":null,"realExampleNote":null,"severity":"Low","useCases":[],"link":"https://www.ultimatewindowssecurity.com/securitylog/encyclopedia/event.aspx?eventid=6275"},{"id":6276,"log":"Security","category":"Logon/Logoff","subcategory":"Network Policy Server","summary":"Network Policy Server quarantined a user.","minOS":"Windows Vista SP1, Windows Server 2008","detail":"Network Policy Server quarantined a user.\n\nContact the Network Policy Server administrator for more information.\n\nUser:\n Security ID:   S-1-5-21-3623811015-3361044348-3030082018-1013\n Account Name:   j.doe\n Account Domain:   CONTOSO\n Fully Qualified Account Name: j.doe\n\nClient Machine:\n Security ID:   S-1-5-21-3623811015-3361044348-3030082018-1013\n Account Name:   j.doe\n Fully Qualified Account Name: j.doe\n OS-Version:   1.0\n Called Station Identifier:  -\n Calling Station Identifier:  -\n\nNAS:\n NAS IPv4 Address:  10.20.14.55\n NAS IPv6 Address:  10.20.14.55\n NAS Identifier:   -\n NAS Port-Type:   49771\n NAS Port:   49771\n\nRADIUS Client:\n Client Friendly Name:  j.doe\n Client IP Address:   10.20.14.55\n\nAuthentication Details:\n Proxy Policy Name:  j.doe\n Network Policy Name:  j.doe\n Authentication Provider:  -\n Authentication Server:  -\n Authentication Type:  Type 1\n EAP Type:   Type 1\n Account Session Identifier:  2\n\nQuarantine Information:\n Result:    -\n Extended-Result:   -\n Session Identifier:   -\n Help URL:   -\n System Health Validator Result(s): -","example":"Network Policy Server quarantined a user.\n\nContact the Network Policy Server administrator for more information.\n\nUser:\n Security ID:   S-1-5-21-3623811015-3361044348-3030082018-1013\n Account Name:   j.doe\n Account Domain:   CONTOSO\n Fully Qualified Account Name: j.doe\n\nClient Machine:\n Security ID:   S-1-5-21-3623811015-3361044348-3030082018-1013\n Account Name:   j.doe\n Fully Qualified Account Name: j.doe\n OS-Version:   1.0\n Called Station Identifier:  -\n Calling Station Identifier:  -\n\nNAS:\n NAS IPv4 Address:  10.20.14.55\n NAS IPv6 Address:  10.20.14.55\n NAS Identifier:   -\n NAS Port-Type:   49771\n NAS Port:   49771\n\nRADIUS Client:\n Client Friendly Name:  j.doe\n Client IP Address:   10.20.14.55\n\nAuthentication Details:\n Proxy Policy Name:  j.doe\n Network Policy Name:  j.doe\n Authentication Provider:  -\n Authentication Server:  -\n Authentication Type:  Type 1\n EAP Type:   Type 1\n Account Session Identifier:  2\n\nQuarantine Information:\n Result:    -\n Extended-Result:   -\n Session Identifier:   -\n Help URL:   -\n System Health Validator Result(s): -","realExample":null,"realExampleNote":null,"severity":"Low","useCases":[],"link":"https://www.ultimatewindowssecurity.com/securitylog/encyclopedia/event.aspx?eventid=6276"},{"id":6277,"log":"Security","category":"Logon/Logoff","subcategory":"Network Policy Server","summary":"Network Policy Server granted access to a user but put it on probation because the host did not meet the defined health policy.","minOS":"Windows Vista SP1, Windows Server 2008","detail":"0x8000000000000000\n    message: Network Policy Server granted access to a user but put it on probation because the host did not meet the defined health policy.\n\nContact the Network Policy Server administrator for more information.\n\nUser:\n Security ID:   S-1-5-21-3623811015-3361044348-3030082018-1013\n Account Name:   j.doe\n Account Domain:   CONTOSO\n Fully Qualified Account Name: j.doe\n\nClient Machine:\n Security ID:   S-1-5-21-3623811015-3361044348-3030082018-1013\n Account Name:   j.doe\n Fully Qualified Account Name: j.doe\n OS-Version:   1.0\n Called Station Identifier:  -\n Calling Station Identifier:  -\n\nNAS:\n NAS IPv4 Address:  10.20.14.55\n NAS IPv6 Address:  10.20.14.55\n NAS Identifier:   -\n NAS Port-Type:   49771\n NAS Port:   49771\n\nRADIUS Client:\n Client Friendly Name:  j.doe\n Client IP Address:   10.20.14.55\n\nAuthentication Details:\n Proxy Policy Name:  j.doe\n Network Policy Name:  j.doe\n Authentication Provider:  -\n Authentication Server:  -\n Authentication Type:  Type 1\n EAP Type:   Type 1\n Account Session Identifier:  2\n\nQuarantine Information:\n Result:    -\n Extended-Result:   -\n Session Identifier:   -\n Help URL:   -\n System Health Validator Result(s): -\n Quarantine Grace Time:  2:14:07 AM 6/2/2026","example":"0x8000000000000000\n    message: Network Policy Server granted access to a user but put it on probation because the host did not meet the defined health policy.\n\nContact the Network Policy Server administrator for more information.\n\nUser:\n Security ID:   S-1-5-21-3623811015-3361044348-3030082018-1013\n Account Name:   j.doe\n Account Domain:   CONTOSO\n Fully Qualified Account Name: j.doe\n\nClient Machine:\n Security ID:   S-1-5-21-3623811015-3361044348-3030082018-1013\n Account Name:   j.doe\n Fully Qualified Account Name: j.doe\n OS-Version:   1.0\n Called Station Identifier:  -\n Calling Station Identifier:  -\n\nNAS:\n NAS IPv4 Address:  10.20.14.55\n NAS IPv6 Address:  10.20.14.55\n NAS Identifier:   -\n NAS Port-Type:   49771\n NAS Port:   49771\n\nRADIUS Client:\n Client Friendly Name:  j.doe\n Client IP Address:   10.20.14.55\n\nAuthentication Details:\n Proxy Policy Name:  j.doe\n Network Policy Name:  j.doe\n Authentication Provider:  -\n Authentication Server:  -\n Authentication Type:  Type 1\n EAP Type:   Type 1\n Account Session Identifier:  2\n\nQuarantine Information:\n Result:    -\n Extended-Result:   -\n Session Identifier:   -\n Help URL:   -\n System Health Validator Result(s): -\n Quarantine Grace Time:  2:14:07 AM 6/2/2026","realExample":null,"realExampleNote":null,"severity":"Low","useCases":[],"link":"https://www.ultimatewindowssecurity.com/securitylog/encyclopedia/event.aspx?eventid=6277"},{"id":6278,"log":"Security","category":"Logon/Logoff","subcategory":"Network Policy Server","summary":"Network Policy Server granted full access to a user because the host met the defined health policy.","minOS":"Windows Vista SP1, Windows Server 2008","detail":"Network Policy Server granted full access to a user because the host met the defined health policy.\n\nUser:\n Security ID:   S-1-5-21-3623811015-3361044348-3030082018-1013\n Account Name:   j.doe\n Account Domain:   CONTOSO\n Fully Qualified Account Name: j.doe\n\nClient Machine:\n Security ID:   S-1-5-21-3623811015-3361044348-3030082018-1013\n Account Name:   j.doe\n Fully Qualified Account Name: j.doe\n OS-Version:   1.0\n Called Station Identifier:  -\n Calling Station Identifier:  -\n\nNAS:\n NAS IPv4 Address:  10.20.14.55\n NAS IPv6 Address:  10.20.14.55\n NAS Identifier:   -\n NAS Port-Type:   49771\n NAS Port:   49771\n\nRADIUS Client:\n Client Friendly Name:  j.doe\n Client IP Address:   10.20.14.55\n\nAuthentication Details:\n Proxy Policy Name:  j.doe\n Network Policy Name:  j.doe\n Authentication Provider:  -\n Authentication Server:  -\n Authentication Type:  Type 1\n EAP Type:   Type 1\n Account Session Identifier:  2\n\nQuarantine Information:\n Result:    -\n Extended-Result:   -\n Session Identifier:   -\n Help URL:   -\n System Health Validator Result(s): -","example":"Network Policy Server granted full access to a user because the host met the defined health policy.\n\nUser:\n Security ID:   S-1-5-21-3623811015-3361044348-3030082018-1013\n Account Name:   j.doe\n Account Domain:   CONTOSO\n Fully Qualified Account Name: j.doe\n\nClient Machine:\n Security ID:   S-1-5-21-3623811015-3361044348-3030082018-1013\n Account Name:   j.doe\n Fully Qualified Account Name: j.doe\n OS-Version:   1.0\n Called Station Identifier:  -\n Calling Station Identifier:  -\n\nNAS:\n NAS IPv4 Address:  10.20.14.55\n NAS IPv6 Address:  10.20.14.55\n NAS Identifier:   -\n NAS Port-Type:   49771\n NAS Port:   49771\n\nRADIUS Client:\n Client Friendly Name:  j.doe\n Client IP Address:   10.20.14.55\n\nAuthentication Details:\n Proxy Policy Name:  j.doe\n Network Policy Name:  j.doe\n Authentication Provider:  -\n Authentication Server:  -\n Authentication Type:  Type 1\n EAP Type:   Type 1\n Account Session Identifier:  2\n\nQuarantine Information:\n Result:    -\n Extended-Result:   -\n Session Identifier:   -\n Help URL:   -\n System Health Validator Result(s): -","realExample":null,"realExampleNote":null,"severity":"Low","useCases":[],"link":"https://www.ultimatewindowssecurity.com/securitylog/encyclopedia/event.aspx?eventid=6278"},{"id":6279,"log":"Security","category":"Logon/Logoff","subcategory":"Network Policy Server","summary":"Network Policy Server locked the user account due to repeated failed authentication attempts.","minOS":"Windows Vista SP1, Windows Server 2008","detail":"Network Policy Server locked the user account due to repeated failed authentication attempts.\n\nUser:\n Security ID:   S-1-5-21-3623811015-3361044348-3030082018-1013\n Account Name:   j.doe\n Account Domain:   CONTOSO\n Fully Qualified Account Name: j.doe","example":"Network Policy Server locked the user account due to repeated failed authentication attempts.\n\nUser:\n Security ID:   S-1-5-21-3623811015-3361044348-3030082018-1013\n Account Name:   j.doe\n Account Domain:   CONTOSO\n Fully Qualified Account Name: j.doe","realExample":null,"realExampleNote":null,"severity":"Low","useCases":[],"link":"https://www.ultimatewindowssecurity.com/securitylog/encyclopedia/event.aspx?eventid=6279"},{"id":6280,"log":"Security","category":"Logon/Logoff","subcategory":"Network Policy Server","summary":"Network Policy Server unlocked the user account.","minOS":"Windows Vista SP1, Windows Server 2008","detail":"Network Policy Server unlocked the user account.\n\nUser:\n Security ID:   S-1-5-21-3623811015-3361044348-3030082018-1013\n Account Name:   j.doe\n Account Domain:   CONTOSO\n Fully Qualified Account Name: j.doe","example":"Network Policy Server unlocked the user account.\n\nUser:\n Security ID:   S-1-5-21-3623811015-3361044348-3030082018-1013\n Account Name:   j.doe\n Account Domain:   CONTOSO\n Fully Qualified Account Name: j.doe","realExample":null,"realExampleNote":null,"severity":"Low","useCases":[],"link":"https://www.ultimatewindowssecurity.com/securitylog/encyclopedia/event.aspx?eventid=6280"},{"id":6281,"log":"Security","category":"System","subcategory":"System Integrity","summary":"Code Integrity determined that the page hashes of an image file are not valid. The file could be improperly signed without page hashes or corrupt due to unauthorized modification. The invalid hashes could indicate a potential disk device error","minOS":"Windows 7, Windows Server 2008 R2","detail":"Code Integrity determined that the page hashes of an image file are not valid. The file could be improperly signed without page hashes or corrupt due to unauthorized modification. The invalid hashes could indicate a potential disk device error\n\nFile Name:   j.doe","example":"Code Integrity determined that the page hashes of an image file are not valid. The file could be improperly signed without page hashes or corrupt due to unauthorized modification. The invalid hashes could indicate a potential disk device error\n \nFile Name:   j.doe","realExample":null,"realExampleNote":null,"severity":"Low","useCases":[],"link":"https://www.ultimatewindowssecurity.com/securitylog/encyclopedia/event.aspx?eventid=6281"},{"id":6400,"log":"Security","category":"System","subcategory":"Other System Events","summary":"BranchCache: Received an incorrectly formatted response while discovering availability of content.","minOS":"Windows 7, Windows Server 2008 R2","detail":"BranchCache: Received an incorrectly formatted response while discovering availability of content.\n\nIP address of the client that sent this response:    10.20.14.55","example":"BranchCache: Received an incorrectly formatted response while discovering availability of content. \n\nIP address of the client that sent this response:    10.20.14.55","realExample":null,"realExampleNote":null,"severity":"Low","useCases":[],"link":"https://www.ultimatewindowssecurity.com/securitylog/encyclopedia/event.aspx?eventid=6400"},{"id":6401,"log":"Security","category":"System","subcategory":"Other System Events","summary":"BranchCache: Received invalid data from a peer. Data discarded.","minOS":"Windows 7, Windows Server 2008 R2","detail":"BranchCache: Received invalid data from a peer. Data discarded.\n\nIP address of the client that sent this data:    10.20.14.55","example":"BranchCache: Received invalid data from a peer. Data discarded. \n\nIP address of the client that sent this data:    10.20.14.55","realExample":null,"realExampleNote":null,"severity":"Low","useCases":[],"link":"https://www.ultimatewindowssecurity.com/securitylog/encyclopedia/event.aspx?eventid=6401"},{"id":6402,"log":"Security","category":"System","subcategory":"Other System Events","summary":"BranchCache: The message to the hosted cache offering it data is incorrectly formatted.","minOS":"Windows 7, Windows Server 2008 R2","detail":"BranchCache: The message to the hosted cache offering it data is incorrectly formatted.\n\nIP address of the client that sent this data:    10.20.14.55","example":"BranchCache: The message to the hosted cache offering it data is incorrectly formatted. \n\nIP address of the client that sent this data:    10.20.14.55","realExample":null,"realExampleNote":null,"severity":"Low","useCases":[],"link":"https://www.ultimatewindowssecurity.com/securitylog/encyclopedia/event.aspx?eventid=6402"},{"id":6403,"log":"Security","category":"System","subcategory":"Other System Events","summary":"BranchCache: The hosted cache sent an incorrectly formatted response to the client.","minOS":"Windows 7, Windows Server 2008 R2","detail":"BranchCache: The hosted cache sent an incorrectly formatted response to the client&apos;s message to offer it data.\n\nDomain name of the hosted cache:    j.doe","example":"BranchCache: The hosted cache sent an incorrectly formatted response to the client&apos;s message to offer it data.  \n\nDomain name of the hosted cache:    j.doe","realExample":null,"realExampleNote":null,"severity":"Low","useCases":[],"link":"https://www.ultimatewindowssecurity.com/securitylog/encyclopedia/event.aspx?eventid=6403"},{"id":6404,"log":"Security","category":"System","subcategory":"Other System Events","summary":"BranchCache: Hosted cache could not be authenticated using the provisioned SSL certificate.","minOS":"Windows 7, Windows Server 2008 R2","detail":"BranchCache: Hosted cache could not be authenticated using the provisioned SSL certificate.\n\nDomain name of the hosted cache:    j.doe","example":"BranchCache: Hosted cache could not be authenticated using the provisioned SSL certificate.  \n\nDomain name of the hosted cache:    j.doe","realExample":null,"realExampleNote":null,"severity":"Low","useCases":[],"link":"https://www.ultimatewindowssecurity.com/securitylog/encyclopedia/event.aspx?eventid=6404"},{"id":6405,"log":"Security","category":"System","subcategory":"Other System Events","summary":"BranchCache: %2 instance(s) of event id %1 occurred.","minOS":"Windows 7, Windows Server 2008 R2","detail":"BranchCache: 2 instance(s) of event id 0x1a2c occurred\n\nEvent ID:    0x1a2c\nNumber of instances: 2","example":"BranchCache: 2 instance(s) of event id 0x1a2c occurred \n\nEvent ID:    0x1a2c\nNumber of instances: 2","realExample":null,"realExampleNote":null,"severity":"Low","useCases":[],"link":"https://www.ultimatewindowssecurity.com/securitylog/encyclopedia/event.aspx?eventid=6405"},{"id":6406,"log":"Security","category":"System","subcategory":"Other System Events","summary":"%1 registered to Windows Firewall to control filtering for the following: %2","minOS":"Windows 7, Windows Server 2008 R2","detail":"Logon registered to Windows Firewall to control filtering for the following:     -.\n\nFirewall category: Logon","example":"Logon registered to Windows Firewall to control filtering for the following:     -.\n\nFirewall category: Logon","realExample":null,"realExampleNote":null,"severity":"Low","useCases":[],"link":"https://www.ultimatewindowssecurity.com/securitylog/encyclopedia/event.aspx?eventid=6406"},{"id":6407,"log":"Security","category":"System","subcategory":"Other System Events","summary":"1%","minOS":"Windows 7, Windows Server 2008 R2","detail":"Firewall category unregistered:    Logon","example":"Firewall category unregistered:    Logon","realExample":null,"realExampleNote":null,"severity":"Low","useCases":[],"link":"https://www.ultimatewindowssecurity.com/securitylog/encyclopedia/event.aspx?eventid=6407"},{"id":6408,"log":"Security","category":"System","subcategory":"Other System Events","summary":"Registered product %1 failed and Windows Firewall is now controlling the filtering for %2","minOS":"Windows 7, Windows Server 2008 R2","detail":"Registered product Logon failed and Windows Firewall is now controlling the filtering for -.\n\nFirewall category:    Logon","example":"Registered product Logon failed and Windows Firewall is now controlling the filtering for -.\n\nFirewall category:    Logon","realExample":null,"realExampleNote":null,"severity":"Low","useCases":[],"link":"https://www.ultimatewindowssecurity.com/securitylog/encyclopedia/event.aspx?eventid=6408"},{"id":6409,"log":"Security","category":"System","subcategory":"Other System Events","summary":"BranchCache: A service connection point object could not be parsed.","minOS":"Windows 8.1, Windows Server 2012 R2","detail":"BranchCache: A service connection point object could not be parsed.\n\nSCP object GUID: {6a1f2e3c-9b4d-4a2e-8f11-2c3d4e5f6a7b}","example":"BranchCache: A service connection point object could not be parsed.\n\nSCP object GUID: {6a1f2e3c-9b4d-4a2e-8f11-2c3d4e5f6a7b}","realExample":null,"realExampleNote":null,"severity":"Low","useCases":[],"link":"https://www.ultimatewindowssecurity.com/securitylog/encyclopedia/event.aspx?eventid=6409"},{"id":6410,"log":"Security","category":"System","subcategory":"System Integrity","summary":"Code integrity determined that a file does not meet the security requirements to load into a process.","minOS":"Windows 8.1, Windows Server 2012 R2","detail":"Code integrity determined that a file does not meet the security requirements to load into a process. This could be due to the use of shared sections or other issues.\n\nFile Name: j.doe","example":"Code integrity determined that a file does not meet the security requirements to load into a process. This could be due to the use of shared sections or other issues.\n\nFile Name: j.doe","realExample":null,"realExampleNote":null,"severity":"Low","useCases":[],"link":"https://www.ultimatewindowssecurity.com/securitylog/encyclopedia/event.aspx?eventid=6410"},{"id":6416,"log":"Security","category":"System","subcategory":"Plug and Play Events","summary":"A new external device was recognized by the System","minOS":"Windows 10","detail":"A new external device was recognized by the system.\n\nSubject:\n Security ID:  S-1-5-21-3623811015-3361044348-3030082018-1013\n Account Name:  j.doe\n Account Domain:  CONTOSO\n Logon ID:  0x3E7B21A\n\nDevice ID: 0x1a2c\n\nDevice Name: j.doe\n\nClass ID:  0x1a2c\n\nClass Name: j.doe\n\nVendor IDs: -\n\nCompatible IDs: -\n\nLocation Information: -","example":"A new external device was recognized by the system.\n\nSubject:\n Security ID:  S-1-5-21-3623811015-3361044348-3030082018-1013\n Account Name:  j.doe\n Account Domain:  CONTOSO\n Logon ID:  0x3E7B21A\n\nDevice ID: 0x1a2c\n\nDevice Name: j.doe\n\nClass ID:  0x1a2c\n\nClass Name: j.doe\n\nVendor IDs: -\n\nCompatible IDs: -\n\nLocation Information: -","realExample":null,"realExampleNote":null,"severity":"High","useCases":["Removable Media & Data Exfiltration"],"link":"https://www.ultimatewindowssecurity.com/securitylog/encyclopedia/event.aspx?eventid=6416"},{"id":6417,"log":"Security","category":"System","subcategory":"System Integrity","summary":"The FIPS mode crypto selftests succeeded.","minOS":"Windows 10 [Version 1511]","detail":"The FIPS mode crypto selftests succeeded.\n\nProcess ID:  0x1a2c\n\nProcess Name:  C:\\Windows\\System32\\svchost.exe","example":"The FIPS mode crypto selftests succeeded.\n\nProcess ID:  0x1a2c\n\nProcess Name:  C:\\Windows\\System32\\svchost.exe","realExample":null,"realExampleNote":null,"severity":"Low","useCases":[],"link":"https://www.ultimatewindowssecurity.com/securitylog/encyclopedia/event.aspx?eventid=6417"},{"id":6418,"log":"Security","category":"System","subcategory":"System Integrity","summary":"The FIPS mode crypto selftests failed.","minOS":"Windows 10 [Version 1511]","detail":"The FIPS mode crypto selftests failed.\n\nProcess ID:  0x1a2c\n\nProcess Name:  C:\\Windows\\System32\\svchost.exe\n\nFailed test code:  -","example":"The FIPS mode crypto selftests failed.\n\nProcess ID:  0x1a2c\n\nProcess Name:  C:\\Windows\\System32\\svchost.exe\n\nFailed test code:  -","realExample":null,"realExampleNote":null,"severity":"Low","useCases":[],"link":"https://www.ultimatewindowssecurity.com/securitylog/encyclopedia/event.aspx?eventid=6418"},{"id":6419,"log":"Security","category":"System","subcategory":"Plug and Play Events","summary":"A request was made to disable a device","minOS":"Windows 10 [Version 1511]","detail":"A request was made to disable a device.\n\nSubject:\n Security ID:  S-1-5-21-3623811015-3361044348-3030082018-1013\n Account Name:  j.doe\n Account Domain:  CONTOSO\n Logon ID:  0x3E7B21A\n\nDevice ID: 0x1a2c\n\nDevice Name: j.doe\n\nClass ID:  0x1a2c\n\nClass Name: j.doe\n\nHardware IDs: -\n\nCompatible IDs: -\n\nLocation Information: -","example":"A request was made to disable a device.\n\nSubject:\n Security ID:  S-1-5-21-3623811015-3361044348-3030082018-1013\n Account Name:  j.doe\n Account Domain:  CONTOSO\n Logon ID:  0x3E7B21A\n\nDevice ID: 0x1a2c\n\nDevice Name: j.doe\n\nClass ID:  0x1a2c\n\nClass Name: j.doe\n\nHardware IDs: -\n\nCompatible IDs: -\n\nLocation Information: -","realExample":null,"realExampleNote":null,"severity":"High","useCases":[],"link":"https://www.ultimatewindowssecurity.com/securitylog/encyclopedia/event.aspx?eventid=6419"},{"id":6420,"log":"Security","category":"System","subcategory":"Plug and Play Events","summary":"A device was disabled.","minOS":"Windows 10 [Version 1511]","detail":"A device was disabled.\n\nSubject:\n Security ID:  S-1-5-21-3623811015-3361044348-3030082018-1013\n Account Name:  j.doe\n Account Domain:  CONTOSO\n Logon ID:  0x3E7B21A\n\nDevice ID: 0x1a2c\n\nDevice Name: j.doe\n\nClass ID:  0x1a2c\n\nClass Name: j.doe\n\nHardware IDs: -\n\nCompatible IDs: -\n\nLocation Information: -","example":"A device was disabled.\n\nSubject:\n Security ID:  S-1-5-21-3623811015-3361044348-3030082018-1013\n Account Name:  j.doe\n Account Domain:  CONTOSO\n Logon ID:  0x3E7B21A\n\nDevice ID: 0x1a2c\n\nDevice Name: j.doe\n\nClass ID:  0x1a2c\n\nClass Name: j.doe\n\nHardware IDs: -\n\nCompatible IDs: -\n\nLocation Information: -","realExample":null,"realExampleNote":null,"severity":"High","useCases":[],"link":"https://www.ultimatewindowssecurity.com/securitylog/encyclopedia/event.aspx?eventid=6420"},{"id":6421,"log":"Security","category":"System","subcategory":"Plug and Play Events","summary":"A request was made to enable a device.","minOS":"Windows 10 [Version 1511]","detail":"A request was made to enable a device.\n\nSubject:\n Security ID:  S-1-5-21-3623811015-3361044348-3030082018-1013\n Account Name:  j.doe\n Account Domain:  CONTOSO\n Logon ID:  0x3E7B21A\n\nDevice ID: 0x1a2c\n\nDevice Name: j.doe\n\nClass ID:  0x1a2c\n\nClass Name: j.doe\n\nHardware IDs: -\n\nCompatible IDs: -\n\nLocation Information: -","example":"A request was made to enable a device.\n\nSubject:\n Security ID:  S-1-5-21-3623811015-3361044348-3030082018-1013\n Account Name:  j.doe\n Account Domain:  CONTOSO\n Logon ID:  0x3E7B21A\n\nDevice ID: 0x1a2c\n\nDevice Name: j.doe\n\nClass ID:  0x1a2c\n\nClass Name: j.doe\n\nHardware IDs: -\n\nCompatible IDs: -\n\nLocation Information: -","realExample":null,"realExampleNote":null,"severity":"High","useCases":[],"link":"https://www.ultimatewindowssecurity.com/securitylog/encyclopedia/event.aspx?eventid=6421"},{"id":6422,"log":"Security","category":"System","subcategory":"Plug and Play Events","summary":"A device was enabled.","minOS":"Windows 10 [Version 1511]","detail":"A device was enabled.\n\nSubject:\n Security ID:  S-1-5-21-3623811015-3361044348-3030082018-1013\n Account Name:  j.doe\n Account Domain:  CONTOSO\n Logon ID:  0x3E7B21A\n\nDevice ID: 0x1a2c\n\nDevice Name: j.doe\n\nClass ID:  0x1a2c\n\nClass Name: j.doe\n\nHardware IDs: -\n\nCompatible IDs: -\n\nLocation Information: -","example":"A device was enabled.\n\nSubject:\n Security ID:  S-1-5-21-3623811015-3361044348-3030082018-1013\n Account Name:  j.doe\n Account Domain:  CONTOSO\n Logon ID:  0x3E7B21A\n\nDevice ID: 0x1a2c\n\nDevice Name: j.doe\n\nClass ID:  0x1a2c\n\nClass Name: j.doe\n\nHardware IDs: -\n\nCompatible IDs: -\n\nLocation Information: -","realExample":null,"realExampleNote":null,"severity":"High","useCases":[],"link":"https://www.ultimatewindowssecurity.com/securitylog/encyclopedia/event.aspx?eventid=6422"},{"id":6423,"log":"Security","category":"System","subcategory":"Plug and Play Events","summary":"The installation of this device is forbidden by system policy","minOS":"Windows 10 [Version 1511]","detail":"The installation of this device is forbidden by system policy.\n\nSubject:\n Security ID:  S-1-5-21-3623811015-3361044348-3030082018-1013\n Account Name:  j.doe\n Account Domain:  CONTOSO\n Logon ID:  0x3E7B21A\n\nDevice ID: 0x1a2c\n\nDevice Name: j.doe\n\nClass ID:  0x1a2c\n\nClass Name: j.doe\n\nHardware IDs: -\n\nCompatible IDs: -\n\nLocation Information: -","example":"The installation of this device is forbidden by system policy.\n\nSubject:\n Security ID:  S-1-5-21-3623811015-3361044348-3030082018-1013\n Account Name:  j.doe\n Account Domain:  CONTOSO\n Logon ID:  0x3E7B21A\n\nDevice ID: 0x1a2c\n\nDevice Name: j.doe\n\nClass ID:  0x1a2c\n\nClass Name: j.doe\n\nHardware IDs: -\n\nCompatible IDs: -\n\nLocation Information: -","realExample":null,"realExampleNote":null,"severity":"High","useCases":[],"link":"https://www.ultimatewindowssecurity.com/securitylog/encyclopedia/event.aspx?eventid=6423"},{"id":6424,"log":"Security","category":"System","subcategory":"Plug and Play Events","summary":"The installation of this device was allowed, after having previously been forbidden by policy.","minOS":"Windows 10 [Version 1511]","detail":"The installation of this device was allowed, after having previously been forbidden by policy.\n\nSubject:\n Security ID:  S-1-5-21-3623811015-3361044348-3030082018-1013\n Account Name:  j.doe\n Account Domain:  CONTOSO\n Logon ID:  0x3E7B21A\n\nDevice ID: 0x1a2c\n\nDevice Name: j.doe\n\nClass ID:  0x1a2c\n\nClass Name: j.doe\n\nHardware IDs: -\n\nCompatible IDs: -\n\nLocation Information: -","example":"The installation of this device was allowed, after having previously been forbidden by policy.\n\nSubject:\n Security ID:  S-1-5-21-3623811015-3361044348-3030082018-1013\n Account Name:  j.doe\n Account Domain:  CONTOSO\n Logon ID:  0x3E7B21A\n\nDevice ID: 0x1a2c\n\nDevice Name: j.doe\n\nClass ID:  0x1a2c\n\nClass Name: j.doe\n\nHardware IDs: -\n\nCompatible IDs: -\n\nLocation Information: -","realExample":null,"realExampleNote":null,"severity":"High","useCases":[],"link":"https://www.ultimatewindowssecurity.com/securitylog/encyclopedia/event.aspx?eventid=6424"},{"id":1102,"log":"Security","category":"System","subcategory":"Audit Log Cleared","summary":"The audit log was cleared.","minOS":"Windows Vista, Windows Server 2008","detail":"Generated whenever the Security event log is cleared, naming who did it. Written by the Eventlog service itself rather than the security-auditing subsystem, which is why it sits outside the normal audit-subcategory taxonomy - but it is one of the single highest-value events in the entire Security log: a defender should always be able to explain why this fired, since clearing the log is one of the most direct ways to erase evidence of prior activity.","example":"The audit log was cleared.\n\n