Subject:\n Security ID:  S-1-5-21-3623811015-3361044348-3030082018-1013\n Account Name:  j.doe\n Account Domain:  CONTOSO\n Logon ID:  0x3E7B21A\n\nGroup:\n Security ID:  S-1-5-21-3623811015-3361044348-3030082018-1013\n Group Name:  Domain Admins\n Group Domain:  CONTOSO\n\nAdditional Information:\n Privileges:  SeDebugPrivilege","example":"A security-disabled local group was deleted.\n\nSubject:\n Security ID:  S-1-5-21-3623811015-3361044348-3030082018-1013\n Account Name:  j.doe\n Account Domain:  CONTOSO\n Logon ID:  0x3E7B21A\n\nGroup:\n Security ID:  S-1-5-21-3623811015-3361044348-3030082018-1013\n Group Name:  Domain Admins\n Group Domain:  CONTOSO\n\nAdditional Information:\n Privileges:  SeDebugPrivilege","realExample":null,"realExampleNote":null,"severity":"Medium","useCases":[],"link":"https://www.ultimatewindowssecurity.com/securitylog/encyclopedia/event.aspx?eventid=4748"},{"id":4749,"log":"Security","category":"Account Management","subcategory":"Distribution Group Management","summary":"A security-disabled global group was created.","minOS":"Windows Vista, Windows Server 2008","detail":"A security-disabled global group was created.\n\nSubject:\n Security ID:  S-1-5-21-3623811015-3361044348-3030082018-1013\n Account Name:  j.doe\n Account Domain:  CONTOSO\n Logon ID:  0x3E7B21A\n\nGroup:\n Security ID:  S-1-5-21-3623811015-3361044348-3030082018-1013\n Group Name:  Domain Admins\n Group Domain:  CONTOSO\n\nAttributes:\n SAM Account Name: j.doe\n SID History:  S-1-5-21-3623811015-3361044348-3030082018-1013\n\nAdditional Information:\n Privileges:  SeDebugPrivilege","example":"A security-disabled global group was created.\n\nSubject:\n Security ID:  S-1-5-21-3623811015-3361044348-3030082018-1013\n Account Name:  j.doe\n Account Domain:  CONTOSO\n Logon ID:  0x3E7B21A\n\nGroup:\n Security ID:  S-1-5-21-3623811015-3361044348-3030082018-1013\n Group Name:  Domain Admins\n Group Domain:  CONTOSO\n\nAttributes:\n SAM Account Name: j.doe\n SID History:  S-1-5-21-3623811015-3361044348-3030082018-1013\n\nAdditional Information:\n Privileges:  SeDebugPrivilege","realExample":null,"realExampleNote":null,"severity":"Medium","useCases":[],"link":"https://www.ultimatewindowssecurity.com/securitylog/encyclopedia/event.aspx?eventid=4749"},{"id":4750,"log":"Security","category":"Account Management","subcategory":"Distribution Group Management","summary":"A security-disabled global group was changed.","minOS":"Windows Vista, Windows Server 2008","detail":"A security-disabled global group was changed.\n\nSubject:\n Security ID:  S-1-5-21-3623811015-3361044348-3030082018-1013\n Account Name:  j.doe\n Account Domain:  CONTOSO\n Logon ID:  0x3E7B21A\n\nGroup:\n Security ID:  S-1-5-21-3623811015-3361044348-3030082018-1013\n Group Name:  Domain Admins\n Group Domain:  CONTOSO\n\nChanged Attributes:\n SAM Account Name: j.doe\n SID History:  S-1-5-21-3623811015-3361044348-3030082018-1013\n\nAdditional Information:\n Privileges:  SeDebugPrivilege","example":"A security-disabled global group was changed.\n\nSubject:\n Security ID:  S-1-5-21-3623811015-3361044348-3030082018-1013\n Account Name:  j.doe\n Account Domain:  CONTOSO\n Logon ID:  0x3E7B21A\n\nGroup:\n Security ID:  S-1-5-21-3623811015-3361044348-3030082018-1013\n Group Name:  Domain Admins\n Group Domain:  CONTOSO\n\nChanged Attributes:\n SAM Account Name: j.doe\n SID History:  S-1-5-21-3623811015-3361044348-3030082018-1013\n\nAdditional Information:\n Privileges:  SeDebugPrivilege","realExample":null,"realExampleNote":null,"severity":"Medium","useCases":[],"link":"https://www.ultimatewindowssecurity.com/securitylog/encyclopedia/event.aspx?eventid=4750"},{"id":4751,"log":"Security","category":"Account Management","subcategory":"Distribution Group Management","summary":"A member was added to a security-disabled global group.","minOS":"Windows Vista, Windows Server 2008","detail":"A member was added to a security-disabled global group.\n\n              Subject:\n                  Security ID:        S-1-5-21-3623811015-3361044348-3030082018-1013\n                  Account Name:        j.doe\n                  Account Domain:        CONTOSO\n                  Logon ID:        0x3E7B21A\n\n              Member:\n                  Security ID:        S-1-5-21-3623811015-3361044348-3030082018-1013\n                  Account Name:        j.doe\n\n              Group:\n                  Security ID:        S-1-5-21-3623811015-3361044348-3030082018-1013\n                  Group Name:        Domain Admins\n                  Group Domain:        CONTOSO\n\n              Additional Information:\n                  Privileges:        SeDebugPrivilege\n              Expiration time:        2:14:07 AM 6/2/2026","example":"A member was added to a security-disabled global group.\n\n              Subject:\n                  Security ID:        S-1-5-21-3623811015-3361044348-3030082018-1013\n                  Account Name:        j.doe\n                  Account Domain:        CONTOSO\n                  Logon ID:        0x3E7B21A\n\n              Member:\n                  Security ID:        S-1-5-21-3623811015-3361044348-3030082018-1013\n                  Account Name:        j.doe\n\n              Group:\n                  Security ID:        S-1-5-21-3623811015-3361044348-3030082018-1013\n                  Group Name:        Domain Admins\n                  Group Domain:        CONTOSO\n\n              Additional Information:\n                  Privileges:        SeDebugPrivilege\n              Expiration time:        2:14:07 AM 6/2/2026","realExample":null,"realExampleNote":null,"severity":"Medium","useCases":[],"link":"https://www.ultimatewindowssecurity.com/securitylog/encyclopedia/event.aspx?eventid=4751"},{"id":4752,"log":"Security","category":"Account Management","subcategory":"Distribution Group Management","summary":"A member was removed from a security-disabled global group.","minOS":"Windows Vista, Windows Server 2008","detail":"A member was removed from a security-disabled global group.\n\nSubject:\n Security ID:  S-1-5-21-3623811015-3361044348-3030082018-1013\n Account Name:  j.doe\n Account Domain:  CONTOSO\n Logon ID:  0x3E7B21A\n\nMember:\n Security ID:  S-1-5-21-3623811015-3361044348-3030082018-1013\n Account Name:  j.doe\n\nGroup:\n Security ID:  S-1-5-21-3623811015-3361044348-3030082018-1013\n Group Name:  Domain Admins\n Group Domain:  CONTOSO\n\nAdditional Information:\n Privileges:  SeDebugPrivilege","example":"A member was removed from a security-disabled global group.\n\nSubject:\n Security ID:  S-1-5-21-3623811015-3361044348-3030082018-1013\n Account Name:  j.doe\n Account Domain:  CONTOSO\n Logon ID:  0x3E7B21A\n\nMember:\n Security ID:  S-1-5-21-3623811015-3361044348-3030082018-1013\n Account Name:  j.doe\n\nGroup:\n Security ID:  S-1-5-21-3623811015-3361044348-3030082018-1013\n Group Name:  Domain Admins\n Group Domain:  CONTOSO\n\nAdditional Information:\n Privileges:  SeDebugPrivilege","realExample":null,"realExampleNote":null,"severity":"Medium","useCases":[],"link":"https://www.ultimatewindowssecurity.com/securitylog/encyclopedia/event.aspx?eventid=4752"},{"id":4753,"log":"Security","category":"Account Management","subcategory":"Distribution Group Management","summary":"A security-disabled global group was deleted.","minOS":"Windows Vista, Windows Server 2008","detail":"A security-disabled global group was deleted.\n\nSubject:\n Security ID:  S-1-5-21-3623811015-3361044348-3030082018-1013\n Account Name:  j.doe\n Account Domain:  CONTOSO\n Logon ID:  0x3E7B21A\n\nGroup:\n Security ID:  S-1-5-21-3623811015-3361044348-3030082018-1013\n Group Name:  Domain Admins\n Group Domain:  CONTOSO\n\nAdditional Information:\n Privileges:  SeDebugPrivilege","example":"A security-disabled global group was deleted.\n\nSubject:\n Security ID:  S-1-5-21-3623811015-3361044348-3030082018-1013\n Account Name:  j.doe\n Account Domain:  CONTOSO\n Logon ID:  0x3E7B21A\n\nGroup:\n Security ID:  S-1-5-21-3623811015-3361044348-3030082018-1013\n Group Name:  Domain Admins\n Group Domain:  CONTOSO\n\nAdditional Information:\n Privileges:  SeDebugPrivilege","realExample":null,"realExampleNote":null,"severity":"Medium","useCases":[],"link":"https://www.ultimatewindowssecurity.com/securitylog/encyclopedia/event.aspx?eventid=4753"},{"id":4754,"log":"Security","category":"Account Management","subcategory":"Security Group Management","summary":"A security-enabled universal group was created.","minOS":"Windows Vista, Windows Server 2008","detail":"A security-enabled universal group was created.\n\nSubject:\n Security ID:  S-1-5-21-3623811015-3361044348-3030082018-1013\n Account Name:  j.doe\n Account Domain:  CONTOSO\n Logon ID:  0x3E7B21A\n\nGroup:\n Security ID:  S-1-5-21-3623811015-3361044348-3030082018-1013\n Group Name:  Domain Admins\n Group Domain:  CONTOSO\n\nAttributes:\n SAM Account Name: j.doe\n SID History:  S-1-5-21-3623811015-3361044348-3030082018-1013\n\nAdditional Information:\n Privileges:  SeDebugPrivilege","example":"A security-enabled universal group was created.\n\nSubject:\n Security ID:  S-1-5-21-3623811015-3361044348-3030082018-1013\n Account Name:  j.doe\n Account Domain:  CONTOSO\n Logon ID:  0x3E7B21A\n\nGroup:\n Security ID:  S-1-5-21-3623811015-3361044348-3030082018-1013\n Group Name:  Domain Admins\n Group Domain:  CONTOSO\n\nAttributes:\n SAM Account Name: j.doe\n SID History:  S-1-5-21-3623811015-3361044348-3030082018-1013\n\nAdditional Information:\n Privileges:  SeDebugPrivilege","realExample":null,"realExampleNote":null,"severity":"Medium","useCases":[],"link":"https://www.ultimatewindowssecurity.com/securitylog/encyclopedia/event.aspx?eventid=4754"},{"id":4755,"log":"Security","category":"Account Management","subcategory":"Security Group Management","summary":"A security-enabled universal group was changed.","minOS":"Windows Vista, Windows Server 2008","detail":"A security-enabled universal group was changed.\n\nSubject:\n Security ID:  S-1-5-21-3623811015-3361044348-3030082018-1013\n Account Name:  j.doe\n Account Domain:  CONTOSO\n Logon ID:  0x3E7B21A\n\nGroup:\n Security ID:  S-1-5-21-3623811015-3361044348-3030082018-1013\n Group Name:  Domain Admins\n Group Domain:  CONTOSO\n\nChanged Attributes:\n SAM Account Name: j.doe\n SID History:  S-1-5-21-3623811015-3361044348-3030082018-1013\n\nAdditional Information:\n Privileges:  SeDebugPrivilege","example":"A security-enabled universal group was changed.\n\nSubject:\n Security ID:  S-1-5-21-3623811015-3361044348-3030082018-1013\n Account Name:  j.doe\n Account Domain:  CONTOSO\n Logon ID:  0x3E7B21A\n\nGroup:\n Security ID:  S-1-5-21-3623811015-3361044348-3030082018-1013\n Group Name:  Domain Admins\n Group Domain:  CONTOSO\n\nChanged Attributes:\n SAM Account Name: j.doe\n SID History:  S-1-5-21-3623811015-3361044348-3030082018-1013\n\nAdditional Information:\n Privileges:  SeDebugPrivilege","realExample":null,"realExampleNote":null,"severity":"Medium","useCases":[],"link":"https://www.ultimatewindowssecurity.com/securitylog/encyclopedia/event.aspx?eventid=4755"},{"id":4756,"log":"Security","category":"Account Management","subcategory":"Security Group Management","summary":"A member was added to a security-enabled universal group.","minOS":"Windows Vista, Windows Server 2008","detail":"A member was added to a security-enabled universal group.\n\n              Subject:\n                  Security ID:        S-1-5-21-3623811015-3361044348-3030082018-1013\n                  Account Name:        j.doe\n                  Account Domain:        CONTOSO\n                  Logon ID:        0x3E7B21A\n\n              Member:\n                  Security ID:        S-1-5-21-3623811015-3361044348-3030082018-1013\n                  Account Name:        j.doe\n\n              Group:\n                  Security ID:        S-1-5-21-3623811015-3361044348-3030082018-1013\n                  Account Name:        j.doe\n                  Account Domain:        CONTOSO\n\n              Additional Information:\n                  Privileges:        SeDebugPrivilege\n              Expiration time:        2:14:07 AM 6/2/2026","example":"A member was added to a security-enabled universal group.\n\n              Subject:\n                  Security ID:        S-1-5-21-3623811015-3361044348-3030082018-1013\n                  Account Name:        j.doe\n                  Account Domain:        CONTOSO\n                  Logon ID:        0x3E7B21A\n\n              Member:\n                  Security ID:        S-1-5-21-3623811015-3361044348-3030082018-1013\n                  Account Name:        j.doe\n\n              Group:\n                  Security ID:        S-1-5-21-3623811015-3361044348-3030082018-1013\n                  Account Name:        j.doe\n                  Account Domain:        CONTOSO\n\n              Additional Information:\n                  Privileges:        SeDebugPrivilege\n              Expiration time:        2:14:07 AM 6/2/2026","realExample":null,"realExampleNote":null,"severity":"Critical","useCases":["Privilege Escalation","Account & Group Manipulation"],"link":"https://www.ultimatewindowssecurity.com/securitylog/encyclopedia/event.aspx?eventid=4756"},{"id":4757,"log":"Security","category":"Account Management","subcategory":"Security Group Management","summary":"A member was removed from a security-enabled universal group.","minOS":"Windows Vista, Windows Server 2008","detail":"A member was removed from a security-enabled universal group.\n\nSubject:\n Security ID:  S-1-5-21-3623811015-3361044348-3030082018-1013\n Account Name:  j.doe\n Account Domain:  CONTOSO\n Logon ID:  0x3E7B21A\n\nMember:\n Security ID:  S-1-5-21-3623811015-3361044348-3030082018-1013\n Account Name:  j.doe\n\nGroup:\n Security ID:  S-1-5-21-3623811015-3361044348-3030082018-1013\n Group Name:  Domain Admins\n Group Domain:  CONTOSO\n\nAdditional Information:\n Privileges:  SeDebugPrivilege","example":"A member was removed from a security-enabled universal group.\n\nSubject:\n Security ID:  S-1-5-21-3623811015-3361044348-3030082018-1013\n Account Name:  j.doe\n Account Domain:  CONTOSO\n Logon ID:  0x3E7B21A\n\nMember:\n Security ID:  S-1-5-21-3623811015-3361044348-3030082018-1013\n Account Name:  j.doe\n\nGroup:\n Security ID:  S-1-5-21-3623811015-3361044348-3030082018-1013\n Group Name:  Domain Admins\n Group Domain:  CONTOSO\n\nAdditional Information:\n Privileges:  SeDebugPrivilege","realExample":null,"realExampleNote":null,"severity":"Medium","useCases":["Account & Group Manipulation"],"link":"https://www.ultimatewindowssecurity.com/securitylog/encyclopedia/event.aspx?eventid=4757"},{"id":4758,"log":"Security","category":"Account Management","subcategory":"Security Group Management","summary":"A security-enabled universal group was deleted.","minOS":"Windows Vista, Windows Server 2008","detail":"A security-enabled universal group was deleted.\n\nSubject:\n Security ID:  S-1-5-21-3623811015-3361044348-3030082018-1013\n Account Name:  j.doe\n Account Domain:  CONTOSO\n Logon ID:  0x3E7B21A\n\nGroup:\n Security ID:  S-1-5-21-3623811015-3361044348-3030082018-1013\n Group Name:  Domain Admins\n Group Domain:  CONTOSO\n\nAdditional Information:\n Privileges:  SeDebugPrivilege","example":"A security-enabled universal group was deleted.\n\nSubject:\n Security ID:  S-1-5-21-3623811015-3361044348-3030082018-1013\n Account Name:  j.doe\n Account Domain:  CONTOSO\n Logon ID:  0x3E7B21A\n\nGroup:\n Security ID:  S-1-5-21-3623811015-3361044348-3030082018-1013\n Group Name:  Domain Admins\n Group Domain:  CONTOSO\n\nAdditional Information:\n Privileges:  SeDebugPrivilege","realExample":null,"realExampleNote":null,"severity":"Medium","useCases":[],"link":"https://www.ultimatewindowssecurity.com/securitylog/encyclopedia/event.aspx?eventid=4758"},{"id":4759,"log":"Security","category":"Account Management","subcategory":"Distribution Group Management","summary":"A security-disabled universal group was created.","minOS":"Windows Vista, Windows Server 2008","detail":"A security-disabled universal group was created.\n\nSubject:\n Security ID:  S-1-5-21-3623811015-3361044348-3030082018-1013\n Account Name:  j.doe\n Account Domain:  CONTOSO\n Logon ID:  0x3E7B21A\n\nGroup:\n Security ID:  S-1-5-21-3623811015-3361044348-3030082018-1013\n Group Name:  Domain Admins\n Group Domain:  CONTOSO\n\nAttributes:\n SAM Account Name: j.doe\n SID History:  S-1-5-21-3623811015-3361044348-3030082018-1013\n\nAdditional Information:\n Privileges:  SeDebugPrivilege","example":"A security-disabled universal group was created.\n\nSubject:\n Security ID:  S-1-5-21-3623811015-3361044348-3030082018-1013\n Account Name:  j.doe\n Account Domain:  CONTOSO\n Logon ID:  0x3E7B21A\n\nGroup:\n Security ID:  S-1-5-21-3623811015-3361044348-3030082018-1013\n Group Name:  Domain Admins\n Group Domain:  CONTOSO\n\nAttributes:\n SAM Account Name: j.doe\n SID History:  S-1-5-21-3623811015-3361044348-3030082018-1013\n\nAdditional Information:\n Privileges:  SeDebugPrivilege","realExample":null,"realExampleNote":null,"severity":"Medium","useCases":[],"link":"https://www.ultimatewindowssecurity.com/securitylog/encyclopedia/event.aspx?eventid=4759"},{"id":4760,"log":"Security","category":"Account Management","subcategory":"Distribution Group Management","summary":"A security-disabled universal group was changed.","minOS":"Windows Vista, Windows Server 2008","detail":"A security-disabled universal group was changed.\n\nSubject:\n Security ID:  S-1-5-21-3623811015-3361044348-3030082018-1013\n Account Name:  j.doe\n Account Domain:  CONTOSO\n Logon ID:  0x3E7B21A\n\nGroup:\n Security ID:  S-1-5-21-3623811015-3361044348-3030082018-1013\n Group Name:  Domain Admins\n Group Domain:  CONTOSO\n\nChanged Attributes:\n SAM Account Name: j.doe\n SID History:  S-1-5-21-3623811015-3361044348-3030082018-1013\n\nAdditional Information:\n Privileges:  SeDebugPrivilege","example":"A security-disabled universal group was changed.\n\nSubject:\n Security ID:  S-1-5-21-3623811015-3361044348-3030082018-1013\n Account Name:  j.doe\n Account Domain:  CONTOSO\n Logon ID:  0x3E7B21A\n\nGroup:\n Security ID:  S-1-5-21-3623811015-3361044348-3030082018-1013\n Group Name:  Domain Admins\n Group Domain:  CONTOSO\n\nChanged Attributes:\n SAM Account Name: j.doe\n SID History:  S-1-5-21-3623811015-3361044348-3030082018-1013\n\nAdditional Information:\n Privileges:  SeDebugPrivilege","realExample":null,"realExampleNote":null,"severity":"Medium","useCases":[],"link":"https://www.ultimatewindowssecurity.com/securitylog/encyclopedia/event.aspx?eventid=4760"},{"id":4761,"log":"Security","category":"Account Management","subcategory":"Distribution Group Management","summary":"A member was added to a security-disabled universal group.","minOS":"Windows Vista, Windows Server 2008","detail":"A member was added to a security-disabled universal group.\n\n              Subject:\n                  Security ID:        S-1-5-21-3623811015-3361044348-3030082018-1013\n                  Account Name:        j.doe\n                  Account Domain:        CONTOSO\n                  Logon ID:        0x3E7B21A\n\n              Member:\n                  Security ID:        S-1-5-21-3623811015-3361044348-3030082018-1013\n                  Account Name:        j.doe\n\n              Group:\n                  Security ID:        S-1-5-21-3623811015-3361044348-3030082018-1013\n                  Group Name:        Domain Admins\n                  Group Domain:        CONTOSO\n\n              Additional Information:\n                  Privileges:        SeDebugPrivilege\n              Expiration time:        2:14:07 AM 6/2/2026","example":"A member was added to a security-disabled universal group.\n\n              Subject:\n                  Security ID:        S-1-5-21-3623811015-3361044348-3030082018-1013\n                  Account Name:        j.doe\n                  Account Domain:        CONTOSO\n                  Logon ID:        0x3E7B21A\n\n              Member:\n                  Security ID:        S-1-5-21-3623811015-3361044348-3030082018-1013\n                  Account Name:        j.doe\n\n              Group:\n                  Security ID:        S-1-5-21-3623811015-3361044348-3030082018-1013\n                  Group Name:        Domain Admins\n                  Group Domain:        CONTOSO\n\n              Additional Information:\n                  Privileges:        SeDebugPrivilege\n              Expiration time:        2:14:07 AM 6/2/2026","realExample":null,"realExampleNote":null,"severity":"Medium","useCases":[],"link":"https://www.ultimatewindowssecurity.com/securitylog/encyclopedia/event.aspx?eventid=4761"},{"id":4762,"log":"Security","category":"Account Management","subcategory":"Distribution Group Management","summary":"A member was removed from a security-disabled universal group.","minOS":"Windows Vista, Windows Server 2008","detail":"A member was removed from a security-disabled universal group.\n\nSubject:\n Security ID:  S-1-5-21-3623811015-3361044348-3030082018-1013\n Account Name:  j.doe\n Account Domain:  CONTOSO\n Logon ID:  0x3E7B21A\n\nMember:\n Security ID:  S-1-5-21-3623811015-3361044348-3030082018-1013\n Account Name:  j.doe\n\nGroup:\n Security ID:  S-1-5-21-3623811015-3361044348-3030082018-1013\n Group Name:  Domain Admins\n Group Domain:  CONTOSO\n\nAdditional Information:\n Privileges:  SeDebugPrivilege","example":"A member was removed from a security-disabled universal group.\n\nSubject:\n Security ID:  S-1-5-21-3623811015-3361044348-3030082018-1013\n Account Name:  j.doe\n Account Domain:  CONTOSO\n Logon ID:  0x3E7B21A\n\nMember:\n Security ID:  S-1-5-21-3623811015-3361044348-3030082018-1013\n Account Name:  j.doe\n\nGroup:\n Security ID:  S-1-5-21-3623811015-3361044348-3030082018-1013\n Group Name:  Domain Admins\n Group Domain:  CONTOSO\n\nAdditional Information:\n Privileges:  SeDebugPrivilege","realExample":null,"realExampleNote":null,"severity":"Medium","useCases":[],"link":"https://www.ultimatewindowssecurity.com/securitylog/encyclopedia/event.aspx?eventid=4762"},{"id":4764,"log":"Security","category":"Account Management","subcategory":"Security Group Management","summary":"A group\u2019s type was changed.","minOS":"Windows Vista, Windows Server 2008","detail":"A group\u2019s type was changed.\n\nSubject:\n Security ID:  S-1-5-21-3623811015-3361044348-3030082018-1013\n Account Name:  j.doe\n Account Domain:  CONTOSO\n Logon ID:  0x3E7B21A\n\nChange Type:   Type 1\n\nGroup:\n Security ID:  S-1-5-21-3623811015-3361044348-3030082018-1013\n Group Name:  Domain Admins\n Group Domain:  CONTOSO\n\nAdditional Information:\n Privileges:  SeDebugPrivilege","example":"A group\u2019s type was changed.\n\nSubject:\n Security ID:  S-1-5-21-3623811015-3361044348-3030082018-1013\n Account Name:  j.doe\n Account Domain:  CONTOSO\n Logon ID:  0x3E7B21A\n\nChange Type:   Type 1\n\nGroup:\n Security ID:  S-1-5-21-3623811015-3361044348-3030082018-1013\n Group Name:  Domain Admins\n Group Domain:  CONTOSO\n\nAdditional Information:\n Privileges:  SeDebugPrivilege","realExample":null,"realExampleNote":null,"severity":"Medium","useCases":[],"link":"https://www.ultimatewindowssecurity.com/securitylog/encyclopedia/event.aspx?eventid=4764"},{"id":4765,"log":"Security","category":"Account Management","subcategory":"User Account Management","summary":"SID History was added to an account.","minOS":"Windows Vista, Windows Server 2008","detail":"SID History was added to an account.\n\nSubject:\n Security ID:  S-1-5-21-3623811015-3361044348-3030082018-1013\n Account Name:  j.doe\n Account Domain:  CONTOSO\n Logon ID:  0x3E7B21A\n\nTarget Account:\n Security ID:  S-1-5-21-3623811015-3361044348-3030082018-1013\n Account Name:  j.doe\n Account Domain:  CONTOSO\n\nSource Account:\n Security ID:  S-1-5-21-3623811015-3361044348-3030082018-1013\n Account Name:  j.doe\n\nAdditional Information:\n Privileges:  SeDebugPrivilege\n SID List:   S-1-5-21-3623811015-3361044348-3030082018-1013","example":"SID History was added to an account.\n\nSubject:\n Security ID:  S-1-5-21-3623811015-3361044348-3030082018-1013\n Account Name:  j.doe\n Account Domain:  CONTOSO\n Logon ID:  0x3E7B21A\n\nTarget Account:\n Security ID:  S-1-5-21-3623811015-3361044348-3030082018-1013\n Account Name:  j.doe\n Account Domain:  CONTOSO\n\nSource Account:\n Security ID:  S-1-5-21-3623811015-3361044348-3030082018-1013\n Account Name:  j.doe\n\nAdditional Information:\n Privileges:  SeDebugPrivilege\n SID List:   S-1-5-21-3623811015-3361044348-3030082018-1013","realExample":null,"realExampleNote":null,"severity":"Critical","useCases":[],"link":"https://www.ultimatewindowssecurity.com/securitylog/encyclopedia/event.aspx?eventid=4765"},{"id":4766,"log":"Security","category":"Account Management","subcategory":"User Account Management","summary":"An attempt to add SID History to an account failed.","minOS":"Windows Vista, Windows Server 2008","detail":"An attempt to add SID History to an account failed.\n\nSubject:\n Security ID:\n Account Name:  j.doe\n Account Domain:  CONTOSO\n Logon ID:  0x3E7B21A\n\nTarget Account:\n Security ID:  S-1-5-21-3623811015-3361044348-3030082018-1013\n Account Name:  j.doe\n Account Domain:  CONTOSO\n\nSource Account\n Account Name:  j.doe\n\nAdditional Information:\n Privileges:  SeDebugPrivilege","example":"An attempt to add SID History to an account failed.\n\nSubject:\n Security ID:\n Account Name:  j.doe\n Account Domain:  CONTOSO\n Logon ID:  0x3E7B21A\n\nTarget Account:\n Security ID:  S-1-5-21-3623811015-3361044348-3030082018-1013\n Account Name:  j.doe\n Account Domain:  CONTOSO\n\nSource Account\n Account Name:  j.doe\n\nAdditional Information:\n Privileges:  SeDebugPrivilege","realExample":null,"realExampleNote":null,"severity":"Critical","useCases":[],"link":"https://www.ultimatewindowssecurity.com/securitylog/encyclopedia/event.aspx?eventid=4766"},{"id":4767,"log":"Security","category":"Account Management","subcategory":"User Account Management","summary":"A user account was unlocked.","minOS":"Windows Vista, Windows Server 2008","detail":"A user account was unlocked.\n\nSubject:\n Security ID:  S-1-5-21-3623811015-3361044348-3030082018-1013\n Account Name:  j.doe\n Account Domain:  CONTOSO\n Logon ID:  0x3E7B21A\n\nTarget Account:\n Security ID:  S-1-5-21-3623811015-3361044348-3030082018-1013\n Account Name:  j.doe\n Account Domain:  CONTOSO","example":"A user account was unlocked.\n\nSubject:\n Security ID:  S-1-5-21-3623811015-3361044348-3030082018-1013\n Account Name:  j.doe\n Account Domain:  CONTOSO\n Logon ID:  0x3E7B21A\n\nTarget Account:\n Security ID:  S-1-5-21-3623811015-3361044348-3030082018-1013\n Account Name:  j.doe\n Account Domain:  CONTOSO","realExample":null,"realExampleNote":null,"severity":"High","useCases":[],"link":"https://www.ultimatewindowssecurity.com/securitylog/encyclopedia/event.aspx?eventid=4767"},{"id":4768,"log":"Security","category":"Account Logon","subcategory":"Kerberos Authentication Service","summary":"A Kerberos authentication ticket (TGT) was requested.","minOS":"Windows Vista, Windows Server 2008","detail":"A Kerberos authentication ticket (TGT) was requested.\n\nAccount Information:\n Account Name:  j.doe\n Supplied Realm Name: j.doe\n User ID:   0x1a2c\n\nService Information:\n Service Name:  WindowsHelperSvc\n Service ID:  CONTOSO\\svc-sql$\n\nNetwork Information:\n Client Address:  10.20.14.55\n Client Port:  49771\n\nAdditional Information:\n Ticket Options:  0x40810010\n Result Code:  -\n Ticket Encryption Type: 0x17\n Pre-Authentication Type: 2\n\nCertificate Information:\n Certificate Issuer Name:  j.doe\n Certificate Serial Number: 2\n Certificate Thumbprint:  -\n\nCertificate information is only provided if a certificate was used for pre-authentication.\n\nPre-authentication types, ticket options, encryption types and result codes are defined in RFC 4120.","example":"A Kerberos authentication ticket (TGT) was requested.\n\nAccount Information:\n Account Name:  j.doe\n Supplied Realm Name: j.doe\n User ID:   0x1a2c\n\nService Information:\n Service Name:  WindowsHelperSvc\n Service ID:  CONTOSO\\svc-sql$\n\nNetwork Information:\n Client Address:  10.20.14.55\n Client Port:  49771\n\nAdditional Information:\n Ticket Options:  0x40810010\n Result Code:  -\n Ticket Encryption Type: 0x17\n Pre-Authentication Type: 2\n\nCertificate Information:\n Certificate Issuer Name:  j.doe\n Certificate Serial Number: 2\n Certificate Thumbprint:  -\n\nCertificate information is only provided if a certificate was used for pre-authentication.\n\nPre-authentication types, ticket options, encryption types and result codes are defined in RFC 4120.","realExample":null,"realExampleNote":null,"severity":"High","useCases":["Kerberos Abuse (Kerberoasting / Golden Ticket)"],"link":"https://www.ultimatewindowssecurity.com/securitylog/encyclopedia/event.aspx?eventid=4768"},{"id":4769,"log":"Security","category":"Account Logon","subcategory":"Kerberos Service Ticket Operations","summary":"A Kerberos service ticket was requested.","minOS":"Windows Vista, Windows Server 2008","detail":"A Kerberos service ticket was requested.\n\nAccount Information:\n Account Name:  j.doe\n Account Domain:  CONTOSO\n Logon GUID:  {6a1f2e3c-9b4d-4a2e-8f11-2c3d4e5f6a7b}\n\nService Information:\n Service Name:  WindowsHelperSvc\n Service ID:  CONTOSO\\svc-sql$\n\nNetwork Information:\n Client Address:  10.20.14.55\n Client Port:  49771\n\nAdditional Information:\n Ticket Options:  0x40810010\n Ticket Encryption Type: 0x17\n Failure Code:  -\n Transited Services: -\n\nThis event is generated every time access is requested to a resource such as a computer or a Windows service.  The service name indicates the resource to which access was requested.\n\nThis event can be correlated with Windows logon events by comparing the Logon GUID fields in each event.  The logon event occurs on the machine that was accessed, which is often a different machine than the domain controller which issued the service ticket.\n\nTicket options, encryption types, and failure codes are defined in RFC 4120.","example":"A Kerberos service ticket was requested.\n\nAccount Information:\n Account Name:  j.doe\n Account Domain:  CONTOSO\n Logon GUID:  {6a1f2e3c-9b4d-4a2e-8f11-2c3d4e5f6a7b}\n\nService Information:\n Service Name:  WindowsHelperSvc\n Service ID:  CONTOSO\\svc-sql$\n\nNetwork Information:\n Client Address:  10.20.14.55\n Client Port:  49771\n\nAdditional Information:\n Ticket Options:  0x40810010\n Ticket Encryption Type: 0x17\n Failure Code:  -\n Transited Services: -","realExample":null,"realExampleNote":null,"severity":"High","useCases":["Kerberos Abuse (Kerberoasting / Golden Ticket)"],"link":"https://www.ultimatewindowssecurity.com/securitylog/encyclopedia/event.aspx?eventid=4769"},{"id":4770,"log":"Security","category":"Account Logon","subcategory":"Kerberos Service Ticket Operations","summary":"A Kerberos service ticket was renewed.","minOS":"Windows Vista, Windows Server 2008","detail":"A Kerberos service ticket was renewed.\n\nAccount Information:\n Account Name:  j.doe\n Account Domain:  CONTOSO\n\nService Information:\n Service Name:  WindowsHelperSvc\n Service ID:  CONTOSO\\svc-sql$\n\nNetwork Information:\n Client Address:  10.20.14.55\n Client Port:  49771\n\nAdditional Information:\n Ticket Options:  0x40810010\n Ticket Encryption Type: 0x17\n\nTicket options and encryption types are defined in RFC 4120.","example":"A Kerberos service ticket was renewed.\n\nAccount Information:\n Account Name:  j.doe\n Account Domain:  CONTOSO\n\nService Information:\n Service Name:  WindowsHelperSvc\n Service ID:  CONTOSO\\svc-sql$\n\nNetwork Information:\n Client Address:  10.20.14.55\n Client Port:  49771\n\nAdditional Information:\n Ticket Options:  0x40810010\n Ticket Encryption Type: 0x17\n\nTicket options and encryption types are defined in RFC 4120.","realExample":null,"realExampleNote":null,"severity":"High","useCases":["Kerberos Abuse (Kerberoasting / Golden Ticket)"],"link":"https://www.ultimatewindowssecurity.com/securitylog/encyclopedia/event.aspx?eventid=4770"},{"id":4771,"log":"Security","category":"Account Logon","subcategory":"Kerberos Authentication Service","summary":"Kerberos pre-authentication failed.","minOS":"Windows Vista, Windows Server 2008","detail":"Kerberos pre-authentication failed.\n\nAccount Information:\n Security ID:  S-1-5-21-3623811015-3361044348-3030082018-1013\n Account Name:  j.doe\n\nService Information:\n Service Name:  WindowsHelperSvc\n\nNetwork Information:\n Client Address:  10.20.14.55\n Client Port:  49771\n\nAdditional Information:\n Ticket Options:  0x40810010\n Failure Code:  -\n Pre-Authentication Type: 2\n\nCertificate Information:\n Certificate Issuer Name:  j.doe\n Certificate Serial Number:  2\n Certificate Thumbprint:  -\n\nCertificate information is only provided if a certificate was used for pre-authentication.\n\nPre-authentication types, ticket options and failure codes are defined in RFC 4120.\n\nIf the ticket was malformed or damaged during transit and could not be decrypted, then many fields in this event might not be present.","example":"Kerberos pre-authentication failed.\n\nAccount Information:\n Security ID:  S-1-5-21-3623811015-3361044348-3030082018-1013\n Account Name:  j.doe\n\nService Information:\n Service Name:  WindowsHelperSvc\n\nNetwork Information:\n Client Address:  10.20.14.55\n Client Port:  49771\n\nAdditional Information:\n Ticket Options:  0x40810010\n Failure Code:  -\n Pre-Authentication Type: 2\n\nCertificate Information:\n Certificate Issuer Name:  j.doe\n Certificate Serial Number:  2\n Certificate Thumbprint:  -\n\nCertificate information is only provided if a certificate was used for pre-authentication.\n\nPre-authentication types, ticket options and failure codes are defined in RFC 4120.\n\nIf the ticket was malformed or damaged during transit and could not be decrypted, then many fields in this event might not be present.","realExample":null,"realExampleNote":null,"severity":"High","useCases":["Brute Force & Password Attacks"],"link":"https://www.ultimatewindowssecurity.com/securitylog/encyclopedia/event.aspx?eventid=4771"},{"id":4772,"log":"Security","category":"Account Logon","subcategory":"Kerberos Authentication Service","summary":"A Kerberos authentication ticket request failed.","minOS":"Windows Vista, Windows Server 2008","detail":"A Kerberos authentication ticket request failed.\n\nAccount Information:\n Account Name:  j.doe\n Supplied Realm Name: j.doe\n\nService Information:\n Service Name: WindowsHelperSvc\n\nNetwork Information:\n Client Address: 10.20.14.55\n Client Port: 49771\n\nAdditional Information:\n Ticket Options: 0x40810010\n Failure Code: -\n\nTicket options and failure codes are defined in RFC 4120.","example":"A Kerberos authentication ticket request failed.\n\nAccount Information:\n Account Name:  j.doe\n Supplied Realm Name: j.doe\n\nService Information:\n Service Name: WindowsHelperSvc\n\nNetwork Information:\n Client Address: 10.20.14.55\n Client Port: 49771\n\nAdditional Information:\n Ticket Options: 0x40810010\n Failure Code: -\n\nTicket options and failure codes are defined in RFC 4120.","realExample":null,"realExampleNote":null,"severity":"High","useCases":["Kerberos Abuse (Kerberoasting / Golden Ticket)"],"link":"https://www.ultimatewindowssecurity.com/securitylog/encyclopedia/event.aspx?eventid=4772"},{"id":4773,"log":"Security","category":"Account Logon","subcategory":"Kerberos Authentication Service","summary":"A Kerberos service ticket request failed.","minOS":"Windows Vista, Windows Server 2008","detail":"A Kerberos service ticket request failed.\n\nAccount Information:\n Account Name:  j.doe\n Account Domain:  CONTOSO\n\nService Information:\n Service Name: WindowsHelperSvc\n\nNetwork Information:\n Client Address: 10.20.14.55\n Client Port: 49771\n\nAdditional Information:\n Ticket Options: 0x40810010\n Failure Code: -\n\nTicket options and failure codes are defined in RFC 4120.","example":"A Kerberos service ticket request failed.\n\nAccount Information:\n Account Name:  j.doe\n Account Domain:  CONTOSO\n\nService Information:\n Service Name: WindowsHelperSvc\n\nNetwork Information:\n Client Address: 10.20.14.55\n Client Port: 49771\n\nAdditional Information:\n Ticket Options: 0x40810010\n Failure Code: -\n\nTicket options and failure codes are defined in RFC 4120.","realExample":null,"realExampleNote":null,"severity":"High","useCases":["Kerberos Abuse (Kerberoasting / Golden Ticket)"],"link":"https://www.ultimatewindowssecurity.com/securitylog/encyclopedia/event.aspx?eventid=4773"},{"id":4774,"log":"Security","category":"Account Logon","subcategory":"Credential Validation","summary":"An account was mapped for logon.","minOS":"Windows Vista, Windows Server 2008","detail":"An account was mapped for logon.\n\nAuthentication Package: NTLM\nAccount UPN: 2\nMapped Name: j.doe","example":"An account was mapped for logon.\n\nAuthentication Package: NTLM\nAccount UPN: 2\nMapped Name: j.doe","realExample":null,"realExampleNote":null,"severity":"High","useCases":[],"link":"https://www.ultimatewindowssecurity.com/securitylog/encyclopedia/event.aspx?eventid=4774"},{"id":4775,"log":"Security","category":"Account Logon","subcategory":"Credential Validation","summary":"An account could not be mapped for logon.","minOS":"Windows Vista, Windows Server 2008","detail":"An account could not be mapped for logon.\n\nAuthentication Package:  NTLM\nAccount Name:  j.doe","example":"An account could not be mapped for logon.\n\nAuthentication Package:  NTLM\nAccount Name:  j.doe","realExample":null,"realExampleNote":null,"severity":"High","useCases":[],"link":"https://www.ultimatewindowssecurity.com/securitylog/encyclopedia/event.aspx?eventid=4775"},{"id":4776,"log":"Security","category":"Account Logon","subcategory":"Credential Validation","summary":"The domain controller attempted to validate the credentials for an account.","minOS":"Windows Vista, Windows Server 2008","detail":"The domain controller attempted to validate the credentials for an account.\n\nAuthentication Package: NTLM\nLogon Account: 2\nSource Workstation: -\nError Code: -","example":"The domain controller attempted to validate the credentials for an account.\n\nAuthentication Package: NTLM\nLogon Account: 2\nSource Workstation: -\nError Code: -","realExample":null,"realExampleNote":null,"severity":"High","useCases":["Brute Force & Password Attacks","Lateral Movement"],"link":"https://www.ultimatewindowssecurity.com/securitylog/encyclopedia/event.aspx?eventid=4776"},{"id":4777,"log":"Security","category":"Account Logon","subcategory":"Credential Validation","summary":"The domain controller failed to validate the credentials for an account.","minOS":"Windows Vista, Windows Server 2008","detail":"The domain controller failed to validate the credentials for an account.\n\nAuthentication Package: NTLM\nLogon Account: 2\nSource Workstation: -\nError Code: -","example":"The domain controller failed to validate the credentials for an account.\n\nAuthentication Package: NTLM\nLogon Account: 2\nSource Workstation: -\nError Code: -","realExample":null,"realExampleNote":null,"severity":"High","useCases":[],"link":"https://www.ultimatewindowssecurity.com/securitylog/encyclopedia/event.aspx?eventid=4777"},{"id":4778,"log":"Security","category":"Logon/Logoff","subcategory":"Other Logon/Logoff Events","summary":"A session was reconnected to a Window Station.","minOS":"Windows Vista, Windows Server 2008","detail":"A session was reconnected to a Window Station.\n\nSubject:\n Account Name:  j.doe\n Account Domain:  CONTOSO\n Logon ID:  0x3E7B21A\n\nSession:\n Session Name:  j.doe\n\nAdditional Information:\n Client Name:  j.doe\n Client Address:  10.20.14.55\n\nThis event is generated when a user reconnects to an existing Terminal Services session, or when a user switches to an existing desktop using Fast User Switching.","example":"A session was reconnected to a Window Station.\n\nSubject:\n Account Name:  j.doe\n Account Domain:  CONTOSO\n Logon ID:  0x3E7B21A\n\nSession:\n Session Name:  j.doe\n\nAdditional Information:\n Client Name:  j.doe\n Client Address:  10.20.14.55","realExample":null,"realExampleNote":null,"severity":"High","useCases":["Lateral Movement","Suspicious Logon Patterns"],"link":"https://www.ultimatewindowssecurity.com/securitylog/encyclopedia/event.aspx?eventid=4778"},{"id":4779,"log":"Security","category":"Logon/Logoff","subcategory":"Other Logon/Logoff Events","summary":"A session was disconnected from a Window Station.","minOS":"Windows Vista, Windows Server 2008","detail":"A session was disconnected from a Window Station.\n\nSubject:\n Account Name:  j.doe\n Account Domain:  CONTOSO\n Logon ID:  0x3E7B21A\n\nSession:\n Session Name:  j.doe\n\nAdditional Information:\n Client Name:  j.doe\n Client Address:  10.20.14.55\n\nThis event is generated when a user disconnects from an existing Terminal Services session, or when a user switches away from an existing desktop using Fast User Switching.","example":"A session was disconnected from a Window Station.\n\nSubject:\n Account Name:  j.doe\n Account Domain:  CONTOSO\n Logon ID:  0x3E7B21A\n\nSession:\n Session Name:  j.doe\n\nAdditional Information:\n Client Name:  j.doe\n Client Address:  10.20.14.55","realExample":null,"realExampleNote":null,"severity":"High","useCases":["Lateral Movement","Suspicious Logon Patterns"],"link":"https://www.ultimatewindowssecurity.com/securitylog/encyclopedia/event.aspx?eventid=4779"},{"id":4780,"log":"Security","category":"Account Management","subcategory":"User Account Management","summary":"The ACL was set on accounts which are members of administrators groups.","minOS":"Windows Vista, Windows Server 2008","detail":"The ACL was set on accounts which are members of administrators groups.\n\n\nSubject:\n Security ID:  S-1-5-21-3623811015-3361044348-3030082018-1013\n Account Name:  j.doe\n Account Domain:  CONTOSO\n Logon ID:  0x3E7B21A\n\nTarget Account:\n Security ID:  S-1-5-21-3623811015-3361044348-3030082018-1013\n Account Name:  j.doe\n Account Domain:  CONTOSO\n\nAdditional Information:\n Privileges:  SeDebugPrivilege\n\nEvery hour, the Windows domain controller that holds the primary domain controller (PDC) Flexible Single Master Operation (FSMO) role compares the ACL on all security principal accounts (users, groups, and machine accounts) present for its domain in Active Directory and that are in administrative groups against the ACL on the AdminSDHolder object.  If the ACL on the principal account differs from the ACL on the AdminSDHolder object, then the ACL on the principal account is reset to match the ACL on the AdminSDHolder object and this event is generated.","example":"The ACL was set on accounts which are members of administrators groups.\n\n\nSubject:\n Security ID:  S-1-5-21-3623811015-3361044348-3030082018-1013\n Account Name:  j.doe\n Account Domain:  CONTOSO\n Logon ID:  0x3E7B21A\n\nTarget Account:\n Security ID:  S-1-5-21-3623811015-3361044348-3030082018-1013\n Account Name:  j.doe\n Account Domain:  CONTOSO\n\nAdditional Information:\n Privileges:  SeDebugPrivilege\n\nEvery hour, the Windows domain controller that holds the primary domain controller (PDC) Flexible Single Master Operation (FSMO) role compares the ACL on all security principal accounts (users, groups, and machine accounts) present for its domain in Active Directory and that are in administrative groups against the ACL on the AdminSDHolder object.  If the ACL on the principal account differs from the ACL on the AdminSDHolder object, then the ACL on the principal account is reset to match the ACL on the AdminSDHolder object and this event is generated.","realExample":null,"realExampleNote":null,"severity":"Critical","useCases":[],"link":"https://www.ultimatewindowssecurity.com/securitylog/encyclopedia/event.aspx?eventid=4780"},{"id":4781,"log":"Security","category":"Account Management","subcategory":"User Account Management","summary":"The name of an account was changed:","minOS":"Windows Vista, Windows Server 2008","detail":"The name of an account was changed:\n\nSubject:\n Security ID:  S-1-5-21-3623811015-3361044348-3030082018-1013\n Account Name:  j.doe\n Account Domain:  CONTOSO\n Logon ID:  0x3E7B21A\n\nTarget Account:\n Security ID:  S-1-5-21-3623811015-3361044348-3030082018-1013\n Account Domain:  CONTOSO\n Old Account Name: j.doe\n New Account Name: j.doe\n\nAdditional Information:\n Privileges:  SeDebugPrivilege","example":"The name of an account was changed:\n\nSubject:\n Security ID:  S-1-5-21-3623811015-3361044348-3030082018-1013\n Account Name:  j.doe\n Account Domain:  CONTOSO\n Logon ID:  0x3E7B21A\n\nTarget Account:\n Security ID:  S-1-5-21-3623811015-3361044348-3030082018-1013\n Account Domain:  CONTOSO\n Old Account Name: j.doe\n New Account Name: j.doe\n\nAdditional Information:\n Privileges:  SeDebugPrivilege","realExample":null,"realExampleNote":null,"severity":"High","useCases":[],"link":"https://www.ultimatewindowssecurity.com/securitylog/encyclopedia/event.aspx?eventid=4781"},{"id":4782,"log":"Security","category":"Account Management","subcategory":"Other Account Management Events","summary":"The password hash an account was accessed.","minOS":"Windows Vista, Windows Server 2008","detail":"The password hash an account was accessed.\n\nSubject:\n Security ID:  S-1-5-21-3623811015-3361044348-3030082018-1013\n Account Name:  j.doe\n Account Domain:  CONTOSO\n Logon ID:  0x3E7B21A\n\nTarget Account:\n Account Name:  j.doe\n Account Domain:  CONTOSO","example":"The password hash an account was accessed.\n\nSubject:\n Security ID:  S-1-5-21-3623811015-3361044348-3030082018-1013\n Account Name:  j.doe\n Account Domain:  CONTOSO\n Logon ID:  0x3E7B21A\n\nTarget Account:\n Account Name:  j.doe\n Account Domain:  CONTOSO","realExample":null,"realExampleNote":null,"severity":"High","useCases":[],"link":"https://www.ultimatewindowssecurity.com/securitylog/encyclopedia/event.aspx?eventid=4782"},{"id":4783,"log":"Security","category":"Account Management","subcategory":"Application Group Management","summary":"A basic application group was created.","minOS":"Windows Vista, Windows Server 2008","detail":"A basic application group was created.\n\nSubject:\n Security ID:  S-1-5-21-3623811015-3361044348-3030082018-1013\n Account Name:  j.doe\n Account Domain:  CONTOSO\n Logon ID:  0x3E7B21A\n\nGroup:\n Security ID:  S-1-5-21-3623811015-3361044348-3030082018-1013\n Account Name:  j.doe\n Account Domain:  CONTOSO\n\nAttributes:\n SAM Account Name: j.doe\n SID History:  S-1-5-21-3623811015-3361044348-3030082018-1013\n\nAdditional Information:\n Privileges:  SeDebugPrivilege","example":"A basic application group was created.\n\nSubject:\n Security ID:  S-1-5-21-3623811015-3361044348-3030082018-1013\n Account Name:  j.doe\n Account Domain:  CONTOSO\n Logon ID:  0x3E7B21A\n\nGroup:\n Security ID:  S-1-5-21-3623811015-3361044348-3030082018-1013\n Account Name:  j.doe\n Account Domain:  CONTOSO\n\nAttributes:\n SAM Account Name: j.doe\n SID History:  S-1-5-21-3623811015-3361044348-3030082018-1013\n\nAdditional Information:\n Privileges:  SeDebugPrivilege","realExample":null,"realExampleNote":null,"severity":"Medium","useCases":[],"link":"https://www.ultimatewindowssecurity.com/securitylog/encyclopedia/event.aspx?eventid=4783"},{"id":4784,"log":"Security","category":"Account Management","subcategory":"Application Group Management","summary":"A basic application group was changed.","minOS":"Windows Vista, Windows Server 2008","detail":"A basic application group was changed.\n\nSubject:\n Security ID:  S-1-5-21-3623811015-3361044348-3030082018-1013\n Account Name:  j.doe\n Account Domain:  CONTOSO\n Logon ID:  0x3E7B21A\n\nGroup:\n Security ID:  S-1-5-21-3623811015-3361044348-3030082018-1013\n Account Name:  j.doe\n Account Domain:  CONTOSO\n\nAttributes:\n SAM Account Name: j.doe\n SID History:  S-1-5-21-3623811015-3361044348-3030082018-1013\n\nAdditional Information:\n Privileges:  SeDebugPrivilege","example":"A basic application group was changed.\n\nSubject:\n Security ID:  S-1-5-21-3623811015-3361044348-3030082018-1013\n Account Name:  j.doe\n Account Domain:  CONTOSO\n Logon ID:  0x3E7B21A\n\nGroup:\n Security ID:  S-1-5-21-3623811015-3361044348-3030082018-1013\n Account Name:  j.doe\n Account Domain:  CONTOSO\n\nAttributes:\n SAM Account Name: j.doe\n SID History:  S-1-5-21-3623811015-3361044348-3030082018-1013\n\nAdditional Information:\n Privileges:  SeDebugPrivilege","realExample":null,"realExampleNote":null,"severity":"Medium","useCases":[],"link":"https://www.ultimatewindowssecurity.com/securitylog/encyclopedia/event.aspx?eventid=4784"},{"id":4785,"log":"Security","category":"Account Management","subcategory":"Application Group Management","summary":"A member was added to a basic application group.","minOS":"Windows Vista, Windows Server 2008","detail":"A member was added to a basic application group.\n\n              Subject:\n                  Security ID:        S-1-5-21-3623811015-3361044348-3030082018-1013\n                  Account Name:        j.doe\n                  Account Domain:        CONTOSO\n                  Logon ID:        0x3E7B21A\n\n              Member:\n                  Security ID:        S-1-5-21-3623811015-3361044348-3030082018-1013\n                  Account Name:        j.doe\n\n              Group:\n                  Security ID:        S-1-5-21-3623811015-3361044348-3030082018-1013\n                  Group Name:        Domain Admins\n                  Group Domain:        CONTOSO\n\n              Additional Information:\n                  Privileges:        SeDebugPrivilege\n              Expiration time:        2:14:07 AM 6/2/2026","example":"A member was added to a basic application group.\n\n              